01.03.2025, 00:10:19 - Source: /montajniki/update_deal_handler/
Message: Deal 4011 successfully updated in db

01.03.2025, 00:10:19 - Source: DB Service updateDealById
Message: Deal with id 4011 updated successfully.

01.03.2025, 00:10:20 - Source: /montajniki/update_deal_handler/
Message: Product rows for deal 4011 successfully updated in db

01.03.2025, 00:24:42 - Source: /montajniki/update_deal_handler/
Message: Deal 4011 successfully updated in db

01.03.2025, 00:24:42 - Source: DB Service updateDealById
Message: Deal with id 4011 updated successfully.

01.03.2025, 00:24:43 - Source: /montajniki/update_deal_handler/
Message: Product rows for deal 4011 successfully updated in db

01.03.2025, 00:36:17 - Source: /montajniki/update_deal_handler/
Message: Deal 4011 successfully updated in db

01.03.2025, 00:36:17 - Source: DB Service updateDealById
Message: Deal with id 4011 updated successfully.

01.03.2025, 00:36:17 - Source: /montajniki/add_comment/
Message: Deal 4011 successfully updated (added comment) in bx

01.03.2025, 00:36:17 - Source: /montajniki/update_deal_handler/
Message: Deal 4011 successfully updated in db

01.03.2025, 00:36:17 - Source: DB Service updateDealById
Message: Deal with id 4011 updated successfully.

01.03.2025, 00:36:18 - Source: /montajniki/add_comment/
Message: Deal 4011 successfully updated (added picture to task comment) in bx

01.03.2025, 00:36:18 - Source: /montajniki/update_deal_handler/
Message: Product rows for deal 4011 successfully updated in db

01.03.2025, 00:36:19 - Source: /montajniki/update_deal_handler/
Message: Deal 4011 successfully updated in db

01.03.2025, 00:36:19 - Source: DB Service updateDealById
Message: Deal with id 4011 updated successfully.

01.03.2025, 00:36:19 - Source: /montajniki/update_deal_handler/
Message: Product rows for deal 4011 successfully updated in db

01.03.2025, 00:36:20 - Source: /montajniki/update_deal_handler/
Message: Product rows for deal 4011 successfully updated in db

01.03.2025, 00:38:51 - Source: /montajniki/update_deal_handler/
Message: Deal 4011 successfully updated in db

01.03.2025, 00:38:51 - Source: DB Service updateDealById
Message: Deal with id 4011 updated successfully.

01.03.2025, 00:38:51 - Source: /montajniki/add_comment/
Message: Deal 4011 successfully updated (added comment) in bx

01.03.2025, 00:38:51 - Source: /montajniki/update_deal_handler/
Message: Deal 4011 successfully updated in db

01.03.2025, 00:38:51 - Source: DB Service updateDealById
Message: Deal with id 4011 updated successfully.

01.03.2025, 00:38:51 - Source: /montajniki/add_comment/
Message: Deal 4011 successfully updated (added picture to task comment) in bx

01.03.2025, 00:38:52 - Source: /montajniki/update_deal_handler/
Message: Product rows for deal 4011 successfully updated in db

01.03.2025, 00:38:53 - Source: /montajniki/update_deal_handler/
Message: Product rows for deal 4011 successfully updated in db

01.03.2025, 00:39:16 - Source: /montajniki/update_deal_handler/
Message: Deal 4011 successfully updated in db

01.03.2025, 00:39:16 - Source: DB Service updateDealById
Message: Deal with id 4011 updated successfully.

01.03.2025, 00:39:16 - Source: /montajniki/add_comment/
Message: Deal 4011 successfully updated (added comment) in bx

01.03.2025, 00:39:16 - Source: /montajniki/update_deal_handler/
Message: Deal 4011 successfully updated in db

01.03.2025, 00:39:16 - Source: DB Service updateDealById
Message: Deal with id 4011 updated successfully.

01.03.2025, 00:39:17 - Source: /montajniki/add_comment/
Message: Deal 4011 successfully updated (added picture to task comment) in bx

01.03.2025, 00:39:17 - Source: /montajniki/update_deal_handler/
Message: Product rows for deal 4011 successfully updated in db

01.03.2025, 00:39:18 - Source: /montajniki/update_deal_handler/
Message: Product rows for deal 4011 successfully updated in db

01.03.2025, 02:34:18 - Source: /montajniki/add_comment/
Message: Deal 4011 successfully updated (added comment) in bx

01.03.2025, 02:34:18 - Source: /montajniki/add_comment/
Message: Deal 4011 successfully updated (added picture to task comment) in bx

01.03.2025, 02:35:46 - Source: /montajniki/add_comment/
Message: Deal 4011 successfully updated (added comment) in bx

01.03.2025, 02:35:47 - Source: /montajniki/add_comment/
Message: Deal 4011 successfully updated (added picture to task comment) in bx

01.03.2025, 02:36:01 - Source: /montajniki/add_comment/
Message: Deal 4011 successfully updated (added comment) in bx

01.03.2025, 02:36:01 - Source: /montajniki/add_comment/
Message: Deal 4011 successfully updated (added picture to task comment) in bx

01.03.2025, 02:38:37 - Source: /montajniki/add_comment/
Message: Deal 4011 successfully updated (added comment) in bx

01.03.2025, 02:38:38 - Source: /montajniki/add_comment/
Message: Deal 4011 successfully updated (added picture to task comment) in bx

01.03.2025, 02:44:32 - Source: /montajniki/add_comment/
Message: Deal 4011 successfully updated (added comment) in bx

01.03.2025, 02:44:33 - Source: /montajniki/add_comment/
Message: Deal 4011 successfully updated (added picture to task comment) in bx

01.03.2025, 16:30:00 - Source: /montajniki/delete_deal_handler
Message: Deal 4023 successfully deleted

01.03.2025, 16:30:00 - Source: DB Service deleteDealById
Message: Deal with id 4023 deleted.

01.03.2025, 16:30:00 - Source: DB Service deleteDealsProductsRowByDealId
Message: deals_products with id 4023 deleted.

01.03.2025, 16:31:08 - Source: /montajniki/update_deal_handler/
Message: Deal 4025 successfully updated in db

01.03.2025, 16:31:08 - Source: DB Service updateDealById
Message: Deal with id 4025 updated successfully.

01.03.2025, 16:31:08 - Source: /montajniki/add_deal_handler
Message: Deal 4025 successfully added to db

01.03.2025, 16:31:08 - Source: /montajniki/add_deal_handler/
Message: Product rows for deal 4025 successfully added to db

01.03.2025, 16:36:48 - Source: /montajniki/delete_deal_handler
Message: Deal 4025 successfully deleted

01.03.2025, 16:36:48 - Source: DB Service deleteDealById
Message: Deal with id 4025 deleted.

01.03.2025, 16:36:48 - Source: DB Service deleteDealsProductsRowByDealId
Message: deals_products with id 4025 deleted.

01.03.2025, 16:37:44 - Source: /montajniki/update_deal_handler/
Message: Deal 4027 successfully updated in db

01.03.2025, 16:37:44 - Source: DB Service updateDealById
Message: Deal with id 4027 updated successfully.

01.03.2025, 16:37:44 - Source: /montajniki/add_deal_handler
Message: Deal 4027 successfully added to db

01.03.2025, 16:37:44 - Source: /montajniki/add_deal_handler/
Message: Product rows for deal 4027 successfully added to db

01.03.2025, 16:39:28 - Source: /montajniki/update_deal/
Message: Deal 4027 successfully updated in db

01.03.2025, 16:39:28 - Source: DB Service updateDealById
Message: Deal with id 4027 updated successfully.

01.03.2025, 16:39:28 - Source: /montajniki/update_deal/
Message: Deal 4027 successfully updated in bx

01.03.2025, 16:39:29 - Source: /montajniki/update_deal/
Message: Deal 4027 product rows successfully updated in bx

01.03.2025, 16:39:29 - Source: /montajniki/update_deal/
Message: Deal 4027 products successfully updated in db

01.03.2025, 16:39:29 - Source: /montajniki/update_deal_handler/
Message: Deal 4027 successfully updated in db

01.03.2025, 16:39:29 - Source: DB Service updateDealById
Message: Deal with id 4027 updated successfully.

01.03.2025, 16:39:29 - Source: /montajniki/update_deal_handler/
Message: Deal 4027 successfully updated in db

01.03.2025, 16:39:29 - Source: DB Service updateDealById
Message: Deal with id 4027 updated successfully.

01.03.2025, 16:39:29 - Source: /montajniki/update_deal_handler/
Message: Product rows for deal 4027 successfully updated in db

01.03.2025, 16:39:29 - Source: /montajniki/update_deal_handler/
Message: Product rows for deal 4027 successfully updated in db

01.03.2025, 16:40:10 - Source: /montajniki/set_fact_amount_of_products_in_deal/
Message: Deal 4027 service price updated successfully in db

01.03.2025, 16:40:10 - Source: DB Service updateDealById
Message: Deal with id 4027 updated successfully.

01.03.2025, 16:40:10 - Source: DB service updateDealProductQuantities
Message: Updated where deal_id = 4027 product_id = 5251

01.03.2025, 16:40:11 - Source: /montajniki/update_deal/
Message: Deal 4027 service price updated successfully in bx

01.03.2025, 16:40:11 - Source: /montajniki/update_deal/
Message: Deal 4027 product rows successfully updated in bx

01.03.2025, 16:40:11 - Source: /montajniki/set_fact_amount_of_products_in_deal/
Message: Fact amounts successfully updated for deal 4027

01.03.2025, 16:40:11 - Source: /montajniki/update_deal_handler/
Message: Deal 4027 successfully updated in db

01.03.2025, 16:40:11 - Source: DB Service updateDealById
Message: Deal with id 4027 updated successfully.

01.03.2025, 16:40:11 - Source: /montajniki/update_deal_handler/
Message: Deal 4027 successfully updated in db

01.03.2025, 16:40:11 - Source: DB Service updateDealById
Message: Deal with id 4027 updated successfully.

01.03.2025, 16:40:11 - Source: /montajniki/update_deal_handler/
Message: Product rows for deal 4027 successfully updated in db

01.03.2025, 16:40:12 - Source: /montajniki/update_deal_handler/
Message: Product rows for deal 4027 successfully updated in db

01.03.2025, 16:40:16 - Source: /montajniki/complete_task/
Message: Deal 4027 successfully updated (added picture to task comment) in bx

01.03.2025, 16:40:17 - Source: /montajniki/update_deal_handler/
Message: Deal 4027 successfully updated in db

01.03.2025, 16:40:17 - Source: DB Service updateDealById
Message: Deal with id 4027 updated successfully.

01.03.2025, 16:40:17 - Source: /montajniki/update_deal_handler/
Message: Product rows for deal 4027 successfully updated in db

01.03.2025, 16:40:27 - Source: /montajniki/update_deal_handler/
Message: Deal 4027 successfully updated in db

01.03.2025, 16:40:27 - Source: DB Service updateDealById
Message: Deal with id 4027 updated successfully.

01.03.2025, 16:40:28 - Source: /montajniki/update_deal_handler/
Message: Product rows for deal 4027 successfully updated in db

01.03.2025, 16:40:58 - Source: /montajniki/update_deal_handler/
Message: Deal 4027 successfully updated in db

01.03.2025, 16:40:58 - Source: DB Service updateDealById
Message: Deal with id 4027 updated successfully.

01.03.2025, 16:40:59 - Source: /montajniki/update_deal_handler/
Message: Product rows for deal 4027 successfully updated in db

01.03.2025, 16:45:18 - Source: /montajniki/delete_deal_handler
Message: Deal 4027 successfully deleted

01.03.2025, 16:45:18 - Source: DB Service deleteDealById
Message: Deal with id 4027 deleted.

01.03.2025, 16:45:18 - Source: DB Service deleteDealsProductsRowByDealId
Message: deals_products with id 4027 deleted.

01.03.2025, 16:47:44 - Source: /montajniki/update_deal_handler/
Message: Deal 4029 successfully updated in db

01.03.2025, 16:47:44 - Source: DB Service updateDealById
Message: Deal with id 4029 updated successfully.

01.03.2025, 16:47:44 - Source: /montajniki/add_deal_handler
Message: Deal 4029 successfully added to db

01.03.2025, 16:47:46 - Source: /montajniki/add_deal_handler/
Message: Product rows for deal 4029 successfully added to db

01.03.2025, 16:50:49 - Source: /montajniki/delete_deal_handler
Message: Deal 4029 successfully deleted

01.03.2025, 16:50:49 - Source: DB Service deleteDealsProductsRowByDealId
Message: deals_products with id 4029 deleted.

01.03.2025, 16:50:49 - Source: DB Service deleteDealById
Message: Deal with id 4029 deleted.

01.03.2025, 16:51:26 - Source: /montajniki/update_deal_handler/
Message: Deal 3885 successfully updated in db

01.03.2025, 16:51:26 - Source: DB Service updateDealById
Message: Deal with id 3885 updated successfully.

01.03.2025, 16:51:27 - Source: /montajniki/update_deal_handler/
Message: Product rows for deal 3885 successfully updated in db

01.03.2025, 16:52:06 - Source: /montajniki/update_deal_handler/
Message: Deal 3993 successfully updated in db

01.03.2025, 16:52:06 - Source: DB Service updateDealById
Message: Deal with id 3993 updated successfully.

01.03.2025, 16:52:07 - Source: /montajniki/update_deal_handler/
Message: Product rows for deal 3993 successfully updated in db

01.03.2025, 16:52:59 - Source: /montajniki/update_deal_handler/
Message: Deal 4031 successfully updated in db

01.03.2025, 16:52:59 - Source: /montajniki/add_deal_handler
Message: Deal 4031 successfully added to db

01.03.2025, 16:52:59 - Source: DB Service updateDealById
Message: Deal with id 4031 updated successfully.

01.03.2025, 16:52:59 - Source: /montajniki/add_deal_handler/
Message: Product rows for deal 4031 successfully added to db

01.03.2025, 16:52:59 - Source: /montajniki/update_deal_handler/
Message: Product rows for deal 4031 successfully updated in db

01.03.2025, 16:54:47 - Source: /montajniki/update_deal/
Message: Deal 4031 successfully updated in db

01.03.2025, 16:54:47 - Source: DB Service updateDealById
Message: Deal with id 4031 updated successfully.

01.03.2025, 16:54:48 - Source: /montajniki/update_deal/
Message: Deal 4031 successfully updated in bx

01.03.2025, 16:54:48 - Source: /montajniki/update_deal/
Message: Deal 4031 product rows successfully updated in bx

01.03.2025, 16:54:48 - Source: /montajniki/update_deal/
Message: Deal 4031 products successfully updated in db

01.03.2025, 16:54:48 - Source: /montajniki/update_deal_handler/
Message: Deal 4031 successfully updated in db

01.03.2025, 16:54:48 - Source: DB Service updateDealById
Message: Deal with id 4031 updated successfully.

01.03.2025, 16:54:48 - Source: /montajniki/update_deal_handler/
Message: Deal 4031 successfully updated in db

01.03.2025, 16:54:48 - Source: DB Service updateDealById
Message: Deal with id 4031 updated successfully.

01.03.2025, 16:54:48 - Source: /montajniki/update_deal_handler/
Message: Product rows for deal 4031 successfully updated in db

01.03.2025, 16:54:49 - Source: /montajniki/update_deal_handler/
Message: Product rows for deal 4031 successfully updated in db

01.03.2025, 16:55:58 - Source: /montajniki/update_deal_handler/
Message: Deal 4031 successfully updated in db

01.03.2025, 16:55:58 - Source: DB Service updateDealById
Message: Deal with id 4031 updated successfully.

01.03.2025, 16:55:58 - Source: /montajniki/update_deal_handler/
Message: Product rows for deal 4031 successfully updated in db

01.03.2025, 16:56:36 - Source: /montajniki/set_fact_amount_of_products_in_deal/
Message: Deal 4031 service price updated successfully in db

01.03.2025, 16:56:36 - Source: DB Service updateDealById
Message: Deal with id 4031 updated successfully.

01.03.2025, 16:56:36 - Source: DB service updateDealProductQuantities
Message: Updated where deal_id = 4031 product_id = 5143

01.03.2025, 16:56:36 - Source: DB service updateDealProductQuantities
Message: Updated where deal_id = 4031 product_id = 261

01.03.2025, 16:56:36 - Source: /montajniki/update_deal/
Message: Deal 4031 service price updated successfully in bx

01.03.2025, 16:56:37 - Source: /montajniki/update_deal/
Message: Deal 4031 product rows successfully updated in bx

01.03.2025, 16:56:37 - Source: /montajniki/set_fact_amount_of_products_in_deal/
Message: Fact amounts successfully updated for deal 4031

01.03.2025, 16:56:37 - Source: /montajniki/update_deal_handler/
Message: Deal 4031 successfully updated in db

01.03.2025, 16:56:37 - Source: DB Service updateDealById
Message: Deal with id 4031 updated successfully.

01.03.2025, 16:56:37 - Source: /montajniki/update_deal_handler/
Message: Deal 4031 successfully updated in db

01.03.2025, 16:56:37 - Source: DB Service updateDealById
Message: Deal with id 4031 updated successfully.

01.03.2025, 16:56:37 - Source: /montajniki/update_deal_handler/
Message: Product rows for deal 4031 successfully updated in db

01.03.2025, 16:56:37 - Source: /montajniki/update_deal_handler/
Message: Product rows for deal 4031 successfully updated in db

01.03.2025, 16:56:43 - Source: /montajniki/complete_task/
Message: Deal 4031 successfully updated (added picture to task comment) in bx

01.03.2025, 16:56:43 - Source: /montajniki/update_deal_handler/
Message: Deal 4031 successfully updated in db

01.03.2025, 16:56:43 - Source: DB Service updateDealById
Message: Deal with id 4031 updated successfully.

01.03.2025, 16:56:44 - Source: /montajniki/update_deal_handler/
Message: Product rows for deal 4031 successfully updated in db

01.03.2025, 16:56:54 - Source: /montajniki/update_deal_handler/
Message: Deal 4031 successfully updated in db

01.03.2025, 16:56:54 - Source: DB Service updateDealById
Message: Deal with id 4031 updated successfully.

01.03.2025, 16:56:55 - Source: /montajniki/update_deal_handler/
Message: Product rows for deal 4031 successfully updated in db

01.03.2025, 16:57:22 - Source: /montajniki/update_deal_handler/
Message: Deal 4031 successfully updated in db

01.03.2025, 16:57:22 - Source: DB Service updateDealById
Message: Deal with id 4031 updated successfully.

01.03.2025, 16:57:22 - Source: /montajniki/update_deal_handler/
Message: Product rows for deal 4031 successfully updated in db

01.03.2025, 16:59:50 - Source: /montajniki/change_deal_status_to_failed/
Message: Deal 4031 successfully updated in db

01.03.2025, 16:59:50 - Source: DB Service updateDealById
Message: Deal with id 4031 updated successfully.

01.03.2025, 16:59:50 - Source: /montajniki/update_deal_handler/
Message: Deal 4031 successfully updated in db

01.03.2025, 16:59:50 - Source: DB Service updateDealById
Message: Deal with id 4031 updated successfully.

01.03.2025, 16:59:51 - Source: /montajniki/update_deal_handler/
Message: Product rows for deal 4031 successfully updated in db

01.03.2025, 17:01:52 - Source: /montajniki/delete_deal_handler
Message: Deal 4031 successfully deleted

01.03.2025, 17:01:52 - Source: DB Service deleteDealsProductsRowByDealId
Message: deals_products with id 4031 deleted.

01.03.2025, 17:01:52 - Source: DB Service deleteDealById
Message: Deal with id 4031 deleted.

01.03.2025, 17:16:36 - Source: /montajniki/update_deal_handler/
Message: Deal 4033 successfully updated in db

01.03.2025, 17:16:36 - Source: DB Service updateDealById
Message: Deal with id 4033 updated successfully.

01.03.2025, 17:16:36 - Source: /montajniki/add_deal_handler
Message: Deal 4033 successfully added to db

01.03.2025, 17:16:37 - Source: /montajniki/add_deal_handler/
Message: Product rows for deal 4033 successfully added to db

01.03.2025, 17:16:37 - Source: /montajniki/update_deal_handler/
Message: Product rows for deal 4033 successfully updated in db

01.03.2025, 17:18:53 - Source: /montajniki/update_deal/
Message: Deal 4033 successfully updated in db

01.03.2025, 17:18:53 - Source: DB Service updateDealById
Message: Deal with id 4033 updated successfully.

01.03.2025, 17:18:54 - Source: /montajniki/update_deal/
Message: Deal 4033 successfully updated in bx

01.03.2025, 17:18:54 - Source: /montajniki/update_deal/
Message: Deal 4033 product rows successfully updated in bx

01.03.2025, 17:18:54 - Source: /montajniki/update_deal/
Message: Deal 4033 products successfully updated in db

01.03.2025, 17:18:54 - Source: /montajniki/update_deal_handler/
Message: Deal 4033 successfully updated in db

01.03.2025, 17:18:54 - Source: DB Service updateDealById
Message: Deal with id 4033 updated successfully.

01.03.2025, 17:18:54 - Source: /montajniki/update_deal_handler/
Message: Deal 4033 successfully updated in db

01.03.2025, 17:18:54 - Source: DB Service updateDealById
Message: Deal with id 4033 updated successfully.

01.03.2025, 17:18:56 - Source: /montajniki/update_deal_handler/
Message: Product rows for deal 4033 successfully updated in db

01.03.2025, 17:18:57 - Source: /montajniki/update_deal_handler/
Message: Product rows for deal 4033 successfully updated in db

01.03.2025, 17:19:36 - Source: /montajniki/update_deal_handler/
Message: Deal 4033 successfully updated in db

01.03.2025, 17:19:36 - Source: DB Service updateDealById
Message: Deal with id 4033 updated successfully.

01.03.2025, 17:19:38 - Source: /montajniki/update_deal_handler/
Message: Product rows for deal 4033 successfully updated in db

01.03.2025, 17:23:22 - Source: /montajniki/add_comment/
Message: Deal 4033 successfully updated (added comment) in bx

01.03.2025, 17:23:22 - Source: /montajniki/add_comment/
Message: Deal 4033 successfully updated (added picture to task comment) in bx

01.03.2025, 17:24:44 - Source: /montajniki/add_comment/
Message: Deal 4033 successfully updated (added comment) in bx

01.03.2025, 17:24:45 - Source: /montajniki/add_comment/
Message: Deal 4033 successfully updated (added picture to task comment) in bx

01.03.2025, 17:57:06 - Source: /montajniki/add_deal_handler
Message: Deal 4035 successfully added to db

01.03.2025, 17:57:06 - Source: /montajniki/update_deal_handler/
Message: Deal 4035 successfully updated in db

01.03.2025, 17:57:06 - Source: DB Service updateDealById
Message: Deal with id 4035 updated successfully.

01.03.2025, 17:57:06 - Source: /montajniki/add_deal_handler/
Message: Product rows for deal 4035 successfully added to db

01.03.2025, 17:57:06 - Source: /montajniki/update_deal_handler/
Message: Product rows for deal 4035 successfully updated in db

01.03.2025, 17:57:38 - Source: /montajniki/update_deal/
Message: Deal 4035 successfully updated in db

01.03.2025, 17:57:38 - Source: DB Service updateDealById
Message: Deal with id 4035 updated successfully.

01.03.2025, 17:57:38 - Source: /montajniki/update_deal/
Message: Deal 4035 successfully updated in bx

01.03.2025, 17:57:38 - Source: /montajniki/update_deal/
Message: Deal 4035 product rows successfully updated in bx

01.03.2025, 17:57:38 - Source: /montajniki/update_deal/
Message: Deal 4035 products successfully updated in db

01.03.2025, 17:57:39 - Source: /montajniki/update_deal_handler/
Message: Deal 4035 successfully updated in db

01.03.2025, 17:57:39 - Source: DB Service updateDealById
Message: Deal with id 4035 updated successfully.

01.03.2025, 17:57:39 - Source: /montajniki/update_deal_handler/
Message: Product rows for deal 4035 successfully updated in db

01.03.2025, 17:57:39 - Source: /montajniki/update_deal_handler/
Message: Deal 4035 successfully updated in db

01.03.2025, 17:57:39 - Source: DB Service updateDealById
Message: Deal with id 4035 updated successfully.

01.03.2025, 17:57:39 - Source: /montajniki/update_deal_handler/
Message: Product rows for deal 4035 successfully updated in db

01.03.2025, 18:12:30 - Source: /montajniki/add_comment/
Message: Deal 4035 successfully updated (added comment) in bx

01.03.2025, 18:12:30 - Source: /montajniki/add_comment/
Message: Deal 4035 successfully updated (added picture to task comment) in bx

01.03.2025, 18:14:43 - Source: /montajniki/update_deal_handler/
Message: Deal 4035 successfully updated in db

01.03.2025, 18:14:43 - Source: DB Service updateDealById
Message: Deal with id 4035 updated successfully.

01.03.2025, 18:14:43 - Source: /montajniki/update_deal_handler/
Message: Product rows for deal 4035 successfully updated in db

01.03.2025, 18:14:44 - Source: /montajniki/add_comment/
Message: Deal 4035 successfully updated (added comment) in bx

01.03.2025, 18:14:44 - Source: /montajniki/update_deal_handler/
Message: Deal 4035 successfully updated in db

01.03.2025, 18:14:44 - Source: DB Service updateDealById
Message: Deal with id 4035 updated successfully.

01.03.2025, 18:14:44 - Source: /montajniki/add_comment/
Message: Deal 4035 successfully updated (added picture to task comment) in bx

01.03.2025, 18:14:45 - Source: /montajniki/update_deal_handler/
Message: Product rows for deal 4035 successfully updated in db

01.03.2025, 18:19:18 - Source: /montajniki/delete_deal_handler
Message: Deal 4035 successfully deleted

01.03.2025, 18:19:18 - Source: DB Service deleteDealById
Message: Deal with id 4035 deleted.

01.03.2025, 18:19:18 - Source: DB Service deleteDealsProductsRowByDealId
Message: deals_products with id 4035 deleted.

01.03.2025, 19:03:07 - Source: /montajniki/add_deal_handler
Message: Deal 4037 successfully added to db

01.03.2025, 19:03:07 - Source: /montajniki/update_deal_handler/
Message: Deal 4037 successfully updated in db

01.03.2025, 19:03:08 - Source: /montajniki/add_deal_handler/
Message: Product rows for deal 4037 successfully added to db

01.03.2025, 19:03:09 - Source: /montajniki/update_deal_handler/
Message: Product rows for deal 4037 successfully updated in db

01.03.2025, 19:05:49 - Source: /montajniki/delete_deal_handler
Message: Deal 4037 successfully deleted

01.03.2025, 19:05:51 - Source: DB Service deleteDealsProductsRowByDealId
Message: deals_products with id 4037 deleted.

01.03.2025, 19:05:51 - Source: DB Service deleteDealById
Message: Deal with id 4037 deleted.

01.03.2025, 19:13:10 - Source: /montajniki/add_deal_handler
Message: Deal 4039 successfully added to db

01.03.2025, 19:13:10 - Source: /montajniki/update_deal_handler/
Message: Deal 4039 successfully updated in db

01.03.2025, 19:13:10 - Source: DB Service updateDealById
Message: Deal with id 4039 updated successfully.

01.03.2025, 19:13:12 - Source: /montajniki/add_deal_handler/
Message: Product rows for deal 4039 successfully added to db

01.03.2025, 19:13:12 - Source: /montajniki/update_deal_handler/
Message: Product rows for deal 4039 successfully updated in db

01.03.2025, 19:27:39 - Source: /montajniki/update_deal/
Message: Deal 4039 successfully updated in db

01.03.2025, 19:27:39 - Source: DB Service updateDealById
Message: Deal with id 4039 updated successfully.

01.03.2025, 19:27:40 - Source: /montajniki/update_deal/
Message: Deal 4039 successfully updated in bx

01.03.2025, 19:27:40 - Source: /montajniki/update_deal/
Message: Deal 4039 product rows successfully updated in bx

01.03.2025, 19:27:40 - Source: /montajniki/update_deal/
Message: Deal 4039 products successfully updated in db

01.03.2025, 19:27:40 - Source: /montajniki/update_deal_handler/
Message: Deal 4039 successfully updated in db

01.03.2025, 19:27:40 - Source: DB Service updateDealById
Message: Deal with id 4039 updated successfully.

01.03.2025, 19:27:40 - Source: /montajniki/update_deal_handler/
Message: Deal 4039 successfully updated in db

01.03.2025, 19:27:40 - Source: DB Service updateDealById
Message: Deal with id 4039 updated successfully.

01.03.2025, 19:27:41 - Source: /montajniki/update_deal_handler/
Message: Product rows for deal 4039 successfully updated in db

01.03.2025, 19:27:42 - Source: /montajniki/update_deal_handler/
Message: Product rows for deal 4039 successfully updated in db

01.03.2025, 19:28:36 - Source: /montajniki/add_comment/
Message: Deal 4039 successfully updated (added comment) in bx

01.03.2025, 19:28:37 - Source: /montajniki/update_deal_handler/
Message: Deal 4039 successfully updated in db

01.03.2025, 19:28:37 - Source: DB Service updateDealById
Message: Deal with id 4039 updated successfully.

01.03.2025, 19:28:37 - Source: /montajniki/add_comment/
Message: Deal 4039 successfully updated (added picture to task comment) in bx

01.03.2025, 19:28:38 - Source: /montajniki/update_deal_handler/
Message: Deal 4039 successfully updated in db

01.03.2025, 19:28:38 - Source: DB Service updateDealById
Message: Deal with id 4039 updated successfully.

01.03.2025, 19:28:38 - Source: /montajniki/update_deal_handler/
Message: Product rows for deal 4039 successfully updated in db

01.03.2025, 19:28:39 - Source: /montajniki/update_deal_handler/
Message: Product rows for deal 4039 successfully updated in db

01.03.2025, 19:32:18 - Source: /montajniki/add_comment/
Message: Deal 4039 successfully updated (added comment) in bx

01.03.2025, 19:32:18 - Source: /montajniki/update_deal_handler/
Message: Deal 4039 successfully updated in db

01.03.2025, 19:32:18 - Source: DB Service updateDealById
Message: Deal with id 4039 updated successfully.

01.03.2025, 19:32:19 - Source: /montajniki/add_comment/
Message: Deal 4039 successfully updated (added picture to task comment) in bx

01.03.2025, 19:32:20 - Source: /montajniki/update_deal_handler/
Message: Product rows for deal 4039 successfully updated in db

01.03.2025, 19:32:56 - Source: /montajniki/add_comment/
Message: Deal 4039 successfully updated (added comment) in bx

01.03.2025, 19:32:56 - Source: /montajniki/update_deal_handler/
Message: Deal 4039 successfully updated in db

01.03.2025, 19:32:56 - Source: DB Service updateDealById
Message: Deal with id 4039 updated successfully.

01.03.2025, 19:32:57 - Source: /montajniki/add_comment/
Message: Deal 4039 successfully updated (added picture to task comment) in bx

01.03.2025, 19:32:57 - Source: /montajniki/update_deal_handler/
Message: Deal 4039 successfully updated in db

01.03.2025, 19:32:57 - Source: DB Service updateDealById
Message: Deal with id 4039 updated successfully.

01.03.2025, 19:32:58 - Source: /montajniki/update_deal_handler/
Message: Product rows for deal 4039 successfully updated in db

01.03.2025, 19:32:58 - Source: /montajniki/update_deal_handler/
Message: Product rows for deal 4039 successfully updated in db

01.03.2025, 19:33:26 - Source: /montajniki/update_deal_handler/
Message: Deal 4039 successfully updated in db

01.03.2025, 19:33:26 - Source: DB Service updateDealById
Message: Deal with id 4039 updated successfully.

01.03.2025, 19:33:27 - Source: /montajniki/update_deal_handler/
Message: Product rows for deal 4039 successfully updated in db

01.03.2025, 19:33:27 - Source: /montajniki/add_comment/
Message: Deal 4039 successfully updated (added comment) in bx

01.03.2025, 19:33:28 - Source: /montajniki/add_comment/
Message: Deal 4039 successfully updated (added picture to task comment) in bx

01.03.2025, 19:33:28 - Source: /montajniki/update_deal_handler/
Message: Deal 4039 successfully updated in db

01.03.2025, 19:33:28 - Source: DB Service updateDealById
Message: Deal with id 4039 updated successfully.

01.03.2025, 19:33:29 - Source: /montajniki/update_deal_handler/
Message: Product rows for deal 4039 successfully updated in db

01.03.2025, 19:33:52 - Source: /montajniki/set_fact_amount_of_products_in_deal/
Message: Deal 4039 service price updated successfully in db

01.03.2025, 19:33:52 - Source: DB Service updateDealById
Message: Deal with id 4039 updated successfully.

01.03.2025, 19:33:52 - Source: DB service updateDealProductQuantities
Message: Updated where deal_id = 4039 product_id = 5131

01.03.2025, 19:33:52 - Source: DB service updateDealProductQuantities
Message: Updated where deal_id = 4039 product_id = 5179

01.03.2025, 19:33:52 - Source: DB service updateDealProductQuantities
Message: Updated where deal_id = 4039 product_id = 387

01.03.2025, 19:33:53 - Source: /montajniki/update_deal/
Message: Deal 4039 service price updated successfully in bx

01.03.2025, 19:33:53 - Source: /montajniki/update_deal/
Message: Deal 4039 product rows successfully updated in bx

01.03.2025, 19:33:53 - Source: /montajniki/set_fact_amount_of_products_in_deal/
Message: Fact amounts successfully updated for deal 4039

01.03.2025, 19:33:53 - Source: /montajniki/update_deal_handler/
Message: Deal 4039 successfully updated in db

01.03.2025, 19:33:53 - Source: DB Service updateDealById
Message: Deal with id 4039 updated successfully.

01.03.2025, 19:33:54 - Source: /montajniki/update_deal_handler/
Message: Deal 4039 successfully updated in db

01.03.2025, 19:33:54 - Source: DB Service updateDealById
Message: Deal with id 4039 updated successfully.

01.03.2025, 19:33:54 - Source: /montajniki/update_deal_handler/
Message: Product rows for deal 4039 successfully updated in db

01.03.2025, 19:33:55 - Source: /montajniki/update_deal_handler/
Message: Product rows for deal 4039 successfully updated in db

01.03.2025, 19:34:02 - Source: /montajniki/complete_task/
Message: Deal 4039 successfully updated (added picture to task comment) in bx

01.03.2025, 19:34:02 - Source: /montajniki/update_deal_handler/
Message: Deal 4039 successfully updated in db

01.03.2025, 19:34:02 - Source: DB Service updateDealById
Message: Deal with id 4039 updated successfully.

01.03.2025, 19:34:04 - Source: /montajniki/update_deal_handler/
Message: Product rows for deal 4039 successfully updated in db

01.03.2025, 19:34:15 - Source: /montajniki/update_deal_handler/
Message: Deal 4039 successfully updated in db

01.03.2025, 19:34:15 - Source: DB Service updateDealById
Message: Deal with id 4039 updated successfully.

01.03.2025, 19:34:16 - Source: /montajniki/update_deal_handler/
Message: Product rows for deal 4039 successfully updated in db

01.03.2025, 19:35:03 - Source: DB Service updateDealById
Message: Deal with id 4039 updated successfully.

01.03.2025, 19:57:54 - Source: /montajniki/update_deal_handler/
Message: Deal 4039 successfully updated in db

01.03.2025, 19:57:54 - Source: DB Service updateDealById
Message: Deal with id 4039 updated successfully.

01.03.2025, 19:57:56 - Source: /montajniki/update_deal_handler/
Message: Product rows for deal 4039 successfully updated in db

01.03.2025, 19:58:37 - Source: /montajniki/delete_deal_handler
Message: Deal 4039 successfully deleted

01.03.2025, 19:58:37 - Source: DB Service deleteDealsProductsRowByDealId
Message: deals_products with id 4039 deleted.

01.03.2025, 19:58:37 - Source: DB Service deleteDealById
Message: Deal with id 4039 deleted.

01.03.2025, 19:59:37 - Source: /montajniki/add_deal_handler
Message: Deal 4041 successfully added to db

01.03.2025, 19:59:37 - Source: /montajniki/update_deal_handler/
Message: Deal 4041 successfully updated in db

01.03.2025, 19:59:37 - Source: DB Service updateDealById
Message: Deal with id 4041 updated successfully.

01.03.2025, 19:59:37 - Source: /montajniki/add_deal_handler/
Message: Product rows for deal 4041 successfully added to db

01.03.2025, 19:59:38 - Source: /montajniki/update_deal_handler/
Message: Product rows for deal 4041 successfully updated in db

01.03.2025, 20:00:18 - Source: /montajniki/update_deal_handler/
Message: Deal 3971 successfully updated in db

01.03.2025, 20:00:18 - Source: DB Service updateDealById
Message: Deal with id 3971 updated successfully.

01.03.2025, 20:00:18 - Source: /montajniki/update_deal_handler/
Message: Deal 3971 successfully updated in db

01.03.2025, 20:00:18 - Source: DB Service updateDealById
Message: Deal with id 3971 updated successfully.

01.03.2025, 20:00:20 - Source: /montajniki/update_deal_handler/
Message: Product rows for deal 3971 successfully updated in db

01.03.2025, 20:00:21 - Source: /montajniki/update_deal_handler/
Message: Product rows for deal 3971 successfully updated in db

01.03.2025, 20:00:23 - Source: /montajniki/update_deal_handler/
Message: Deal 3965 successfully updated in db

01.03.2025, 20:00:23 - Source: DB Service updateDealById
Message: Deal with id 3965 updated successfully.

01.03.2025, 20:00:23 - Source: /montajniki/update_deal_handler/
Message: Deal 3965 successfully updated in db

01.03.2025, 20:00:23 - Source: DB Service updateDealById
Message: Deal with id 3965 updated successfully.

01.03.2025, 20:00:23 - Source: /montajniki/update_deal_handler/
Message: Product rows for deal 3965 successfully updated in db

01.03.2025, 20:00:24 - Source: /montajniki/update_deal_handler/
Message: Product rows for deal 3965 successfully updated in db

01.03.2025, 20:00:26 - Source: /montajniki/update_deal_handler/
Message: Deal 3545 successfully updated in db

01.03.2025, 20:00:26 - Source: DB Service updateDealById
Message: Deal with id 3545 updated successfully.

01.03.2025, 20:00:27 - Source: /montajniki/update_deal_handler/
Message: Deal 3545 successfully updated in db

01.03.2025, 20:00:27 - Source: /montajniki/update_deal_handler/
Message: Product rows for deal 3545 successfully updated in db

01.03.2025, 20:00:27 - Source: DB Service updateDealById
Message: Deal with id 3545 updated successfully.

01.03.2025, 20:00:27 - Source: /montajniki/update_deal_handler/
Message: Product rows for deal 3545 successfully updated in db

01.03.2025, 20:09:16 - Source: /montajniki/update_deal/
Message: Deal 4041 successfully updated in db

01.03.2025, 20:09:16 - Source: DB Service updateDealById
Message: Deal with id 4041 updated successfully.

01.03.2025, 20:09:17 - Source: /montajniki/update_deal/
Message: Deal 4041 successfully updated in bx

01.03.2025, 20:09:17 - Source: /montajniki/update_deal/
Message: Deal 4041 product rows successfully updated in bx

01.03.2025, 20:09:17 - Source: /montajniki/update_deal/
Message: Deal 4041 products successfully updated in db

01.03.2025, 20:09:17 - Source: /montajniki/update_deal_handler/
Message: Deal 4041 successfully updated in db

01.03.2025, 20:09:17 - Source: DB Service updateDealById
Message: Deal with id 4041 updated successfully.

01.03.2025, 20:09:18 - Source: /montajniki/update_deal_handler/
Message: Product rows for deal 4041 successfully updated in db

01.03.2025, 20:09:18 - Source: /montajniki/update_deal_handler/
Message: Deal 4041 successfully updated in db

01.03.2025, 20:09:18 - Source: DB Service updateDealById
Message: Deal with id 4041 updated successfully.

01.03.2025, 20:09:18 - Source: /montajniki/update_deal_handler/
Message: Product rows for deal 4041 successfully updated in db

01.03.2025, 20:09:47 - Source: /montajniki/set_fact_amount_of_products_in_deal/
Message: Deal 4041 service price updated successfully in db

01.03.2025, 20:09:47 - Source: DB Service updateDealById
Message: Deal with id 4041 updated successfully.

01.03.2025, 20:09:47 - Source: DB service updateDealProductQuantities
Message: Updated where deal_id = 4041 product_id = 5183

01.03.2025, 20:09:48 - Source: /montajniki/update_deal/
Message: Deal 4041 service price updated successfully in bx

01.03.2025, 20:09:48 - Source: /montajniki/update_deal/
Message: Deal 4041 product rows successfully updated in bx

01.03.2025, 20:09:48 - Source: /montajniki/set_fact_amount_of_products_in_deal/
Message: Fact amounts successfully updated for deal 4041

01.03.2025, 20:09:48 - Source: /montajniki/update_deal_handler/
Message: Deal 4041 successfully updated in db

01.03.2025, 20:09:48 - Source: DB Service updateDealById
Message: Deal with id 4041 updated successfully.

01.03.2025, 20:09:48 - Source: /montajniki/update_deal_handler/
Message: Deal 4041 successfully updated in db

01.03.2025, 20:09:48 - Source: DB Service updateDealById
Message: Deal with id 4041 updated successfully.

01.03.2025, 20:09:48 - Source: /montajniki/update_deal_handler/
Message: Product rows for deal 4041 successfully updated in db

01.03.2025, 20:09:49 - Source: /montajniki/update_deal_handler/
Message: Product rows for deal 4041 successfully updated in db

01.03.2025, 20:09:53 - Source: /montajniki/complete_task/
Message: Deal 4041 successfully updated (added picture to task comment) in bx

01.03.2025, 20:09:53 - Source: /montajniki/update_deal_handler/
Message: Deal 4041 successfully updated in db

01.03.2025, 20:09:53 - Source: DB Service updateDealById
Message: Deal with id 4041 updated successfully.

01.03.2025, 20:09:54 - Source: /montajniki/update_deal_handler/
Message: Product rows for deal 4041 successfully updated in db

01.03.2025, 20:10:05 - Source: /montajniki/update_deal_handler/
Message: Deal 4041 successfully updated in db

01.03.2025, 20:10:05 - Source: DB Service updateDealById
Message: Deal with id 4041 updated successfully.

01.03.2025, 20:10:05 - Source: /montajniki/update_deal_handler/
Message: Product rows for deal 4041 successfully updated in db

01.03.2025, 20:13:19 - Source: /montajniki/add_deal_handler
Message: Deal 4043 successfully added to db

01.03.2025, 20:13:19 - Source: /montajniki/update_deal_handler/
Message: Deal 4043 successfully updated in db

01.03.2025, 20:13:19 - Source: DB Service updateDealById
Message: Deal with id 4043 updated successfully.

01.03.2025, 20:13:19 - Source: /montajniki/add_deal_handler/
Message: Product rows for deal 4043 successfully added to db

01.03.2025, 20:13:19 - Source: /montajniki/update_deal_handler/
Message: Product rows for deal 4043 successfully updated in db

01.03.2025, 20:14:00 - Source: /montajniki/update_deal/
Message: Deal 4043 successfully updated in db

01.03.2025, 20:14:00 - Source: DB Service updateDealById
Message: Deal with id 4043 updated successfully.

01.03.2025, 20:14:00 - Source: /montajniki/update_deal/
Message: Deal 4043 successfully updated in bx

01.03.2025, 20:14:01 - Source: /montajniki/update_deal/
Message: Deal 4043 product rows successfully updated in bx

01.03.2025, 20:14:01 - Source: /montajniki/update_deal/
Message: Deal 4043 products successfully updated in db

01.03.2025, 20:14:01 - Source: /montajniki/update_deal_handler/
Message: Deal 4043 successfully updated in db

01.03.2025, 20:14:01 - Source: DB Service updateDealById
Message: Deal with id 4043 updated successfully.

01.03.2025, 20:14:01 - Source: /montajniki/update_deal_handler/
Message: Deal 4043 successfully updated in db

01.03.2025, 20:14:01 - Source: DB Service updateDealById
Message: Deal with id 4043 updated successfully.

01.03.2025, 20:14:01 - Source: /montajniki/update_deal_handler/
Message: Product rows for deal 4043 successfully updated in db

01.03.2025, 20:14:01 - Source: /montajniki/update_deal_handler/
Message: Product rows for deal 4043 successfully updated in db

01.03.2025, 20:14:38 - Source: /montajniki/update_deal/
Message: Deal 4043 successfully updated in db

01.03.2025, 20:14:38 - Source: DB Service updateDealById
Message: Deal with id 4043 updated successfully.

01.03.2025, 20:14:39 - Source: /montajniki/update_deal/
Message: Deal 4043 successfully updated in bx

01.03.2025, 20:14:39 - Source: /montajniki/update_deal/
Message: Deal 4043 product rows successfully updated in bx

01.03.2025, 20:14:39 - Source: /montajniki/update_deal/
Message: Deal 4043 products successfully updated in db

01.03.2025, 20:14:39 - Source: /montajniki/update_deal_handler/
Message: Deal 4043 successfully updated in db

01.03.2025, 20:14:39 - Source: DB Service updateDealById
Message: Deal with id 4043 updated successfully.

01.03.2025, 20:14:40 - Source: /montajniki/update_deal_handler/
Message: Deal 4043 successfully updated in db

01.03.2025, 20:14:40 - Source: DB Service updateDealById
Message: Deal with id 4043 updated successfully.

01.03.2025, 20:14:40 - Source: /montajniki/update_deal_handler/
Message: Product rows for deal 4043 successfully updated in db

01.03.2025, 20:14:40 - Source: /montajniki/update_deal_handler/
Message: Product rows for deal 4043 successfully updated in db

01.03.2025, 20:15:22 - Source: /montajniki/update_deal_handler/
Message: Deal 4043 successfully updated in db

01.03.2025, 20:15:22 - Source: DB Service updateDealById
Message: Deal with id 4043 updated successfully.

01.03.2025, 20:15:22 - Source: /montajniki/update_deal_handler/
Message: Product rows for deal 4043 successfully updated in db

01.03.2025, 20:15:44 - Source: /montajniki/change_deal_status_to_failed/
Message: Deal 4041 successfully updated in db

01.03.2025, 20:15:44 - Source: DB Service updateDealById
Message: Deal with id 4041 updated successfully.

01.03.2025, 20:15:44 - Source: /montajniki/update_deal_handler/
Message: Deal 4041 successfully updated in db

01.03.2025, 20:15:44 - Source: DB Service updateDealById
Message: Deal with id 4041 updated successfully.

01.03.2025, 20:15:44 - Source: /montajniki/update_deal_handler/
Message: Product rows for deal 4041 successfully updated in db

01.03.2025, 20:17:27 - Source: /montajniki/update_deal_handler/
Message: Deal 4045 successfully updated in db

01.03.2025, 20:17:27 - Source: DB Service updateDealById
Message: Deal with id 4045 updated successfully.

01.03.2025, 20:17:27 - Source: /montajniki/add_deal_handler
Message: Deal 4045 successfully added to db

01.03.2025, 20:17:27 - Source: /montajniki/update_deal_handler/
Message: Product rows for deal 4045 successfully updated in db

01.03.2025, 20:17:28 - Source: /montajniki/add_deal_handler/
Message: Product rows for deal 4045 successfully added to db

01.03.2025, 20:17:47 - Source: /montajniki/update_deal/
Message: Deal 4045 successfully updated in db

01.03.2025, 20:17:47 - Source: DB Service updateDealById
Message: Deal with id 4045 updated successfully.

01.03.2025, 20:17:47 - Source: /montajniki/update_deal/
Message: Deal 4045 successfully updated in bx

01.03.2025, 20:17:48 - Source: /montajniki/update_deal/
Message: Deal 4045 product rows successfully updated in bx

01.03.2025, 20:17:48 - Source: /montajniki/update_deal/
Message: Deal 4045 products successfully updated in db

01.03.2025, 20:17:48 - Source: /montajniki/update_deal_handler/
Message: Deal 4045 successfully updated in db

01.03.2025, 20:17:48 - Source: DB Service updateDealById
Message: Deal with id 4045 updated successfully.

01.03.2025, 20:17:48 - Source: /montajniki/update_deal_handler/
Message: Deal 4045 successfully updated in db

01.03.2025, 20:17:48 - Source: DB Service updateDealById
Message: Deal with id 4045 updated successfully.

01.03.2025, 20:17:48 - Source: /montajniki/update_deal_handler/
Message: Product rows for deal 4045 successfully updated in db

01.03.2025, 20:17:48 - Source: /montajniki/update_deal_handler/
Message: Product rows for deal 4045 successfully updated in db

01.03.2025, 20:22:05 - Source: /montajniki/update_deal_handler/
Message: Deal 4043 successfully updated in db

01.03.2025, 20:22:05 - Source: DB Service updateDealById
Message: Deal with id 4043 updated successfully.

01.03.2025, 20:22:06 - Source: /montajniki/update_deal_handler/
Message: Product rows for deal 4043 successfully updated in db

01.03.2025, 20:22:06 - Source: /montajniki/add_comment/
Message: Deal 4043 successfully updated (added comment) in bx

01.03.2025, 20:22:06 - Source: /montajniki/update_deal_handler/
Message: Deal 4043 successfully updated in db

01.03.2025, 20:22:06 - Source: DB Service updateDealById
Message: Deal with id 4043 updated successfully.

01.03.2025, 20:22:06 - Source: /montajniki/add_comment/
Message: Deal 4043 successfully updated (added picture to task comment) in bx

01.03.2025, 20:22:07 - Source: /montajniki/update_deal_handler/
Message: Product rows for deal 4043 successfully updated in db

01.03.2025, 20:22:07 - Source: /montajniki/update_deal_handler/
Message: Deal 4043 successfully updated in db

01.03.2025, 20:22:07 - Source: DB Service updateDealById
Message: Deal with id 4043 updated successfully.

01.03.2025, 20:22:08 - Source: /montajniki/update_deal_handler/
Message: Product rows for deal 4043 successfully updated in db

01.03.2025, 20:23:08 - Source: /montajniki/update_deal_handler/
Message: Deal 4043 successfully updated in db

01.03.2025, 20:23:08 - Source: DB Service updateDealById
Message: Deal with id 4043 updated successfully.

01.03.2025, 20:23:08 - Source: /montajniki/add_comment/
Message: Deal 4043 successfully updated (added comment) in bx

01.03.2025, 20:23:08 - Source: /montajniki/update_deal_handler/
Message: Product rows for deal 4043 successfully updated in db

01.03.2025, 20:23:08 - Source: /montajniki/update_deal_handler/
Message: Deal 4043 successfully updated in db

01.03.2025, 20:23:08 - Source: DB Service updateDealById
Message: Deal with id 4043 updated successfully.

01.03.2025, 20:23:08 - Source: /montajniki/add_comment/
Message: Deal 4043 successfully updated (added picture to task comment) in bx

01.03.2025, 20:23:09 - Source: /montajniki/update_deal_handler/
Message: Product rows for deal 4043 successfully updated in db

01.03.2025, 20:23:30 - Source: /montajniki/update_deal_handler/
Message: Deal 4043 successfully updated in db

01.03.2025, 20:23:30 - Source: DB Service updateDealById
Message: Deal with id 4043 updated successfully.

01.03.2025, 20:23:30 - Source: /montajniki/add_comment/
Message: Deal 4043 successfully updated (added comment) in bx

01.03.2025, 20:23:30 - Source: /montajniki/update_deal_handler/
Message: Product rows for deal 4043 successfully updated in db

01.03.2025, 20:23:31 - Source: /montajniki/update_deal_handler/
Message: Deal 4043 successfully updated in db

01.03.2025, 20:23:31 - Source: DB Service updateDealById
Message: Deal with id 4043 updated successfully.

01.03.2025, 20:23:31 - Source: /montajniki/add_comment/
Message: Deal 4043 successfully updated (added picture to task comment) in bx

01.03.2025, 20:23:31 - Source: /montajniki/update_deal_handler/
Message: Product rows for deal 4043 successfully updated in db

01.03.2025, 20:24:10 - Source: /montajniki/update_deal_handler/
Message: Deal 4045 successfully updated in db

01.03.2025, 20:24:10 - Source: DB Service updateDealById
Message: Deal with id 4045 updated successfully.

01.03.2025, 20:24:10 - Source: /montajniki/update_deal_handler/
Message: Product rows for deal 4045 successfully updated in db

01.03.2025, 20:24:10 - Source: /montajniki/add_comment/
Message: Deal 4045 successfully updated (added comment) in bx

01.03.2025, 20:24:11 - Source: /montajniki/update_deal_handler/
Message: Deal 4045 successfully updated in db

01.03.2025, 20:24:11 - Source: DB Service updateDealById
Message: Deal with id 4045 updated successfully.

01.03.2025, 20:24:11 - Source: /montajniki/add_comment/
Message: Deal 4045 successfully updated (added picture to task comment) in bx

01.03.2025, 20:24:11 - Source: /montajniki/update_deal_handler/
Message: Product rows for deal 4045 successfully updated in db

01.03.2025, 20:24:12 - Source: /montajniki/update_deal_handler/
Message: Deal 4045 successfully updated in db

01.03.2025, 20:24:12 - Source: DB Service updateDealById
Message: Deal with id 4045 updated successfully.

01.03.2025, 20:24:12 - Source: /montajniki/update_deal_handler/
Message: Product rows for deal 4045 successfully updated in db

01.03.2025, 20:25:28 - Source: /montajniki/update_deal/
Message: Deal 4043 successfully updated in db

01.03.2025, 20:25:28 - Source: DB Service updateDealById
Message: Deal with id 4043 updated successfully.

01.03.2025, 20:25:30 - Source: /montajniki/update_deal/
Message: Deal 4043 successfully updated in bx. Deal set as failed

01.03.2025, 20:25:30 - Source: /montajniki/update_deal/
Message: Deal 4043 product rows successfully updated in bx

01.03.2025, 20:25:30 - Source: /montajniki/update_deal_handler/
Message: Deal 4043 successfully updated in db

01.03.2025, 20:25:30 - Source: DB Service updateDealById
Message: Deal with id 4043 updated successfully.

01.03.2025, 20:25:30 - Source: /montajniki/update_deal_handler/
Message: Deal 4043 successfully updated in db

01.03.2025, 20:25:30 - Source: DB Service updateDealById
Message: Deal with id 4043 updated successfully.

01.03.2025, 20:25:31 - Source: /montajniki/update_deal_handler/
Message: Product rows for deal 4043 successfully updated in db

01.03.2025, 20:25:31 - Source: /montajniki/update_deal_handler/
Message: Product rows for deal 4043 successfully updated in db

01.03.2025, 20:25:52 - Source: /montajniki/delete_deal_handler
Message: Deal 4043 successfully deleted

01.03.2025, 20:25:52 - Source: DB Service deleteDealById
Message: Deal with id 4043 deleted.

01.03.2025, 20:25:52 - Source: DB Service deleteDealsProductsRowByDealId
Message: deals_products with id 4043 deleted.

01.03.2025, 20:26:03 - Source: /montajniki/set_fact_amount_of_products_in_deal/
Message: Deal 4045 service price updated successfully in db

01.03.2025, 20:26:03 - Source: DB Service updateDealById
Message: Deal with id 4045 updated successfully.

01.03.2025, 20:26:03 - Source: DB service updateDealProductQuantities
Message: Updated where deal_id = 4045 product_id = 387

01.03.2025, 20:26:03 - Source: DB service updateDealProductQuantities
Message: Updated where deal_id = 4045 product_id = 5143

01.03.2025, 20:26:04 - Source: /montajniki/update_deal/
Message: Deal 4045 service price updated successfully in bx

01.03.2025, 20:26:04 - Source: /montajniki/update_deal/
Message: Deal 4045 product rows successfully updated in bx

01.03.2025, 20:26:04 - Source: /montajniki/set_fact_amount_of_products_in_deal/
Message: Fact amounts successfully updated for deal 4045

01.03.2025, 20:26:04 - Source: /montajniki/update_deal_handler/
Message: Deal 4045 successfully updated in db

01.03.2025, 20:26:04 - Source: DB Service updateDealById
Message: Deal with id 4045 updated successfully.

01.03.2025, 20:26:04 - Source: /montajniki/update_deal_handler/
Message: Deal 4045 successfully updated in db

01.03.2025, 20:26:04 - Source: DB Service updateDealById
Message: Deal with id 4045 updated successfully.

01.03.2025, 20:26:04 - Source: /montajniki/update_deal_handler/
Message: Product rows for deal 4045 successfully updated in db

01.03.2025, 20:26:05 - Source: /montajniki/update_deal_handler/
Message: Product rows for deal 4045 successfully updated in db

01.03.2025, 20:26:10 - Source: /montajniki/complete_task/
Message: Deal 4045 successfully updated (added picture to task comment) in bx

01.03.2025, 20:26:11 - Source: /montajniki/update_deal_handler/
Message: Deal 4045 successfully updated in db

01.03.2025, 20:26:11 - Source: DB Service updateDealById
Message: Deal with id 4045 updated successfully.

01.03.2025, 20:26:11 - Source: /montajniki/update_deal_handler/
Message: Product rows for deal 4045 successfully updated in db

01.03.2025, 20:26:22 - Source: /montajniki/update_deal_handler/
Message: Deal 4045 successfully updated in db

01.03.2025, 20:26:22 - Source: DB Service updateDealById
Message: Deal with id 4045 updated successfully.

01.03.2025, 20:26:22 - Source: /montajniki/update_deal_handler/
Message: Product rows for deal 4045 successfully updated in db

01.03.2025, 20:26:53 - Source: /montajniki/deny_deal/
Message: Deal 4045 successfully updated in db

01.03.2025, 20:26:53 - Source: DB Service updateDealById
Message: Deal with id 4045 updated successfully.

01.03.2025, 20:26:54 - Source: /montajniki/deny_deal/
Message: Deal 4045 successfully updated in bx

01.03.2025, 20:26:54 - Source: /montajniki/update_deal_handler/
Message: Deal 4045 successfully updated in db

01.03.2025, 20:26:54 - Source: DB Service updateDealById
Message: Deal with id 4045 updated successfully.

01.03.2025, 20:26:55 - Source: /montajniki/update_deal_handler/
Message: Product rows for deal 4045 successfully updated in db

01.03.2025, 20:27:17 - Source: /montajniki/delete_deal_handler
Message: Deal 4045 successfully deleted

01.03.2025, 20:27:17 - Source: DB Service deleteDealById
Message: Deal with id 4045 deleted.

01.03.2025, 20:27:17 - Source: DB Service deleteDealsProductsRowByDealId
Message: deals_products with id 4045 deleted.

01.03.2025, 20:27:25 - Source: /montajniki/delete_deal_handler
Message: Deal 4041 successfully deleted

01.03.2025, 20:27:25 - Source: DB Service deleteDealById
Message: Deal with id 4041 deleted.

01.03.2025, 20:27:25 - Source: DB Service deleteDealsProductsRowByDealId
Message: deals_products with id 4041 deleted.

