28.02.2025, 00:00:31 - Source: getDealsWithProducts
Error: Product with ID 5203 not found. Deal - 3507

28.02.2025, 00:00:31 - Source: getDealsWithProducts
Error: Product with ID 5239 not found. Deal - 3691

28.02.2025, 00:01:18 - Source: getDealsWithProducts
Error: Product with ID 5203 not found. Deal - 3507

28.02.2025, 00:01:18 - Source: getDealsWithProducts
Error: Product with ID 5239 not found. Deal - 3691

28.02.2025, 00:01:19 - Source: getDealsWithProducts
Error: Product with ID 5203 not found. Deal - 3507

28.02.2025, 00:01:19 - Source: getDealsWithProducts
Error: Product with ID 5239 not found. Deal - 3691

28.02.2025, 00:10:29 - Source: getDealsWithProducts
Error: Product with ID 5203 not found. Deal - 3507

28.02.2025, 00:10:29 - Source: getDealsWithProducts
Error: Product with ID 5239 not found. Deal - 3691

28.02.2025, 00:11:21 - Source: getDealsWithProducts
Error: Product with ID 5203 not found. Deal - 3507

28.02.2025, 00:11:21 - Source: getDealsWithProducts
Error: Product with ID 5239 not found. Deal - 3691

28.02.2025, 00:11:26 - Source: getDealsWithProducts
Error: Product with ID 5203 not found. Deal - 3507

28.02.2025, 00:11:26 - Source: getDealsWithProducts
Error: Product with ID 5239 not found. Deal - 3691

28.02.2025, 00:20:42 - Source: getDealsWithProducts
Error: Product with ID 5239 not found. Deal - 3691

28.02.2025, 00:20:42 - Source: getDealsWithProducts
Error: Product with ID 5203 not found. Deal - 3507

28.02.2025, 00:20:59 - Source: getDealsWithProducts
Error: Product with ID 5203 not found. Deal - 3507

28.02.2025, 00:20:59 - Source: getDealsWithProducts
Error: Product with ID 5239 not found. Deal - 3691

28.02.2025, 00:21:21 - Source: getDealsWithProducts
Error: Product with ID 5203 not found. Deal - 3507

28.02.2025, 00:21:21 - Source: getDealsWithProducts
Error: Product with ID 5239 not found. Deal - 3691

28.02.2025, 00:22:32 - Source: getDealsWithProducts
Error: Product with ID 5203 not found. Deal - 3507

28.02.2025, 00:22:32 - Source: getDealsWithProducts
Error: Product with ID 5239 not found. Deal - 3691

28.02.2025, 00:36:44 - Source: getDealsWithProducts
Error: Product with ID 5203 not found. Deal - 3507

28.02.2025, 00:36:44 - Source: getDealsWithProducts
Error: Product with ID 5239 not found. Deal - 3691

28.02.2025, 00:38:55 - Source: getDealsWithProducts
Error: Product with ID 5203 not found. Deal - 3507

28.02.2025, 00:38:55 - Source: getDealsWithProducts
Error: Product with ID 5239 not found. Deal - 3691

28.02.2025, 00:39:06 - Source: getDealsWithProducts
Error: Product with ID 5203 not found. Deal - 3507

28.02.2025, 00:39:06 - Source: getDealsWithProducts
Error: Product with ID 5239 not found. Deal - 3691

28.02.2025, 00:40:47 - Source: getDealsWithProducts
Error: Product with ID 5203 not found. Deal - 3507

28.02.2025, 00:40:47 - Source: getDealsWithProducts
Error: Product with ID 5239 not found. Deal - 3691

28.02.2025, 00:41:14 - Source: getDealsWithProducts
Error: Product with ID 5203 not found. Deal - 3507

28.02.2025, 00:41:14 - Source: getDealsWithProducts
Error: Product with ID 5239 not found. Deal - 3691

28.02.2025, 00:41:48 - Source: getDealsWithProducts
Error: Product with ID 5203 not found. Deal - 3507

28.02.2025, 00:41:48 - Source: getDealsWithProducts
Error: Product with ID 5239 not found. Deal - 3691

28.02.2025, 00:41:50 - Source: getDealsWithProducts
Error: Product with ID 5203 not found. Deal - 3507

28.02.2025, 00:41:50 - Source: getDealsWithProducts
Error: Product with ID 5239 not found. Deal - 3691

28.02.2025, 00:42:17 - Source: getDealsWithProducts
Error: Product with ID 5015 not found. Deal - 2043

28.02.2025, 00:42:17 - Source: getDealsWithProducts
Error: Product with ID 5119 not found. Deal - 2773

28.02.2025, 00:42:17 - Source: getDealsWithProducts
Error: Product with ID 4983 not found. Deal - 3061

28.02.2025, 00:42:17 - Source: getDealsWithProducts
Error: Product with ID 4983 not found. Deal - 3051

28.02.2025, 00:42:17 - Source: getDealsWithProducts
Error: Product with ID 5187 not found. Deal - 3391

28.02.2025, 00:42:17 - Source: getDealsWithProducts
Error: Product with ID 5179 not found. Deal - 3335

28.02.2025, 00:42:17 - Source: getDealsWithProducts
Error: Product with ID 4983 not found. Deal - 2975

28.02.2025, 00:42:17 - Source: getDealsWithProducts
Error: Product with ID 5203 not found. Deal - 3507

28.02.2025, 00:42:17 - Source: getDealsWithProducts
Error: Product with ID 5179 not found. Deal - 3661

28.02.2025, 00:42:17 - Source: getDealsWithProducts
Error: Product with ID 5239 not found. Deal - 3691

28.02.2025, 00:42:17 - Source: getDealsWithProducts
Error: Product with ID 5179 not found. Deal - 3403

28.02.2025, 00:42:17 - Source: getDealsWithProducts
Error: Product with ID 5019 not found. Deal - 3639

28.02.2025, 11:04:07 - Source: getDealsWithProducts
Error: Product with ID 5015 not found. Deal - 2043

28.02.2025, 11:04:07 - Source: getDealsWithProducts
Error: Product with ID 5119 not found. Deal - 2773

28.02.2025, 11:04:07 - Source: getDealsWithProducts
Error: Product with ID 4983 not found. Deal - 3061

28.02.2025, 11:04:07 - Source: getDealsWithProducts
Error: Product with ID 4983 not found. Deal - 2975

28.02.2025, 11:04:07 - Source: getDealsWithProducts
Error: Product with ID 5203 not found. Deal - 3507

28.02.2025, 11:04:07 - Source: getDealsWithProducts
Error: Product with ID 5187 not found. Deal - 3391

28.02.2025, 11:04:07 - Source: getDealsWithProducts
Error: Product with ID 4983 not found. Deal - 3051

28.02.2025, 11:04:07 - Source: getDealsWithProducts
Error: Product with ID 5019 not found. Deal - 3639

28.02.2025, 11:04:07 - Source: getDealsWithProducts
Error: Product with ID 5239 not found. Deal - 3691

28.02.2025, 11:06:06 - Source: getDealsWithProducts
Error: Product with ID 5203 not found. Deal - 3507

28.02.2025, 11:06:06 - Source: getDealsWithProducts
Error: Product with ID 5239 not found. Deal - 3691

28.02.2025, 11:06:59 - Source: getDealsWithProducts
Error: Product with ID 5203 not found. Deal - 3507

28.02.2025, 11:06:59 - Source: getDealsWithProducts
Error: Product with ID 5239 not found. Deal - 3691

28.02.2025, 11:07:08 - Source: getDealsWithProducts
Error: Product with ID 5015 not found. Deal - 2043

28.02.2025, 11:07:08 - Source: getDealsWithProducts
Error: Product with ID 5119 not found. Deal - 2773

28.02.2025, 11:07:08 - Source: getDealsWithProducts
Error: Product with ID 4983 not found. Deal - 3051

28.02.2025, 11:07:08 - Source: getDealsWithProducts
Error: Product with ID 4983 not found. Deal - 2975

28.02.2025, 11:07:08 - Source: getDealsWithProducts
Error: Product with ID 5203 not found. Deal - 3507

28.02.2025, 11:07:08 - Source: getDealsWithProducts
Error: Product with ID 5019 not found. Deal - 3639

28.02.2025, 11:07:08 - Source: getDealsWithProducts
Error: Product with ID 5239 not found. Deal - 3691

28.02.2025, 11:07:08 - Source: getDealsWithProducts
Error: Product with ID 5187 not found. Deal - 3391

28.02.2025, 11:07:08 - Source: getDealsWithProducts
Error: Product with ID 4983 not found. Deal - 3061

28.02.2025, 11:07:44 - Source: getDealsWithProducts
Error: Product with ID 5015 not found. Deal - 2043

28.02.2025, 11:07:44 - Source: getDealsWithProducts
Error: Product with ID 5119 not found. Deal - 2773

28.02.2025, 11:07:44 - Source: getDealsWithProducts
Error: Product with ID 4983 not found. Deal - 3061

28.02.2025, 11:07:44 - Source: getDealsWithProducts
Error: Product with ID 4983 not found. Deal - 2975

28.02.2025, 11:07:44 - Source: getDealsWithProducts
Error: Product with ID 5187 not found. Deal - 3391

28.02.2025, 11:07:44 - Source: getDealsWithProducts
Error: Product with ID 5203 not found. Deal - 3507

28.02.2025, 11:07:44 - Source: getDealsWithProducts
Error: Product with ID 4983 not found. Deal - 3051

28.02.2025, 11:07:44 - Source: getDealsWithProducts
Error: Product with ID 5239 not found. Deal - 3691

28.02.2025, 11:07:44 - Source: getDealsWithProducts
Error: Product with ID 5019 not found. Deal - 3639

28.02.2025, 11:08:07 - Source: getDealsWithProducts
Error: Product with ID 5015 not found. Deal - 2043

28.02.2025, 11:08:07 - Source: getDealsWithProducts
Error: Product with ID 5119 not found. Deal - 2773

28.02.2025, 11:08:07 - Source: getDealsWithProducts
Error: Product with ID 4983 not found. Deal - 3061

28.02.2025, 11:08:07 - Source: getDealsWithProducts
Error: Product with ID 4983 not found. Deal - 2975

28.02.2025, 11:08:07 - Source: getDealsWithProducts
Error: Product with ID 5203 not found. Deal - 3507

28.02.2025, 11:08:07 - Source: getDealsWithProducts
Error: Product with ID 5187 not found. Deal - 3391

28.02.2025, 11:08:07 - Source: getDealsWithProducts
Error: Product with ID 4983 not found. Deal - 3051

28.02.2025, 11:08:07 - Source: getDealsWithProducts
Error: Product with ID 5239 not found. Deal - 3691

28.02.2025, 11:08:07 - Source: getDealsWithProducts
Error: Product with ID 5019 not found. Deal - 3639

28.02.2025, 11:09:07 - Source: getDealsWithProducts
Error: Product with ID 5015 not found. Deal - 2043

28.02.2025, 11:09:07 - Source: getDealsWithProducts
Error: Product with ID 4983 not found. Deal - 3051

28.02.2025, 11:09:07 - Source: getDealsWithProducts
Error: Product with ID 5119 not found. Deal - 2773

28.02.2025, 11:09:07 - Source: getDealsWithProducts
Error: Product with ID 4983 not found. Deal - 3061

28.02.2025, 11:09:07 - Source: getDealsWithProducts
Error: Product with ID 5203 not found. Deal - 3507

28.02.2025, 11:09:07 - Source: getDealsWithProducts
Error: Product with ID 5019 not found. Deal - 3639

28.02.2025, 11:09:07 - Source: getDealsWithProducts
Error: Product with ID 5239 not found. Deal - 3691

28.02.2025, 11:09:07 - Source: getDealsWithProducts
Error: Product with ID 4983 not found. Deal - 2975

28.02.2025, 11:09:07 - Source: getDealsWithProducts
Error: Product with ID 5187 not found. Deal - 3391

28.02.2025, 11:22:18 - Source: getDealsWithProducts
Error: Product with ID 5015 not found. Deal - 2043

28.02.2025, 11:22:18 - Source: getDealsWithProducts
Error: Product with ID 5119 not found. Deal - 2773

28.02.2025, 11:22:18 - Source: getDealsWithProducts
Error: Product with ID 4983 not found. Deal - 2975

28.02.2025, 11:22:18 - Source: getDealsWithProducts
Error: Product with ID 4983 not found. Deal - 3061

28.02.2025, 11:22:18 - Source: getDealsWithProducts
Error: Product with ID 4983 not found. Deal - 3051

28.02.2025, 11:22:18 - Source: getDealsWithProducts
Error: Product with ID 5203 not found. Deal - 3507

28.02.2025, 11:22:18 - Source: getDealsWithProducts
Error: Product with ID 5187 not found. Deal - 3391

28.02.2025, 11:22:18 - Source: getDealsWithProducts
Error: Product with ID 5239 not found. Deal - 3691

28.02.2025, 11:22:18 - Source: getDealsWithProducts
Error: Product with ID 5019 not found. Deal - 3639

28.02.2025, 11:23:59 - Source: getDealsWithProducts
Error: Product with ID 5015 not found. Deal - 2043

28.02.2025, 11:23:59 - Source: getDealsWithProducts
Error: Product with ID 5119 not found. Deal - 2773

28.02.2025, 11:23:59 - Source: getDealsWithProducts
Error: Product with ID 4983 not found. Deal - 3061

28.02.2025, 11:23:59 - Source: getDealsWithProducts
Error: Product with ID 4983 not found. Deal - 3051

28.02.2025, 11:23:59 - Source: getDealsWithProducts
Error: Product with ID 5187 not found. Deal - 3391

28.02.2025, 11:23:59 - Source: getDealsWithProducts
Error: Product with ID 5203 not found. Deal - 3507

28.02.2025, 11:23:59 - Source: getDealsWithProducts
Error: Product with ID 5239 not found. Deal - 3691

28.02.2025, 11:23:59 - Source: getDealsWithProducts
Error: Product with ID 5019 not found. Deal - 3639

28.02.2025, 11:23:59 - Source: getDealsWithProducts
Error: Product with ID 4983 not found. Deal - 2975

28.02.2025, 11:30:49 - Source: getDealsWithProducts
Error: Product with ID 5015 not found. Deal - 2043

28.02.2025, 11:30:49 - Source: getDealsWithProducts
Error: Product with ID 5119 not found. Deal - 2773

28.02.2025, 11:30:49 - Source: getDealsWithProducts
Error: Product with ID 4983 not found. Deal - 3051

28.02.2025, 11:30:49 - Source: getDealsWithProducts
Error: Product with ID 4983 not found. Deal - 2975

28.02.2025, 11:30:49 - Source: getDealsWithProducts
Error: Product with ID 4983 not found. Deal - 3061

28.02.2025, 11:30:49 - Source: getDealsWithProducts
Error: Product with ID 5203 not found. Deal - 3507

28.02.2025, 11:30:49 - Source: getDealsWithProducts
Error: Product with ID 5239 not found. Deal - 3691

28.02.2025, 11:30:49 - Source: getDealsWithProducts
Error: Product with ID 5187 not found. Deal - 3391

28.02.2025, 11:30:49 - Source: getDealsWithProducts
Error: Product with ID 5019 not found. Deal - 3639

28.02.2025, 11:31:27 - Source: getDealsWithProducts
Error: Product with ID 5203 not found. Deal - 3507

28.02.2025, 11:31:27 - Source: getDealsWithProducts
Error: Product with ID 5239 not found. Deal - 3691

28.02.2025, 11:36:02 - Source: /montajniki/update_deal_handler
Error: TypeError: Cannot read properties of undefined (reading 'fact_amount')
    at C:\Users\emirh\Desktop\МОНТАЖНИКИ\aquatem_module\index.js:1371:85
    at Array.map (<anonymous>)
    at C:\Users\emirh\Desktop\МОНТАЖНИКИ\aquatem_module\index.js:1361:76
    at process.processTicksAndRejections (node:internal/process/task_queues:105:5)

28.02.2025, 11:36:03 - Source: /montajniki/update_deal_handler
Error: TypeError: Cannot read properties of undefined (reading 'fact_amount')
    at C:\Users\emirh\Desktop\МОНТАЖНИКИ\aquatem_module\index.js:1371:85
    at Array.map (<anonymous>)
    at C:\Users\emirh\Desktop\МОНТАЖНИКИ\aquatem_module\index.js:1361:76
    at process.processTicksAndRejections (node:internal/process/task_queues:105:5)

28.02.2025, 11:36:08 - Source: /montajniki/update_deal_handler
Error: TypeError: Cannot read properties of undefined (reading 'fact_amount')
    at C:\Users\emirh\Desktop\МОНТАЖНИКИ\aquatem_module\index.js:1371:85
    at Array.map (<anonymous>)
    at C:\Users\emirh\Desktop\МОНТАЖНИКИ\aquatem_module\index.js:1361:76
    at process.processTicksAndRejections (node:internal/process/task_queues:105:5)

28.02.2025, 11:36:08 - Source: /montajniki/update_deal_handler
Error: TypeError: Cannot read properties of undefined (reading 'fact_amount')
    at C:\Users\emirh\Desktop\МОНТАЖНИКИ\aquatem_module\index.js:1371:85
    at Array.map (<anonymous>)
    at C:\Users\emirh\Desktop\МОНТАЖНИКИ\aquatem_module\index.js:1361:76
    at process.processTicksAndRejections (node:internal/process/task_queues:105:5)

28.02.2025, 11:36:45 - Source: /montajniki/update_deal_handler
Error: TypeError: Cannot read properties of undefined (reading 'fact_amount')
    at C:\Users\emirh\Desktop\МОНТАЖНИКИ\aquatem_module\index.js:1371:85
    at Array.map (<anonymous>)
    at C:\Users\emirh\Desktop\МОНТАЖНИКИ\aquatem_module\index.js:1361:76
    at process.processTicksAndRejections (node:internal/process/task_queues:105:5)

28.02.2025, 11:36:59 - Source: /montajniki/update_deal_handler
Error: TypeError: Cannot read properties of undefined (reading 'fact_amount')
    at C:\Users\emirh\Desktop\МОНТАЖНИКИ\aquatem_module\index.js:1371:85
    at Array.map (<anonymous>)
    at C:\Users\emirh\Desktop\МОНТАЖНИКИ\aquatem_module\index.js:1361:76
    at process.processTicksAndRejections (node:internal/process/task_queues:105:5)

28.02.2025, 11:46:00 - Source: /montajniki/update_deal_handler
Error: TypeError: Cannot read properties of undefined (reading 'fact_amount')
    at C:\Users\emirh\Desktop\МОНТАЖНИКИ\aquatem_module\index.js:1371:85
    at Array.map (<anonymous>)
    at C:\Users\emirh\Desktop\МОНТАЖНИКИ\aquatem_module\index.js:1361:76
    at process.processTicksAndRejections (node:internal/process/task_queues:105:5)

28.02.2025, 11:46:02 - Source: /montajniki/update_deal_handler
Error: TypeError: Cannot read properties of undefined (reading 'fact_amount')
    at C:\Users\emirh\Desktop\МОНТАЖНИКИ\aquatem_module\index.js:1371:85
    at Array.map (<anonymous>)
    at C:\Users\emirh\Desktop\МОНТАЖНИКИ\aquatem_module\index.js:1361:76
    at process.processTicksAndRejections (node:internal/process/task_queues:105:5)

28.02.2025, 11:47:31 - Source: /montajniki/update_deal_handler
Error: TypeError: Cannot read properties of undefined (reading 'fact_amount')
    at C:\Users\emirh\Desktop\МОНТАЖНИКИ\aquatem_module\index.js:1371:85
    at Array.map (<anonymous>)
    at C:\Users\emirh\Desktop\МОНТАЖНИКИ\aquatem_module\index.js:1361:76
    at process.processTicksAndRejections (node:internal/process/task_queues:105:5)

28.02.2025, 11:49:04 - Source: /montajniki/update_deal_handler
Error: TypeError: Cannot read properties of undefined (reading 'fact_amount')
    at C:\Users\emirh\Desktop\МОНТАЖНИКИ\aquatem_module\index.js:1371:85
    at Array.map (<anonymous>)
    at C:\Users\emirh\Desktop\МОНТАЖНИКИ\aquatem_module\index.js:1361:76
    at process.processTicksAndRejections (node:internal/process/task_queues:105:5)

28.02.2025, 11:50:03 - Source: getDealsWithProducts
Error: Product with ID 5203 not found. Deal - 3507

28.02.2025, 11:50:03 - Source: getDealsWithProducts
Error: Product with ID 5239 not found. Deal - 3691

28.02.2025, 11:50:12 - Source: getDealsWithProducts
Error: Product with ID 5015 not found. Deal - 2043

28.02.2025, 11:50:12 - Source: getDealsWithProducts
Error: Product with ID 5119 not found. Deal - 2773

28.02.2025, 11:50:12 - Source: getDealsWithProducts
Error: Product with ID 4983 not found. Deal - 3061

28.02.2025, 11:50:12 - Source: getDealsWithProducts
Error: Product with ID 4983 not found. Deal - 2975

28.02.2025, 11:50:12 - Source: getDealsWithProducts
Error: Product with ID 5187 not found. Deal - 3391

28.02.2025, 11:50:12 - Source: getDealsWithProducts
Error: Product with ID 5203 not found. Deal - 3507

28.02.2025, 11:50:12 - Source: getDealsWithProducts
Error: Product with ID 4983 not found. Deal - 3051

28.02.2025, 11:50:12 - Source: getDealsWithProducts
Error: Product with ID 5019 not found. Deal - 3639

28.02.2025, 11:50:12 - Source: getDealsWithProducts
Error: Product with ID 5239 not found. Deal - 3691

28.02.2025, 11:50:13 - Source: /montajniki/update_deal_handler
Error: TypeError: Cannot read properties of undefined (reading 'fact_amount')
    at C:\Users\emirh\Desktop\МОНТАЖНИКИ\aquatem_module\index.js:1371:85
    at Array.map (<anonymous>)
    at C:\Users\emirh\Desktop\МОНТАЖНИКИ\aquatem_module\index.js:1361:76
    at process.processTicksAndRejections (node:internal/process/task_queues:105:5)

28.02.2025, 11:50:29 - Source: getDealsWithProducts
Error: Product with ID 5015 not found. Deal - 2043

28.02.2025, 11:50:29 - Source: getDealsWithProducts
Error: Product with ID 5119 not found. Deal - 2773

28.02.2025, 11:50:29 - Source: getDealsWithProducts
Error: Product with ID 4983 not found. Deal - 3061

28.02.2025, 11:50:29 - Source: getDealsWithProducts
Error: Product with ID 4983 not found. Deal - 2975

28.02.2025, 11:50:29 - Source: getDealsWithProducts
Error: Product with ID 5203 not found. Deal - 3507

28.02.2025, 11:50:29 - Source: getDealsWithProducts
Error: Product with ID 5187 not found. Deal - 3391

28.02.2025, 11:50:29 - Source: getDealsWithProducts
Error: Product with ID 4983 not found. Deal - 3051

28.02.2025, 11:50:29 - Source: getDealsWithProducts
Error: Product with ID 5019 not found. Deal - 3639

28.02.2025, 12:00:29 - Source: getDealsWithProducts
Error: Product with ID 5015 not found. Deal - 2043

28.02.2025, 12:00:29 - Source: getDealsWithProducts
Error: Product with ID 5119 not found. Deal - 2773

28.02.2025, 12:00:29 - Source: getDealsWithProducts
Error: Product with ID 4983 not found. Deal - 3051

28.02.2025, 12:00:29 - Source: getDealsWithProducts
Error: Product with ID 4983 not found. Deal - 3061

28.02.2025, 12:00:29 - Source: getDealsWithProducts
Error: Product with ID 5019 not found. Deal - 3639

28.02.2025, 12:00:29 - Source: getDealsWithProducts
Error: Product with ID 4983 not found. Deal - 2975

28.02.2025, 12:00:29 - Source: getDealsWithProducts
Error: Product with ID 5187 not found. Deal - 3391

28.02.2025, 12:00:29 - Source: getDealsWithProducts
Error: Product with ID 5203 not found. Deal - 3507

28.02.2025, 12:01:13 - Source: /montajniki/update_deal_handler
Error: TypeError: Cannot read properties of undefined (reading 'fact_amount')
    at C:\Users\emirh\Desktop\МОНТАЖНИКИ\aquatem_module\index.js:1371:85
    at Array.map (<anonymous>)
    at C:\Users\emirh\Desktop\МОНТАЖНИКИ\aquatem_module\index.js:1361:76
    at process.processTicksAndRejections (node:internal/process/task_queues:105:5)

28.02.2025, 12:02:22 - Source: /montajniki/update_deal_handler
Error: TypeError: Cannot read properties of undefined (reading 'fact_amount')
    at C:\Users\emirh\Desktop\МОНТАЖНИКИ\aquatem_module\index.js:1371:85
    at Array.map (<anonymous>)
    at C:\Users\emirh\Desktop\МОНТАЖНИКИ\aquatem_module\index.js:1361:76
    at process.processTicksAndRejections (node:internal/process/task_queues:105:5)

28.02.2025, 12:02:28 - Source: /montajniki/update_deal_handler
Error: TypeError: Cannot read properties of undefined (reading 'fact_amount')
    at C:\Users\emirh\Desktop\МОНТАЖНИКИ\aquatem_module\index.js:1371:85
    at Array.map (<anonymous>)
    at C:\Users\emirh\Desktop\МОНТАЖНИКИ\aquatem_module\index.js:1361:76
    at process.processTicksAndRejections (node:internal/process/task_queues:105:5)

28.02.2025, 12:02:34 - Source: getDealsWithProducts
Error: Product with ID 5015 not found. Deal - 2043

28.02.2025, 12:02:34 - Source: getDealsWithProducts
Error: Product with ID 5119 not found. Deal - 2773

28.02.2025, 12:02:34 - Source: getDealsWithProducts
Error: Product with ID 5187 not found. Deal - 3391

28.02.2025, 12:02:34 - Source: getDealsWithProducts
Error: Product with ID 5019 not found. Deal - 3639

28.02.2025, 12:02:34 - Source: getDealsWithProducts
Error: Product with ID 5203 not found. Deal - 3507

28.02.2025, 12:02:50 - Source: getDealsWithProducts
Error: Product with ID 5203 not found. Deal - 3507

28.02.2025, 12:05:20 - Source: /montajniki/update_deal_handler
Error: TypeError: Cannot read properties of undefined (reading 'fact_amount')
    at C:\Users\emirh\Desktop\МОНТАЖНИКИ\aquatem_module\index.js:1371:85
    at Array.map (<anonymous>)
    at C:\Users\emirh\Desktop\МОНТАЖНИКИ\aquatem_module\index.js:1361:76
    at process.processTicksAndRejections (node:internal/process/task_queues:105:5)

28.02.2025, 12:10:58 - Source: /montajniki/update_deal_handler
Error: TypeError: Cannot read properties of undefined (reading 'fact_amount')
    at C:\Users\emirh\Desktop\МОНТАЖНИКИ\aquatem_module\index.js:1371:85
    at Array.map (<anonymous>)
    at C:\Users\emirh\Desktop\МОНТАЖНИКИ\aquatem_module\index.js:1361:76
    at process.processTicksAndRejections (node:internal/process/task_queues:105:5)

28.02.2025, 12:13:14 - Source: /montajniki/update_deal_handler
Error: TypeError: Cannot read properties of undefined (reading 'fact_amount')
    at C:\Users\emirh\Desktop\МОНТАЖНИКИ\aquatem_module\index.js:1371:85
    at Array.map (<anonymous>)
    at C:\Users\emirh\Desktop\МОНТАЖНИКИ\aquatem_module\index.js:1361:76
    at process.processTicksAndRejections (node:internal/process/task_queues:105:5)

28.02.2025, 12:18:48 - Source: /montajniki/update_deal_handler
Error: TypeError: Cannot read properties of undefined (reading 'fact_amount')
    at C:\Users\emirh\Desktop\МОНТАЖНИКИ\aquatem_module\index.js:1371:85
    at Array.map (<anonymous>)
    at C:\Users\emirh\Desktop\МОНТАЖНИКИ\aquatem_module\index.js:1361:76
    at process.processTicksAndRejections (node:internal/process/task_queues:105:5)

28.02.2025, 12:19:54 - Source: getDealsWithProducts
Error: Product with ID 5203 not found. Deal - 3507

28.02.2025, 12:20:12 - Source: getDealsWithProducts
Error: Product with ID 5203 not found. Deal - 3507

28.02.2025, 12:22:34 - Source: getDealsWithProducts
Error: Product with ID 5203 not found. Deal - 3507

28.02.2025, 12:22:36 - Source: /montajniki/update_deal_handler
Error: TypeError: Cannot read properties of undefined (reading 'fact_amount')
    at C:\Users\emirh\Desktop\МОНТАЖНИКИ\aquatem_module\index.js:1371:85
    at Array.map (<anonymous>)
    at C:\Users\emirh\Desktop\МОНТАЖНИКИ\aquatem_module\index.js:1361:76
    at process.processTicksAndRejections (node:internal/process/task_queues:105:5)

28.02.2025, 12:22:45 - Source: /montajniki/update_deal_handler
Error: TypeError: Cannot read properties of undefined (reading 'fact_amount')
    at C:\Users\emirh\Desktop\МОНТАЖНИКИ\aquatem_module\index.js:1371:85
    at Array.map (<anonymous>)
    at C:\Users\emirh\Desktop\МОНТАЖНИКИ\aquatem_module\index.js:1361:76
    at process.processTicksAndRejections (node:internal/process/task_queues:105:5)

28.02.2025, 12:23:05 - Source: /montajniki/update_deal_handler
Error: TypeError: Cannot read properties of undefined (reading 'fact_amount')
    at C:\Users\emirh\Desktop\МОНТАЖНИКИ\aquatem_module\index.js:1371:85
    at Array.map (<anonymous>)
    at C:\Users\emirh\Desktop\МОНТАЖНИКИ\aquatem_module\index.js:1361:76
    at process.processTicksAndRejections (node:internal/process/task_queues:105:5)

28.02.2025, 12:23:09 - Source: /montajniki/update_deal_handler
Error: TypeError: Cannot read properties of undefined (reading 'fact_amount')
    at C:\Users\emirh\Desktop\МОНТАЖНИКИ\aquatem_module\index.js:1371:85
    at Array.map (<anonymous>)
    at C:\Users\emirh\Desktop\МОНТАЖНИКИ\aquatem_module\index.js:1361:76
    at process.processTicksAndRejections (node:internal/process/task_queues:105:5)

28.02.2025, 12:24:32 - Source: getDealsWithProducts
Error: Product with ID 5203 not found. Deal - 3507

28.02.2025, 12:24:59 - Source: getDealsWithProducts
Error: Product with ID 5203 not found. Deal - 3507

28.02.2025, 12:25:02 - Source: getDealsWithProducts
Error: Product with ID 5203 not found. Deal - 3507

28.02.2025, 12:26:16 - Source: getDealsWithProducts
Error: Product with ID 5203 not found. Deal - 3507

28.02.2025, 12:26:26 - Source: getDealsWithProducts
Error: Product with ID 5203 not found. Deal - 3507

28.02.2025, 12:28:57 - Source: /montajniki/update_deal_handler
Error: TypeError: Cannot read properties of undefined (reading 'fact_amount')
    at C:\Users\emirh\Desktop\МОНТАЖНИКИ\aquatem_module\index.js:1399:85
    at Array.map (<anonymous>)
    at C:\Users\emirh\Desktop\МОНТАЖНИКИ\aquatem_module\index.js:1389:76
    at process.processTicksAndRejections (node:internal/process/task_queues:105:5)

28.02.2025, 12:29:06 - Source: /montajniki/update_deal_handler
Error: TypeError: Cannot read properties of undefined (reading 'fact_amount')
    at C:\Users\emirh\Desktop\МОНТАЖНИКИ\aquatem_module\index.js:1399:85
    at Array.map (<anonymous>)
    at C:\Users\emirh\Desktop\МОНТАЖНИКИ\aquatem_module\index.js:1389:76
    at process.processTicksAndRejections (node:internal/process/task_queues:105:5)

28.02.2025, 12:29:19 - Source: /montajniki/update_deal_handler
Error: TypeError: Cannot read properties of undefined (reading 'fact_amount')
    at C:\Users\emirh\Desktop\МОНТАЖНИКИ\aquatem_module\index.js:1399:85
    at Array.map (<anonymous>)
    at C:\Users\emirh\Desktop\МОНТАЖНИКИ\aquatem_module\index.js:1389:76
    at process.processTicksAndRejections (node:internal/process/task_queues:105:5)

28.02.2025, 12:30:06 - Source: /montajniki/update_deal_handler
Error: TypeError: Cannot read properties of undefined (reading 'fact_amount')
    at C:\Users\emirh\Desktop\МОНТАЖНИКИ\aquatem_module\index.js:1399:85
    at Array.map (<anonymous>)
    at C:\Users\emirh\Desktop\МОНТАЖНИКИ\aquatem_module\index.js:1389:76
    at process.processTicksAndRejections (node:internal/process/task_queues:105:5)

28.02.2025, 12:30:11 - Source: /montajniki/update_deal_handler
Error: TypeError: Cannot read properties of undefined (reading 'fact_amount')
    at C:\Users\emirh\Desktop\МОНТАЖНИКИ\aquatem_module\index.js:1399:85
    at Array.map (<anonymous>)
    at C:\Users\emirh\Desktop\МОНТАЖНИКИ\aquatem_module\index.js:1389:76
    at process.processTicksAndRejections (node:internal/process/task_queues:105:5)

28.02.2025, 12:30:17 - Source: /montajniki/update_deal_handler
Error: TypeError: Cannot read properties of undefined (reading 'fact_amount')
    at C:\Users\emirh\Desktop\МОНТАЖНИКИ\aquatem_module\index.js:1399:85
    at Array.map (<anonymous>)
    at C:\Users\emirh\Desktop\МОНТАЖНИКИ\aquatem_module\index.js:1389:76
    at process.processTicksAndRejections (node:internal/process/task_queues:105:5)

28.02.2025, 12:30:18 - Source: /montajniki/update_deal_handler
Error: TypeError: Cannot read properties of undefined (reading 'fact_amount')
    at C:\Users\emirh\Desktop\МОНТАЖНИКИ\aquatem_module\index.js:1399:85
    at Array.map (<anonymous>)
    at C:\Users\emirh\Desktop\МОНТАЖНИКИ\aquatem_module\index.js:1389:76
    at process.processTicksAndRejections (node:internal/process/task_queues:105:5)

28.02.2025, 12:30:28 - Source: getDealsWithProducts
Error: Product with ID 5015 not found. Deal - 2043

28.02.2025, 12:30:28 - Source: getDealsWithProducts
Error: Product with ID 5119 not found. Deal - 2773

28.02.2025, 12:30:28 - Source: getDealsWithProducts
Error: Product with ID 5203 not found. Deal - 3507

28.02.2025, 12:30:28 - Source: getDealsWithProducts
Error: Product with ID 5187 not found. Deal - 3391

28.02.2025, 12:30:28 - Source: getDealsWithProducts
Error: Product with ID 5019 not found. Deal - 3639

28.02.2025, 12:31:14 - Source: getDealsWithProducts
Error: Product with ID 5015 not found. Deal - 2043

28.02.2025, 12:31:14 - Source: getDealsWithProducts
Error: Product with ID 5119 not found. Deal - 2773

28.02.2025, 12:31:14 - Source: getDealsWithProducts
Error: Product with ID 5019 not found. Deal - 3639

28.02.2025, 12:31:14 - Source: getDealsWithProducts
Error: Product with ID 5187 not found. Deal - 3391

28.02.2025, 12:31:14 - Source: getDealsWithProducts
Error: Product with ID 5203 not found. Deal - 3507

28.02.2025, 12:31:28 - Source: /montajniki/update_deal_handler
Error: TypeError: Cannot read properties of undefined (reading 'fact_amount')
    at C:\Users\emirh\Desktop\МОНТАЖНИКИ\aquatem_module\index.js:1399:85
    at Array.map (<anonymous>)
    at C:\Users\emirh\Desktop\МОНТАЖНИКИ\aquatem_module\index.js:1389:76
    at process.processTicksAndRejections (node:internal/process/task_queues:105:5)

28.02.2025, 12:32:27 - Source: getDealsWithProducts
Error: Product with ID 5015 not found. Deal - 2043

28.02.2025, 12:32:27 - Source: getDealsWithProducts
Error: Product with ID 5119 not found. Deal - 2773

28.02.2025, 12:32:27 - Source: getDealsWithProducts
Error: Product with ID 5019 not found. Deal - 3639

28.02.2025, 12:32:27 - Source: getDealsWithProducts
Error: Product with ID 5187 not found. Deal - 3391

28.02.2025, 12:32:27 - Source: getDealsWithProducts
Error: Product with ID 5203 not found. Deal - 3507

28.02.2025, 12:35:23 - Source: /montajniki/update_deal_handler
Error: TypeError: Cannot read properties of undefined (reading 'fact_amount')
    at C:\Users\emirh\Desktop\МОНТАЖНИКИ\aquatem_module\index.js:1399:85
    at Array.map (<anonymous>)
    at C:\Users\emirh\Desktop\МОНТАЖНИКИ\aquatem_module\index.js:1389:76
    at process.processTicksAndRejections (node:internal/process/task_queues:105:5)

28.02.2025, 12:39:57 - Source: /montajniki/update_deal_handler
Error: TypeError: Cannot read properties of undefined (reading 'fact_amount')
    at C:\Users\emirh\Desktop\МОНТАЖНИКИ\aquatem_module\index.js:1399:85
    at Array.map (<anonymous>)
    at C:\Users\emirh\Desktop\МОНТАЖНИКИ\aquatem_module\index.js:1389:76
    at process.processTicksAndRejections (node:internal/process/task_queues:105:5)

28.02.2025, 12:40:33 - Source: getDealsWithProducts
Error: Product with ID 5015 not found. Deal - 2043

28.02.2025, 12:40:33 - Source: getDealsWithProducts
Error: Product with ID 5119 not found. Deal - 2773

28.02.2025, 12:40:33 - Source: getDealsWithProducts
Error: Product with ID 5019 not found. Deal - 3639

28.02.2025, 12:40:33 - Source: getDealsWithProducts
Error: Product with ID 5187 not found. Deal - 3391

28.02.2025, 12:40:33 - Source: getDealsWithProducts
Error: Product with ID 5203 not found. Deal - 3507

28.02.2025, 12:40:54 - Source: getDealsWithProducts
Error: Product with ID 5203 not found. Deal - 3507

28.02.2025, 12:41:12 - Source: /montajniki/update_deal_handler
Error: TypeError: Cannot read properties of undefined (reading 'fact_amount')
    at C:\Users\emirh\Desktop\МОНТАЖНИКИ\aquatem_module\index.js:1399:85
    at Array.map (<anonymous>)
    at C:\Users\emirh\Desktop\МОНТАЖНИКИ\aquatem_module\index.js:1389:76
    at process.processTicksAndRejections (node:internal/process/task_queues:105:5)

28.02.2025, 12:41:17 - Source: /montajniki/update_deal_handler
Error: TypeError: Cannot read properties of undefined (reading 'fact_amount')
    at C:\Users\emirh\Desktop\МОНТАЖНИКИ\aquatem_module\index.js:1399:85
    at Array.map (<anonymous>)
    at C:\Users\emirh\Desktop\МОНТАЖНИКИ\aquatem_module\index.js:1389:76
    at process.processTicksAndRejections (node:internal/process/task_queues:105:5)

28.02.2025, 12:41:23 - Source: /montajniki/update_deal_handler
Error: TypeError: Cannot read properties of undefined (reading 'fact_amount')
    at C:\Users\emirh\Desktop\МОНТАЖНИКИ\aquatem_module\index.js:1399:85
    at Array.map (<anonymous>)
    at C:\Users\emirh\Desktop\МОНТАЖНИКИ\aquatem_module\index.js:1389:76
    at process.processTicksAndRejections (node:internal/process/task_queues:105:5)

28.02.2025, 12:41:52 - Source: getDealsWithProducts
Error: Product with ID 5015 not found. Deal - 2043

28.02.2025, 12:41:52 - Source: getDealsWithProducts
Error: Product with ID 5119 not found. Deal - 2773

28.02.2025, 12:41:52 - Source: getDealsWithProducts
Error: Product with ID 5187 not found. Deal - 3391

28.02.2025, 12:41:52 - Source: getDealsWithProducts
Error: Product with ID 5019 not found. Deal - 3639

28.02.2025, 12:41:52 - Source: getDealsWithProducts
Error: Product with ID 5203 not found. Deal - 3507

28.02.2025, 12:42:30 - Source: getDealsWithProducts
Error: Product with ID 5015 not found. Deal - 2043

28.02.2025, 12:42:30 - Source: getDealsWithProducts
Error: Product with ID 5119 not found. Deal - 2773

28.02.2025, 12:42:30 - Source: getDealsWithProducts
Error: Product with ID 5019 not found. Deal - 3639

28.02.2025, 12:42:30 - Source: getDealsWithProducts
Error: Product with ID 5203 not found. Deal - 3507

28.02.2025, 12:42:30 - Source: getDealsWithProducts
Error: Product with ID 5187 not found. Deal - 3391

28.02.2025, 12:43:50 - Source: /montajniki/update_deal_handler
Error: TypeError: Cannot read properties of undefined (reading 'fact_amount')
    at C:\Users\emirh\Desktop\МОНТАЖНИКИ\aquatem_module\index.js:1399:85
    at Array.map (<anonymous>)
    at C:\Users\emirh\Desktop\МОНТАЖНИКИ\aquatem_module\index.js:1389:76
    at process.processTicksAndRejections (node:internal/process/task_queues:105:5)

28.02.2025, 12:44:20 - Source: /montajniki/update_deal_handler
Error: TypeError: Cannot read properties of undefined (reading 'fact_amount')
    at C:\Users\emirh\Desktop\МОНТАЖНИКИ\aquatem_module\index.js:1399:85
    at Array.map (<anonymous>)
    at C:\Users\emirh\Desktop\МОНТАЖНИКИ\aquatem_module\index.js:1389:76
    at process.processTicksAndRejections (node:internal/process/task_queues:105:5)

28.02.2025, 12:46:13 - Source: /montajniki/update_deal_handler
Error: TypeError: Cannot read properties of undefined (reading 'fact_amount')
    at C:\Users\emirh\Desktop\МОНТАЖНИКИ\aquatem_module\index.js:1399:85
    at Array.map (<anonymous>)
    at C:\Users\emirh\Desktop\МОНТАЖНИКИ\aquatem_module\index.js:1389:76
    at process.processTicksAndRejections (node:internal/process/task_queues:105:5)

28.02.2025, 12:51:07 - Source: getDealsWithProducts
Error: Product with ID 5119 not found. Deal - 2773

28.02.2025, 12:51:07 - Source: getDealsWithProducts
Error: Product with ID 5203 not found. Deal - 3507

28.02.2025, 12:51:07 - Source: getDealsWithProducts
Error: Product with ID 5019 not found. Deal - 3639

28.02.2025, 12:51:07 - Source: getDealsWithProducts
Error: Product with ID 5015 not found. Deal - 2043

28.02.2025, 12:51:07 - Source: getDealsWithProducts
Error: Product with ID 5187 not found. Deal - 3391

28.02.2025, 12:51:09 - Source: getDealsWithProducts
Error: Product with ID 5015 not found. Deal - 2043

28.02.2025, 12:51:09 - Source: getDealsWithProducts
Error: Product with ID 5119 not found. Deal - 2773

28.02.2025, 12:51:09 - Source: getDealsWithProducts
Error: Product with ID 5019 not found. Deal - 3639

28.02.2025, 12:51:09 - Source: getDealsWithProducts
Error: Product with ID 5187 not found. Deal - 3391

28.02.2025, 12:51:09 - Source: getDealsWithProducts
Error: Product with ID 5203 not found. Deal - 3507

28.02.2025, 12:51:13 - Source: getDealsWithProducts
Error: Product with ID 5203 not found. Deal - 3507

28.02.2025, 12:51:26 - Source: getDealsWithProducts
Error: Product with ID 5015 not found. Deal - 2043

28.02.2025, 12:51:26 - Source: getDealsWithProducts
Error: Product with ID 5119 not found. Deal - 2773

28.02.2025, 12:51:26 - Source: getDealsWithProducts
Error: Product with ID 5187 not found. Deal - 3391

28.02.2025, 12:51:26 - Source: getDealsWithProducts
Error: Product with ID 5019 not found. Deal - 3639

28.02.2025, 12:51:26 - Source: getDealsWithProducts
Error: Product with ID 5203 not found. Deal - 3507

28.02.2025, 12:56:57 - Source: getDealsWithProducts
Error: Product with ID 5015 not found. Deal - 2043

28.02.2025, 12:56:57 - Source: getDealsWithProducts
Error: Product with ID 5119 not found. Deal - 2773

28.02.2025, 12:56:57 - Source: getDealsWithProducts
Error: Product with ID 5019 not found. Deal - 3639

28.02.2025, 12:56:57 - Source: getDealsWithProducts
Error: Product with ID 5203 not found. Deal - 3507

28.02.2025, 12:56:57 - Source: getDealsWithProducts
Error: Product with ID 5187 not found. Deal - 3391

28.02.2025, 12:57:05 - Source: getDealsWithProducts
Error: Product with ID 5015 not found. Deal - 2043

28.02.2025, 12:57:05 - Source: getDealsWithProducts
Error: Product with ID 5119 not found. Deal - 2773

28.02.2025, 12:57:05 - Source: getDealsWithProducts
Error: Product with ID 5187 not found. Deal - 3391

28.02.2025, 12:57:05 - Source: getDealsWithProducts
Error: Product with ID 5019 not found. Deal - 3639

28.02.2025, 12:57:05 - Source: getDealsWithProducts
Error: Product with ID 5203 not found. Deal - 3507

28.02.2025, 12:57:57 - Source: DealsService updateDeal
Error: HTTPError: Response code 400 (Bad Request)
    at Request.<anonymous> (C:\Users\emirh\Desktop\МОНТАЖНИКИ\aquatem_module\node_modules\got\dist\source\as-promise\index.js:117:42)
    at process.processTicksAndRejections (node:internal/process/task_queues:105:5)

28.02.2025, 12:57:57 - Source: /montajniki/update_deal/
Error: Error: Error while updating product rows for deal 3981 in bx
    at C:\Users\emirh\Desktop\МОНТАЖНИКИ\aquatem_module\index.js:318:13
    at process.processTicksAndRejections (node:internal/process/task_queues:105:5)

28.02.2025, 12:59:01 - Source: getDealsWithProducts
Error: Product with ID 5119 not found. Deal - 2773

28.02.2025, 12:59:01 - Source: getDealsWithProducts
Error: Product with ID 5015 not found. Deal - 2043

28.02.2025, 12:59:01 - Source: getDealsWithProducts
Error: Product with ID 5187 not found. Deal - 3391

28.02.2025, 12:59:01 - Source: getDealsWithProducts
Error: Product with ID 5019 not found. Deal - 3639

28.02.2025, 12:59:01 - Source: getDealsWithProducts
Error: Product with ID 5203 not found. Deal - 3507

28.02.2025, 12:59:09 - Source: getDealsWithProducts
Error: Product with ID 5015 not found. Deal - 2043

28.02.2025, 12:59:09 - Source: getDealsWithProducts
Error: Product with ID 5119 not found. Deal - 2773

28.02.2025, 12:59:09 - Source: getDealsWithProducts
Error: Product with ID 5019 not found. Deal - 3639

28.02.2025, 12:59:09 - Source: getDealsWithProducts
Error: Product with ID 5187 not found. Deal - 3391

28.02.2025, 12:59:09 - Source: getDealsWithProducts
Error: Product with ID 5203 not found. Deal - 3507

28.02.2025, 12:59:21 - Source: getDealsWithProducts
Error: Product with ID 5119 not found. Deal - 2773

28.02.2025, 12:59:21 - Source: getDealsWithProducts
Error: Product with ID 5015 not found. Deal - 2043

28.02.2025, 12:59:21 - Source: getDealsWithProducts
Error: Product with ID 5187 not found. Deal - 3391

28.02.2025, 12:59:21 - Source: getDealsWithProducts
Error: Product with ID 5019 not found. Deal - 3639

28.02.2025, 12:59:21 - Source: getDealsWithProducts
Error: Product with ID 5203 not found. Deal - 3507

28.02.2025, 12:59:25 - Source: getDealsWithProducts
Error: Product with ID 5203 not found. Deal - 3507

28.02.2025, 13:01:49 - Source: getDealsWithProducts
Error: Product with ID 5015 not found. Deal - 2043

28.02.2025, 13:01:49 - Source: getDealsWithProducts
Error: Product with ID 5119 not found. Deal - 2773

28.02.2025, 13:01:49 - Source: getDealsWithProducts
Error: Product with ID 5019 not found. Deal - 3639

28.02.2025, 13:01:49 - Source: getDealsWithProducts
Error: Product with ID 5203 not found. Deal - 3507

28.02.2025, 13:01:49 - Source: getDealsWithProducts
Error: Product with ID 5187 not found. Deal - 3391

28.02.2025, 13:02:21 - Source: getDealsWithProducts
Error: Product with ID 5015 not found. Deal - 2043

28.02.2025, 13:02:21 - Source: getDealsWithProducts
Error: Product with ID 5119 not found. Deal - 2773

28.02.2025, 13:02:21 - Source: getDealsWithProducts
Error: Product with ID 5187 not found. Deal - 3391

28.02.2025, 13:02:21 - Source: getDealsWithProducts
Error: Product with ID 5019 not found. Deal - 3639

28.02.2025, 13:02:21 - Source: getDealsWithProducts
Error: Product with ID 5203 not found. Deal - 3507

28.02.2025, 13:02:29 - Source: getDealsWithProducts
Error: Product with ID 5015 not found. Deal - 2043

28.02.2025, 13:02:29 - Source: getDealsWithProducts
Error: Product with ID 5187 not found. Deal - 3391

28.02.2025, 13:02:29 - Source: getDealsWithProducts
Error: Product with ID 5019 not found. Deal - 3639

28.02.2025, 13:02:29 - Source: getDealsWithProducts
Error: Product with ID 5119 not found. Deal - 2773

28.02.2025, 13:02:29 - Source: getDealsWithProducts
Error: Product with ID 5203 not found. Deal - 3507

28.02.2025, 13:02:49 - Source: getDealsWithProducts
Error: Product with ID 5015 not found. Deal - 2043

28.02.2025, 13:02:49 - Source: getDealsWithProducts
Error: Product with ID 5119 not found. Deal - 2773

28.02.2025, 13:02:49 - Source: getDealsWithProducts
Error: Product with ID 5019 not found. Deal - 3639

28.02.2025, 13:02:49 - Source: getDealsWithProducts
Error: Product with ID 5187 not found. Deal - 3391

28.02.2025, 13:02:49 - Source: getDealsWithProducts
Error: Product with ID 5203 not found. Deal - 3507

28.02.2025, 13:03:38 - Source: getDealsWithProducts
Error: Product with ID 5015 not found. Deal - 2043

28.02.2025, 13:03:38 - Source: getDealsWithProducts
Error: Product with ID 5119 not found. Deal - 2773

28.02.2025, 13:03:38 - Source: getDealsWithProducts
Error: Product with ID 5187 not found. Deal - 3391

28.02.2025, 13:03:38 - Source: getDealsWithProducts
Error: Product with ID 5203 not found. Deal - 3507

28.02.2025, 13:03:38 - Source: getDealsWithProducts
Error: Product with ID 5019 not found. Deal - 3639

28.02.2025, 13:03:53 - Source: getDealsWithProducts
Error: Product with ID 5015 not found. Deal - 2043

28.02.2025, 13:03:53 - Source: getDealsWithProducts
Error: Product with ID 5119 not found. Deal - 2773

28.02.2025, 13:03:53 - Source: getDealsWithProducts
Error: Product with ID 5187 not found. Deal - 3391

28.02.2025, 13:03:53 - Source: getDealsWithProducts
Error: Product with ID 5203 not found. Deal - 3507

28.02.2025, 13:03:53 - Source: getDealsWithProducts
Error: Product with ID 5019 not found. Deal - 3639

28.02.2025, 13:12:48 - Source: /montajniki/update_deal_handler
Error: TypeError: Cannot read properties of undefined (reading 'fact_amount')
    at C:\Users\emirh\Desktop\МОНТАЖНИКИ\aquatem_module\index.js:1400:85
    at Array.map (<anonymous>)
    at C:\Users\emirh\Desktop\МОНТАЖНИКИ\aquatem_module\index.js:1390:76
    at process.processTicksAndRejections (node:internal/process/task_queues:105:5)

28.02.2025, 13:14:11 - Source: /montajniki/update_deal_handler
Error: TypeError: Cannot read properties of undefined (reading 'fact_amount')
    at C:\Users\emirh\Desktop\МОНТАЖНИКИ\aquatem_module\index.js:1400:85
    at Array.map (<anonymous>)
    at C:\Users\emirh\Desktop\МОНТАЖНИКИ\aquatem_module\index.js:1390:76
    at process.processTicksAndRejections (node:internal/process/task_queues:105:5)

28.02.2025, 13:14:25 - Source: /montajniki/update_deal_handler
Error: TypeError: Cannot read properties of undefined (reading 'fact_amount')
    at C:\Users\emirh\Desktop\МОНТАЖНИКИ\aquatem_module\index.js:1400:85
    at Array.map (<anonymous>)
    at C:\Users\emirh\Desktop\МОНТАЖНИКИ\aquatem_module\index.js:1390:76
    at process.processTicksAndRejections (node:internal/process/task_queues:105:5)

28.02.2025, 13:17:05 - Source: getDealsWithProducts
Error: Product with ID 5015 not found. Deal - 2043

28.02.2025, 13:17:05 - Source: getDealsWithProducts
Error: Product with ID 5119 not found. Deal - 2773

28.02.2025, 13:17:05 - Source: getDealsWithProducts
Error: Product with ID 5187 not found. Deal - 3391

28.02.2025, 13:17:05 - Source: getDealsWithProducts
Error: Product with ID 5203 not found. Deal - 3507

28.02.2025, 13:17:05 - Source: getDealsWithProducts
Error: Product with ID 5019 not found. Deal - 3639

28.02.2025, 13:17:12 - Source: getDealsWithProducts
Error: Product with ID 5015 not found. Deal - 2043

28.02.2025, 13:17:12 - Source: getDealsWithProducts
Error: Product with ID 5119 not found. Deal - 2773

28.02.2025, 13:17:12 - Source: getDealsWithProducts
Error: Product with ID 5187 not found. Deal - 3391

28.02.2025, 13:17:12 - Source: getDealsWithProducts
Error: Product with ID 5019 not found. Deal - 3639

28.02.2025, 13:17:12 - Source: getDealsWithProducts
Error: Product with ID 5203 not found. Deal - 3507

28.02.2025, 13:17:19 - Source: getDealsWithProducts
Error: Product with ID 5015 not found. Deal - 2043

28.02.2025, 13:17:19 - Source: getDealsWithProducts
Error: Product with ID 5203 not found. Deal - 3507

28.02.2025, 13:17:19 - Source: getDealsWithProducts
Error: Product with ID 5019 not found. Deal - 3639

28.02.2025, 13:17:19 - Source: getDealsWithProducts
Error: Product with ID 5119 not found. Deal - 2773

28.02.2025, 13:17:19 - Source: getDealsWithProducts
Error: Product with ID 5187 not found. Deal - 3391

28.02.2025, 13:17:51 - Source: getDealsWithProducts
Error: Product with ID 5015 not found. Deal - 2043

28.02.2025, 13:17:51 - Source: getDealsWithProducts
Error: Product with ID 5119 not found. Deal - 2773

28.02.2025, 13:17:51 - Source: getDealsWithProducts
Error: Product with ID 5019 not found. Deal - 3639

28.02.2025, 13:17:51 - Source: getDealsWithProducts
Error: Product with ID 5187 not found. Deal - 3391

28.02.2025, 13:17:51 - Source: getDealsWithProducts
Error: Product with ID 5203 not found. Deal - 3507

28.02.2025, 13:18:08 - Source: getDealsWithProducts
Error: Product with ID 5015 not found. Deal - 2043

28.02.2025, 13:18:08 - Source: getDealsWithProducts
Error: Product with ID 5119 not found. Deal - 2773

28.02.2025, 13:18:08 - Source: getDealsWithProducts
Error: Product with ID 5187 not found. Deal - 3391

28.02.2025, 13:18:08 - Source: getDealsWithProducts
Error: Product with ID 5019 not found. Deal - 3639

28.02.2025, 13:18:08 - Source: getDealsWithProducts
Error: Product with ID 5203 not found. Deal - 3507

28.02.2025, 13:18:12 - Source: getDealsWithProducts
Error: Product with ID 5203 not found. Deal - 3507

28.02.2025, 13:20:57 - Source: getDealsWithProducts
Error: Product with ID 5203 not found. Deal - 3507

28.02.2025, 13:21:31 - Source: /montajniki/update_deal_handler
Error: TypeError: Cannot read properties of undefined (reading 'fact_amount')
    at C:\Users\emirh\Desktop\МОНТАЖНИКИ\aquatem_module\index.js:1400:85
    at Array.map (<anonymous>)
    at C:\Users\emirh\Desktop\МОНТАЖНИКИ\aquatem_module\index.js:1390:76
    at process.processTicksAndRejections (node:internal/process/task_queues:105:5)

28.02.2025, 13:22:51 - Source: getDealsWithProducts
Error: Product with ID 5203 not found. Deal - 3507

28.02.2025, 13:23:48 - Source: getDealsWithProducts
Error: Product with ID 5203 not found. Deal - 3507

28.02.2025, 13:24:53 - Source: getDealsWithProducts
Error: Product with ID 5203 not found. Deal - 3507

28.02.2025, 13:26:13 - Source: getDealsWithProducts
Error: Product with ID 5203 not found. Deal - 3507

28.02.2025, 13:27:32 - Source: getDealsWithProducts
Error: Product with ID 5203 not found. Deal - 3507

28.02.2025, 13:32:18 - Source: /montajniki/update_deal_handler
Error: TypeError: Cannot read properties of undefined (reading 'fact_amount')
    at C:\Users\emirh\Desktop\МОНТАЖНИКИ\aquatem_module\index.js:1400:85
    at Array.map (<anonymous>)
    at C:\Users\emirh\Desktop\МОНТАЖНИКИ\aquatem_module\index.js:1390:76
    at process.processTicksAndRejections (node:internal/process/task_queues:105:5)

28.02.2025, 13:32:28 - Source: getDealsWithProducts
Error: Product with ID 5015 not found. Deal - 2043

28.02.2025, 13:32:28 - Source: getDealsWithProducts
Error: Product with ID 5119 not found. Deal - 2773

28.02.2025, 13:32:28 - Source: getDealsWithProducts
Error: Product with ID 5019 not found. Deal - 3639

28.02.2025, 13:32:28 - Source: getDealsWithProducts
Error: Product with ID 5203 not found. Deal - 3507

28.02.2025, 13:32:28 - Source: getDealsWithProducts
Error: Product with ID 5187 not found. Deal - 3391

28.02.2025, 13:33:08 - Source: getDealsWithProducts
Error: Product with ID 5203 not found. Deal - 3507

28.02.2025, 13:35:55 - Source: getDealsWithProducts
Error: Product with ID 5015 not found. Deal - 2043

28.02.2025, 13:35:55 - Source: getDealsWithProducts
Error: Product with ID 5119 not found. Deal - 2773

28.02.2025, 13:35:55 - Source: getDealsWithProducts
Error: Product with ID 5187 not found. Deal - 3391

28.02.2025, 13:35:55 - Source: getDealsWithProducts
Error: Product with ID 5019 not found. Deal - 3639

28.02.2025, 13:35:55 - Source: getDealsWithProducts
Error: Product with ID 5203 not found. Deal - 3507

28.02.2025, 13:36:32 - Source: getDealsWithProducts
Error: Product with ID 5015 not found. Deal - 2043

28.02.2025, 13:36:32 - Source: getDealsWithProducts
Error: Product with ID 5203 not found. Deal - 3507

28.02.2025, 13:36:32 - Source: getDealsWithProducts
Error: Product with ID 5019 not found. Deal - 3639

28.02.2025, 13:36:32 - Source: getDealsWithProducts
Error: Product with ID 5187 not found. Deal - 3391

28.02.2025, 13:36:32 - Source: getDealsWithProducts
Error: Product with ID 5119 not found. Deal - 2773

28.02.2025, 20:57:17 - Source: /montajniki/update_deal_handler
Error: TypeError: Cannot read properties of undefined (reading 'fact_amount')
    at C:\Users\emirh\Desktop\МОНТАЖНИКИ\aquatem_module\index.js:1400:85
    at Array.map (<anonymous>)
    at C:\Users\emirh\Desktop\МОНТАЖНИКИ\aquatem_module\index.js:1390:76
    at process.processTicksAndRejections (node:internal/process/task_queues:105:5)

28.02.2025, 20:59:31 - Source: getDealsWithProducts
Error: Product with ID 5015 not found. Deal - 2043

28.02.2025, 20:59:31 - Source: getDealsWithProducts
Error: Product with ID 5119 not found. Deal - 2773

28.02.2025, 20:59:31 - Source: getDealsWithProducts
Error: Product with ID 5019 not found. Deal - 3639

28.02.2025, 20:59:31 - Source: getDealsWithProducts
Error: Product with ID 5187 not found. Deal - 3391

28.02.2025, 20:59:31 - Source: getDealsWithProducts
Error: Product with ID 5203 not found. Deal - 3507

28.02.2025, 21:03:25 - Source: getDealsWithProducts
Error: Product with ID 5015 not found. Deal - 2043

28.02.2025, 21:03:25 - Source: getDealsWithProducts
Error: Product with ID 5119 not found. Deal - 2773

28.02.2025, 21:03:25 - Source: getDealsWithProducts
Error: Product with ID 5019 not found. Deal - 3639

28.02.2025, 21:03:25 - Source: getDealsWithProducts
Error: Product with ID 5187 not found. Deal - 3391

28.02.2025, 21:03:25 - Source: getDealsWithProducts
Error: Product with ID 5203 not found. Deal - 3507

28.02.2025, 21:15:04 - Source: getDealsWithProducts
Error: Product with ID 5015 not found. Deal - 2043

28.02.2025, 21:15:04 - Source: getDealsWithProducts
Error: Product with ID 5119 not found. Deal - 2773

28.02.2025, 21:15:04 - Source: getDealsWithProducts
Error: Product with ID 5187 not found. Deal - 3391

28.02.2025, 21:15:04 - Source: getDealsWithProducts
Error: Product with ID 5203 not found. Deal - 3507

28.02.2025, 21:15:04 - Source: getDealsWithProducts
Error: Product with ID 5019 not found. Deal - 3639

28.02.2025, 21:15:59 - Source: getDealsWithProducts
Error: Product with ID 5015 not found. Deal - 2043

28.02.2025, 21:15:59 - Source: getDealsWithProducts
Error: Product with ID 5119 not found. Deal - 2773

28.02.2025, 21:15:59 - Source: getDealsWithProducts
Error: Product with ID 5019 not found. Deal - 3639

28.02.2025, 21:15:59 - Source: getDealsWithProducts
Error: Product with ID 5187 not found. Deal - 3391

28.02.2025, 21:15:59 - Source: getDealsWithProducts
Error: Product with ID 5203 not found. Deal - 3507

28.02.2025, 21:16:42 - Source: getDealsWithProducts
Error: Product with ID 5015 not found. Deal - 2043

28.02.2025, 21:16:42 - Source: getDealsWithProducts
Error: Product with ID 5119 not found. Deal - 2773

28.02.2025, 21:16:42 - Source: getDealsWithProducts
Error: Product with ID 5019 not found. Deal - 3639

28.02.2025, 21:16:42 - Source: getDealsWithProducts
Error: Product with ID 5187 not found. Deal - 3391

28.02.2025, 21:16:42 - Source: getDealsWithProducts
Error: Product with ID 5203 not found. Deal - 3507

28.02.2025, 21:16:44 - Source: getDealsWithProducts
Error: Product with ID 5015 not found. Deal - 2043

28.02.2025, 21:16:44 - Source: getDealsWithProducts
Error: Product with ID 5203 not found. Deal - 3507

28.02.2025, 21:16:44 - Source: getDealsWithProducts
Error: Product with ID 5019 not found. Deal - 3639

28.02.2025, 21:16:44 - Source: getDealsWithProducts
Error: Product with ID 5187 not found. Deal - 3391

28.02.2025, 21:16:44 - Source: getDealsWithProducts
Error: Product with ID 5119 not found. Deal - 2773

28.02.2025, 21:17:06 - Source: getDealsWithProducts
Error: Product with ID 5015 not found. Deal - 2043

28.02.2025, 21:17:06 - Source: getDealsWithProducts
Error: Product with ID 5203 not found. Deal - 3507

28.02.2025, 21:17:06 - Source: getDealsWithProducts
Error: Product with ID 5119 not found. Deal - 2773

28.02.2025, 21:17:06 - Source: getDealsWithProducts
Error: Product with ID 5019 not found. Deal - 3639

28.02.2025, 21:17:06 - Source: getDealsWithProducts
Error: Product with ID 5187 not found. Deal - 3391

28.02.2025, 21:17:38 - Source: getDealsWithProducts
Error: Product with ID 5015 not found. Deal - 2043

28.02.2025, 21:17:38 - Source: getDealsWithProducts
Error: Product with ID 5119 not found. Deal - 2773

28.02.2025, 21:17:38 - Source: getDealsWithProducts
Error: Product with ID 5187 not found. Deal - 3391

28.02.2025, 21:17:38 - Source: getDealsWithProducts
Error: Product with ID 5019 not found. Deal - 3639

28.02.2025, 21:17:38 - Source: getDealsWithProducts
Error: Product with ID 5203 not found. Deal - 3507

28.02.2025, 21:20:35 - Source: getDealsWithProducts
Error: Product with ID 5015 not found. Deal - 2043

28.02.2025, 21:20:35 - Source: getDealsWithProducts
Error: Product with ID 5119 not found. Deal - 2773

28.02.2025, 21:20:35 - Source: getDealsWithProducts
Error: Product with ID 5203 not found. Deal - 3507

28.02.2025, 21:20:35 - Source: getDealsWithProducts
Error: Product with ID 5187 not found. Deal - 3391

28.02.2025, 21:20:35 - Source: getDealsWithProducts
Error: Product with ID 5019 not found. Deal - 3639

28.02.2025, 21:22:10 - Source: getDealsWithProducts
Error: Product with ID 5015 not found. Deal - 2043

28.02.2025, 21:22:10 - Source: getDealsWithProducts
Error: Product with ID 5119 not found. Deal - 2773

28.02.2025, 21:22:10 - Source: getDealsWithProducts
Error: Product with ID 5187 not found. Deal - 3391

28.02.2025, 21:22:10 - Source: getDealsWithProducts
Error: Product with ID 5019 not found. Deal - 3639

28.02.2025, 21:22:10 - Source: getDealsWithProducts
Error: Product with ID 5203 not found. Deal - 3507

28.02.2025, 21:23:13 - Source: getDealsWithProducts
Error: Product with ID 5015 not found. Deal - 2043

28.02.2025, 21:23:13 - Source: getDealsWithProducts
Error: Product with ID 5119 not found. Deal - 2773

28.02.2025, 21:23:13 - Source: getDealsWithProducts
Error: Product with ID 5187 not found. Deal - 3391

28.02.2025, 21:23:13 - Source: getDealsWithProducts
Error: Product with ID 5019 not found. Deal - 3639

28.02.2025, 21:23:13 - Source: getDealsWithProducts
Error: Product with ID 5203 not found. Deal - 3507

28.02.2025, 21:23:15 - Source: getDealsWithProducts
Error: Product with ID 5015 not found. Deal - 2043

28.02.2025, 21:23:15 - Source: getDealsWithProducts
Error: Product with ID 5119 not found. Deal - 2773

28.02.2025, 21:23:15 - Source: getDealsWithProducts
Error: Product with ID 5187 not found. Deal - 3391

28.02.2025, 21:23:15 - Source: getDealsWithProducts
Error: Product with ID 5019 not found. Deal - 3639

28.02.2025, 21:23:15 - Source: getDealsWithProducts
Error: Product with ID 5203 not found. Deal - 3507

28.02.2025, 21:23:38 - Source: DealsService updateDeal
Error: HTTPError: Response code 400 (Bad Request)
    at Request.<anonymous> (C:\Users\emirh\Desktop\МОНТАЖНИКИ\aquatem_module\node_modules\got\dist\source\as-promise\index.js:117:42)
    at process.processTicksAndRejections (node:internal/process/task_queues:105:5)

28.02.2025, 21:23:38 - Source: /montajniki/update_deal/
Error: Error: Error while updating product rows for deal 3997 in bx
    at C:\Users\emirh\Desktop\МОНТАЖНИКИ\aquatem_module\index.js:318:13
    at process.processTicksAndRejections (node:internal/process/task_queues:105:5)

28.02.2025, 21:31:20 - Source: getDealsWithProducts
Error: Product with ID 5015 not found. Deal - 2043

28.02.2025, 21:31:20 - Source: getDealsWithProducts
Error: Product with ID 5119 not found. Deal - 2773

28.02.2025, 21:31:20 - Source: getDealsWithProducts
Error: Product with ID 5019 not found. Deal - 3639

28.02.2025, 21:31:20 - Source: getDealsWithProducts
Error: Product with ID 5187 not found. Deal - 3391

28.02.2025, 21:31:20 - Source: getDealsWithProducts
Error: Product with ID 5203 not found. Deal - 3507

28.02.2025, 21:35:26 - Source: getDealsWithProducts
Error: Product with ID 5015 not found. Deal - 2043

28.02.2025, 21:35:26 - Source: getDealsWithProducts
Error: Product with ID 5119 not found. Deal - 2773

28.02.2025, 21:35:26 - Source: getDealsWithProducts
Error: Product with ID 5187 not found. Deal - 3391

28.02.2025, 21:35:26 - Source: getDealsWithProducts
Error: Product with ID 5203 not found. Deal - 3507

28.02.2025, 21:35:26 - Source: getDealsWithProducts
Error: Product with ID 5019 not found. Deal - 3639

28.02.2025, 21:35:49 - Source: DealsService updateDeal
Error: HTTPError: Response code 400 (Bad Request)
    at Request.<anonymous> (C:\Users\emirh\Desktop\МОНТАЖНИКИ\aquatem_module\node_modules\got\dist\source\as-promise\index.js:117:42)
    at process.processTicksAndRejections (node:internal/process/task_queues:105:5)

28.02.2025, 21:35:49 - Source: /montajniki/update_deal/
Error: Error: Error while updating product rows for deal 3999 in bx
    at C:\Users\emirh\Desktop\МОНТАЖНИКИ\aquatem_module\index.js:327:13
    at process.processTicksAndRejections (node:internal/process/task_queues:105:5)

28.02.2025, 21:42:09 - Source: getDealsWithProducts
Error: Product with ID 5015 not found. Deal - 2043

28.02.2025, 21:42:09 - Source: getDealsWithProducts
Error: Product with ID 5119 not found. Deal - 2773

28.02.2025, 21:42:09 - Source: getDealsWithProducts
Error: Product with ID 5203 not found. Deal - 3507

28.02.2025, 21:42:09 - Source: getDealsWithProducts
Error: Product with ID 5019 not found. Deal - 3639

28.02.2025, 21:42:09 - Source: getDealsWithProducts
Error: Product with ID 5187 not found. Deal - 3391

28.02.2025, 21:42:23 - Source: DealsService updateDeal
Error: HTTPError: Response code 400 (Bad Request)
    at Request.<anonymous> (C:\Users\emirh\Desktop\МОНТАЖНИКИ\aquatem_module\node_modules\got\dist\source\as-promise\index.js:117:42)
    at process.processTicksAndRejections (node:internal/process/task_queues:105:5)

28.02.2025, 21:42:23 - Source: /montajniki/update_deal/
Error: Error: Error while updating product rows for deal 4001 in bx
    at C:\Users\emirh\Desktop\МОНТАЖНИКИ\aquatem_module\index.js:327:13
    at process.processTicksAndRejections (node:internal/process/task_queues:105:5)

28.02.2025, 21:55:35 - Source: getDealsWithProducts
Error: Product with ID 5015 not found. Deal - 2043

28.02.2025, 21:55:35 - Source: getDealsWithProducts
Error: Product with ID 5119 not found. Deal - 2773

28.02.2025, 21:55:35 - Source: getDealsWithProducts
Error: Product with ID 5187 not found. Deal - 3391

28.02.2025, 21:55:35 - Source: getDealsWithProducts
Error: Product with ID 5203 not found. Deal - 3507

28.02.2025, 21:55:35 - Source: getDealsWithProducts
Error: Product with ID 5019 not found. Deal - 3639

28.02.2025, 21:57:34 - Source: getDealsWithProducts
Error: Product with ID 5015 not found. Deal - 2043

28.02.2025, 21:57:34 - Source: getDealsWithProducts
Error: Product with ID 5119 not found. Deal - 2773

28.02.2025, 21:57:34 - Source: getDealsWithProducts
Error: Product with ID 5187 not found. Deal - 3391

28.02.2025, 21:57:34 - Source: getDealsWithProducts
Error: Product with ID 5019 not found. Deal - 3639

28.02.2025, 21:57:34 - Source: getDealsWithProducts
Error: Product with ID 5203 not found. Deal - 3507

28.02.2025, 21:57:45 - Source: /montajniki/update_deal/
Error: ReferenceError: error_description is not defined
    at DealsService.updateDealProductRows (C:\Users\emirh\Desktop\МОНТАЖНИКИ\aquatem_module\services\deals.js:202:71)
    at process.processTicksAndRejections (node:internal/process/task_queues:105:5)
    at async C:\Users\emirh\Desktop\МОНТАЖНИКИ\aquatem_module\index.js:321:9

28.02.2025, 22:03:10 - Source: getDealsWithProducts
Error: Product with ID 5015 not found. Deal - 2043

28.02.2025, 22:03:10 - Source: getDealsWithProducts
Error: Product with ID 5119 not found. Deal - 2773

28.02.2025, 22:03:10 - Source: getDealsWithProducts
Error: Product with ID 5187 not found. Deal - 3391

28.02.2025, 22:03:10 - Source: getDealsWithProducts
Error: Product with ID 5203 not found. Deal - 3507

28.02.2025, 22:03:10 - Source: getDealsWithProducts
Error: Product with ID 5019 not found. Deal - 3639

28.02.2025, 22:03:20 - Source: DealsService updateDeal
Error: HTTPError: Response code 400 (Bad Request)
    at Request.<anonymous> (C:\Users\emirh\Desktop\МОНТАЖНИКИ\aquatem_module\node_modules\got\dist\source\as-promise\index.js:117:42)
    at process.processTicksAndRejections (node:internal/process/task_queues:105:5)

28.02.2025, 22:03:20 - Source: /montajniki/update_deal/
Error: Error: Error while updating product rows for deal 4005 in bx
    at C:\Users\emirh\Desktop\МОНТАЖНИКИ\aquatem_module\index.js:327:13
    at process.processTicksAndRejections (node:internal/process/task_queues:105:5)

28.02.2025, 22:18:32 - Source: getDealsWithProducts
Error: Product with ID 5015 not found. Deal - 2043

28.02.2025, 22:18:32 - Source: getDealsWithProducts
Error: Product with ID 5119 not found. Deal - 2773

28.02.2025, 22:18:32 - Source: getDealsWithProducts
Error: Product with ID 5187 not found. Deal - 3391

28.02.2025, 22:18:32 - Source: getDealsWithProducts
Error: Product with ID 5019 not found. Deal - 3639

28.02.2025, 22:18:32 - Source: getDealsWithProducts
Error: Product with ID 5203 not found. Deal - 3507

28.02.2025, 22:20:35 - Source: getDealsWithProducts
Error: Product with ID 5015 not found. Deal - 2043

28.02.2025, 22:20:35 - Source: getDealsWithProducts
Error: Product with ID 5119 not found. Deal - 2773

28.02.2025, 22:20:35 - Source: getDealsWithProducts
Error: Product with ID 5187 not found. Deal - 3391

28.02.2025, 22:20:35 - Source: getDealsWithProducts
Error: Product with ID 5019 not found. Deal - 3639

28.02.2025, 22:20:35 - Source: getDealsWithProducts
Error: Product with ID 5203 not found. Deal - 3507

28.02.2025, 22:20:57 - Source: getDealsWithProducts
Error: Product with ID 5015 not found. Deal - 2043

28.02.2025, 22:20:57 - Source: getDealsWithProducts
Error: Product with ID 5119 not found. Deal - 2773

28.02.2025, 22:20:57 - Source: getDealsWithProducts
Error: Product with ID 5203 not found. Deal - 3507

28.02.2025, 22:20:57 - Source: getDealsWithProducts
Error: Product with ID 5019 not found. Deal - 3639

28.02.2025, 22:20:57 - Source: getDealsWithProducts
Error: Product with ID 5187 not found. Deal - 3391

28.02.2025, 22:21:58 - Source: getDealsWithProducts
Error: Product with ID 5015 not found. Deal - 2043

28.02.2025, 22:21:58 - Source: getDealsWithProducts
Error: Product with ID 5119 not found. Deal - 2773

28.02.2025, 22:21:58 - Source: getDealsWithProducts
Error: Product with ID 5187 not found. Deal - 3391

28.02.2025, 22:21:58 - Source: getDealsWithProducts
Error: Product with ID 5019 not found. Deal - 3639

28.02.2025, 22:21:58 - Source: getDealsWithProducts
Error: Product with ID 5203 not found. Deal - 3507

28.02.2025, 22:22:05 - Source: getDealsWithProducts
Error: Product with ID 5119 not found. Deal - 2773

28.02.2025, 22:22:05 - Source: getDealsWithProducts
Error: Product with ID 5015 not found. Deal - 2043

28.02.2025, 22:22:05 - Source: getDealsWithProducts
Error: Product with ID 5203 not found. Deal - 3507

28.02.2025, 22:22:05 - Source: getDealsWithProducts
Error: Product with ID 5019 not found. Deal - 3639

28.02.2025, 22:22:05 - Source: getDealsWithProducts
Error: Product with ID 5187 not found. Deal - 3391

28.02.2025, 22:22:08 - Source: getDealsWithProducts
Error: Product with ID 5015 not found. Deal - 2043

28.02.2025, 22:22:08 - Source: getDealsWithProducts
Error: Product with ID 5119 not found. Deal - 2773

28.02.2025, 22:22:08 - Source: getDealsWithProducts
Error: Product with ID 5203 not found. Deal - 3507

28.02.2025, 22:22:08 - Source: getDealsWithProducts
Error: Product with ID 5187 not found. Deal - 3391

28.02.2025, 22:22:08 - Source: getDealsWithProducts
Error: Product with ID 5019 not found. Deal - 3639

28.02.2025, 22:27:38 - Source: getDealsWithProducts
Error: Product with ID 5015 not found. Deal - 2043

28.02.2025, 22:27:38 - Source: getDealsWithProducts
Error: Product with ID 5119 not found. Deal - 2773

28.02.2025, 22:27:38 - Source: getDealsWithProducts
Error: Product with ID 5019 not found. Deal - 3639

28.02.2025, 22:27:38 - Source: getDealsWithProducts
Error: Product with ID 5187 not found. Deal - 3391

28.02.2025, 22:27:38 - Source: getDealsWithProducts
Error: Product with ID 5203 not found. Deal - 3507

28.02.2025, 22:27:52 - Source: getDealsWithProducts
Error: Product with ID 5015 not found. Deal - 2043

28.02.2025, 22:27:52 - Source: getDealsWithProducts
Error: Product with ID 5119 not found. Deal - 2773

28.02.2025, 22:27:52 - Source: getDealsWithProducts
Error: Product with ID 5019 not found. Deal - 3639

28.02.2025, 22:27:52 - Source: getDealsWithProducts
Error: Product with ID 5187 not found. Deal - 3391

28.02.2025, 22:27:52 - Source: getDealsWithProducts
Error: Product with ID 5203 not found. Deal - 3507

28.02.2025, 22:32:17 - Source: getDealsWithProducts
Error: Product with ID 5015 not found. Deal - 2043

28.02.2025, 22:32:17 - Source: getDealsWithProducts
Error: Product with ID 5119 not found. Deal - 2773

28.02.2025, 22:32:17 - Source: getDealsWithProducts
Error: Product with ID 5187 not found. Deal - 3391

28.02.2025, 22:32:17 - Source: getDealsWithProducts
Error: Product with ID 5203 not found. Deal - 3507

28.02.2025, 22:32:17 - Source: getDealsWithProducts
Error: Product with ID 5019 not found. Deal - 3639

28.02.2025, 22:32:24 - Source: getDealsWithProducts
Error: Product with ID 5015 not found. Deal - 2043

28.02.2025, 22:32:24 - Source: getDealsWithProducts
Error: Product with ID 5187 not found. Deal - 3391

28.02.2025, 22:32:24 - Source: getDealsWithProducts
Error: Product with ID 5119 not found. Deal - 2773

28.02.2025, 22:32:24 - Source: getDealsWithProducts
Error: Product with ID 5019 not found. Deal - 3639

28.02.2025, 22:32:24 - Source: getDealsWithProducts
Error: Product with ID 5203 not found. Deal - 3507

28.02.2025, 22:36:04 - Source: getDealsWithProducts
Error: Product with ID 5015 not found. Deal - 2043

28.02.2025, 22:36:04 - Source: getDealsWithProducts
Error: Product with ID 5119 not found. Deal - 2773

28.02.2025, 22:36:04 - Source: getDealsWithProducts
Error: Product with ID 5187 not found. Deal - 3391

28.02.2025, 22:36:04 - Source: getDealsWithProducts
Error: Product with ID 5019 not found. Deal - 3639

28.02.2025, 22:36:04 - Source: getDealsWithProducts
Error: Product with ID 5203 not found. Deal - 3507

28.02.2025, 22:36:06 - Source: getDealsWithProducts
Error: Product with ID 5015 not found. Deal - 2043

28.02.2025, 22:36:06 - Source: getDealsWithProducts
Error: Product with ID 5119 not found. Deal - 2773

28.02.2025, 22:36:06 - Source: getDealsWithProducts
Error: Product with ID 5187 not found. Deal - 3391

28.02.2025, 22:36:06 - Source: getDealsWithProducts
Error: Product with ID 5019 not found. Deal - 3639

28.02.2025, 22:36:06 - Source: getDealsWithProducts
Error: Product with ID 5203 not found. Deal - 3507

28.02.2025, 22:36:49 - Source: getDealsWithProducts
Error: Product with ID 5203 not found. Deal - 3507

28.02.2025, 22:37:41 - Source: getDealsWithProducts
Error: Product with ID 5015 not found. Deal - 2043

28.02.2025, 22:37:41 - Source: getDealsWithProducts
Error: Product with ID 5203 not found. Deal - 3507

28.02.2025, 22:37:41 - Source: getDealsWithProducts
Error: Product with ID 5187 not found. Deal - 3391

28.02.2025, 22:37:41 - Source: getDealsWithProducts
Error: Product with ID 5119 not found. Deal - 2773

28.02.2025, 22:37:41 - Source: getDealsWithProducts
Error: Product with ID 5019 not found. Deal - 3639

28.02.2025, 22:38:13 - Source: getDealsWithProducts
Error: Product with ID 5015 not found. Deal - 2043

28.02.2025, 22:38:13 - Source: getDealsWithProducts
Error: Product with ID 5119 not found. Deal - 2773

28.02.2025, 22:38:13 - Source: getDealsWithProducts
Error: Product with ID 5187 not found. Deal - 3391

28.02.2025, 22:38:13 - Source: getDealsWithProducts
Error: Product with ID 5019 not found. Deal - 3639

28.02.2025, 22:38:13 - Source: getDealsWithProducts
Error: Product with ID 5203 not found. Deal - 3507

28.02.2025, 22:38:19 - Source: getDealsWithProducts
Error: Product with ID 5015 not found. Deal - 2043

28.02.2025, 22:38:19 - Source: getDealsWithProducts
Error: Product with ID 5119 not found. Deal - 2773

28.02.2025, 22:38:19 - Source: getDealsWithProducts
Error: Product with ID 5187 not found. Deal - 3391

28.02.2025, 22:38:19 - Source: getDealsWithProducts
Error: Product with ID 5019 not found. Deal - 3639

28.02.2025, 22:38:19 - Source: getDealsWithProducts
Error: Product with ID 5203 not found. Deal - 3507

28.02.2025, 22:38:23 - Source: getDealsWithProducts
Error: Product with ID 5015 not found. Deal - 2043

28.02.2025, 22:38:23 - Source: getDealsWithProducts
Error: Product with ID 5187 not found. Deal - 3391

28.02.2025, 22:38:23 - Source: getDealsWithProducts
Error: Product with ID 5019 not found. Deal - 3639

28.02.2025, 22:38:23 - Source: getDealsWithProducts
Error: Product with ID 5119 not found. Deal - 2773

28.02.2025, 22:38:23 - Source: getDealsWithProducts
Error: Product with ID 5203 not found. Deal - 3507

28.02.2025, 22:39:06 - Source: getDealsWithProducts
Error: Product with ID 5015 not found. Deal - 2043

28.02.2025, 22:39:06 - Source: getDealsWithProducts
Error: Product with ID 5187 not found. Deal - 3391

28.02.2025, 22:39:06 - Source: getDealsWithProducts
Error: Product with ID 5119 not found. Deal - 2773

28.02.2025, 22:39:06 - Source: getDealsWithProducts
Error: Product with ID 5019 not found. Deal - 3639

28.02.2025, 22:39:06 - Source: getDealsWithProducts
Error: Product with ID 5203 not found. Deal - 3507

28.02.2025, 22:43:19 - Source: getDealsWithProducts
Error: Product with ID 5015 not found. Deal - 2043

28.02.2025, 22:43:19 - Source: getDealsWithProducts
Error: Product with ID 5119 not found. Deal - 2773

28.02.2025, 22:43:19 - Source: getDealsWithProducts
Error: Product with ID 5187 not found. Deal - 3391

28.02.2025, 22:43:19 - Source: getDealsWithProducts
Error: Product with ID 5019 not found. Deal - 3639

28.02.2025, 22:43:19 - Source: getDealsWithProducts
Error: Product with ID 5203 not found. Deal - 3507

28.02.2025, 22:43:37 - Source: getDealsWithProducts
Error: Product with ID 5015 not found. Deal - 2043

28.02.2025, 22:43:37 - Source: getDealsWithProducts
Error: Product with ID 5119 not found. Deal - 2773

28.02.2025, 22:43:37 - Source: getDealsWithProducts
Error: Product with ID 5203 not found. Deal - 3507

28.02.2025, 22:43:37 - Source: getDealsWithProducts
Error: Product with ID 5187 not found. Deal - 3391

28.02.2025, 22:43:37 - Source: getDealsWithProducts
Error: Product with ID 5019 not found. Deal - 3639

28.02.2025, 23:50:10 - Source: getDealsWithProducts
Error: Product with ID 5015 not found. Deal - 2043

28.02.2025, 23:50:10 - Source: getDealsWithProducts
Error: Product with ID 5119 not found. Deal - 2773

28.02.2025, 23:50:10 - Source: getDealsWithProducts
Error: Product with ID 5187 not found. Deal - 3391

28.02.2025, 23:50:10 - Source: getDealsWithProducts
Error: Product with ID 5019 not found. Deal - 3639

28.02.2025, 23:50:10 - Source: getDealsWithProducts
Error: Product with ID 5203 not found. Deal - 3507

28.02.2025, 23:50:37 - Source: getDealsWithProducts
Error: Product with ID 5119 not found. Deal - 2773

28.02.2025, 23:50:37 - Source: getDealsWithProducts
Error: Product with ID 5015 not found. Deal - 2043

28.02.2025, 23:50:37 - Source: getDealsWithProducts
Error: Product with ID 5019 not found. Deal - 3639

28.02.2025, 23:50:37 - Source: getDealsWithProducts
Error: Product with ID 5187 not found. Deal - 3391

28.02.2025, 23:50:37 - Source: getDealsWithProducts
Error: Product with ID 5203 not found. Deal - 3507

28.02.2025, 23:51:08 - Source: getDealsWithProducts
Error: Product with ID 5015 not found. Deal - 2043

28.02.2025, 23:51:08 - Source: getDealsWithProducts
Error: Product with ID 5119 not found. Deal - 2773

28.02.2025, 23:51:08 - Source: getDealsWithProducts
Error: Product with ID 5203 not found. Deal - 3507

28.02.2025, 23:51:08 - Source: getDealsWithProducts
Error: Product with ID 5019 not found. Deal - 3639

28.02.2025, 23:51:08 - Source: getDealsWithProducts
Error: Product with ID 5187 not found. Deal - 3391

28.02.2025, 23:53:32 - Source: /montajniki/update_deal_handler
Error: TypeError: Cannot read properties of undefined (reading 'fact_amount')
    at C:\Users\emirh\Desktop\МОНТАЖНИКИ\aquatem_module\index.js:1409:85
    at Array.map (<anonymous>)
    at C:\Users\emirh\Desktop\МОНТАЖНИКИ\aquatem_module\index.js:1399:76
    at process.processTicksAndRejections (node:internal/process/task_queues:105:5)

28.02.2025, 23:53:41 - Source: getDealsWithProducts
Error: Product with ID 5015 not found. Deal - 2043

28.02.2025, 23:53:41 - Source: getDealsWithProducts
Error: Product with ID 5119 not found. Deal - 2773

28.02.2025, 23:53:41 - Source: getDealsWithProducts
Error: Product with ID 5203 not found. Deal - 3507

28.02.2025, 23:53:41 - Source: getDealsWithProducts
Error: Product with ID 5187 not found. Deal - 3391

28.02.2025, 23:53:41 - Source: getDealsWithProducts
Error: Product with ID 5019 not found. Deal - 3639

28.02.2025, 23:53:43 - Source: getDealsWithProducts
Error: Product with ID 5015 not found. Deal - 2043

28.02.2025, 23:53:43 - Source: getDealsWithProducts
Error: Product with ID 5119 not found. Deal - 2773

28.02.2025, 23:53:43 - Source: getDealsWithProducts
Error: Product with ID 5187 not found. Deal - 3391

28.02.2025, 23:53:43 - Source: getDealsWithProducts
Error: Product with ID 5019 not found. Deal - 3639

28.02.2025, 23:53:43 - Source: getDealsWithProducts
Error: Product with ID 5203 not found. Deal - 3507

28.02.2025, 23:54:34 - Source: getDealsWithProducts
Error: Product with ID 5015 not found. Deal - 2043

28.02.2025, 23:54:34 - Source: getDealsWithProducts
Error: Product with ID 5119 not found. Deal - 2773

28.02.2025, 23:54:34 - Source: getDealsWithProducts
Error: Product with ID 5187 not found. Deal - 3391

28.02.2025, 23:54:34 - Source: getDealsWithProducts
Error: Product with ID 5019 not found. Deal - 3639

28.02.2025, 23:54:34 - Source: getDealsWithProducts
Error: Product with ID 5203 not found. Deal - 3507

28.02.2025, 23:54:39 - Source: getDealsWithProducts
Error: Product with ID 5203 not found. Deal - 3507

28.02.2025, 23:55:18 - Source: getDealsWithProducts
Error: Product with ID 5203 not found. Deal - 3507

28.02.2025, 23:55:49 - Source: getDealsWithProducts
Error: Product with ID 5203 not found. Deal - 3507

28.02.2025, 23:56:04 - Source: getDealsWithProducts
Error: Product with ID 5203 not found. Deal - 3507

28.02.2025, 23:58:07 - Source: getDealsWithProducts
Error: Product with ID 5203 not found. Deal - 3507

