27.02.2025, 01:05:05 - Source: /montajniki/update_deal_handler
Error: TypeError: Cannot read properties of undefined (reading 'fact_amount')
    at C:\Users\emirh\Desktop\МОНТАЖНИКИ\aquatem_module\index.js:1367:53
    at Array.map (<anonymous>)
    at C:\Users\emirh\Desktop\МОНТАЖНИКИ\aquatem_module\index.js:1360:76
    at process.processTicksAndRejections (node:internal/process/task_queues:105:5)

27.02.2025, 01:08:40 - Source: /montajniki/update_deal_handler
Error: TypeError: Cannot read properties of undefined (reading 'fact_amount')
    at C:\Users\emirh\Desktop\МОНТАЖНИКИ\aquatem_module\index.js:1367:53
    at Array.map (<anonymous>)
    at C:\Users\emirh\Desktop\МОНТАЖНИКИ\aquatem_module\index.js:1360:76
    at process.processTicksAndRejections (node:internal/process/task_queues:105:5)

27.02.2025, 01:11:29 - Source: /montajniki/update_deal_handler
Error: TypeError: Cannot read properties of undefined (reading 'fact_amount')
    at C:\Users\emirh\Desktop\МОНТАЖНИКИ\aquatem_module\index.js:1367:53
    at Array.map (<anonymous>)
    at C:\Users\emirh\Desktop\МОНТАЖНИКИ\aquatem_module\index.js:1360:76
    at process.processTicksAndRejections (node:internal/process/task_queues:105:5)

27.02.2025, 04:16:55 - Source: /montajniki/update_deal_handler
Error: TypeError: Cannot read properties of undefined (reading 'product_id')
    at C:\Users\emirh\Desktop\МОНТАЖНИКИ\aquatem_module\index.js:1382:12
    at process.processTicksAndRejections (node:internal/process/task_queues:105:5)

27.02.2025, 04:16:56 - Source: /montajniki/update_deal_handler
Error: TypeError: Cannot read properties of undefined (reading 'product_id')
    at C:\Users\emirh\Desktop\МОНТАЖНИКИ\aquatem_module\index.js:1382:12
    at process.processTicksAndRejections (node:internal/process/task_queues:105:5)

27.02.2025, 04:48:23 - Source: DB service updateDealProductQuantities
Error: Error: SQLITE_BUSY: database is locked
--> in Statement#run([ 2, 5, 3831, 1103 ], [Function (anonymous)])
    at Database.<anonymous> (C:\Users\emirh\Desktop\МОНТАЖНИКИ\aquatem_module\node_modules\sqlite3\lib\sqlite3.js:76:19)
    at Database.<anonymous> (C:\Users\emirh\Desktop\МОНТАЖНИКИ\aquatem_module\node_modules\sqlite3\lib\sqlite3.js:20:19)
    at Database.<anonymous> (C:\Users\emirh\Desktop\МОНТАЖНИКИ\aquatem_module\services\db.js:617:12)
    at Db.updateDealProductQuantities (C:\Users\emirh\Desktop\МОНТАЖНИКИ\aquatem_module\services\db.js:616:10)
    at C:\Users\emirh\Desktop\МОНТАЖНИКИ\aquatem_module\index.js:120:39

27.02.2025, 04:48:23 - Source: DB service updateDealProductQuantities
Error: Error: SQLITE_BUSY: database is locked
--> in Statement#run([ 2, 5, 3831, 5267 ], [Function (anonymous)])
    at Database.<anonymous> (C:\Users\emirh\Desktop\МОНТАЖНИКИ\aquatem_module\node_modules\sqlite3\lib\sqlite3.js:76:19)
    at Database.<anonymous> (C:\Users\emirh\Desktop\МОНТАЖНИКИ\aquatem_module\node_modules\sqlite3\lib\sqlite3.js:20:19)
    at Database.<anonymous> (C:\Users\emirh\Desktop\МОНТАЖНИКИ\aquatem_module\services\db.js:617:12)
    at Db.updateDealProductQuantities (C:\Users\emirh\Desktop\МОНТАЖНИКИ\aquatem_module\services\db.js:616:10)
    at C:\Users\emirh\Desktop\МОНТАЖНИКИ\aquatem_module\index.js:120:39

27.02.2025, 04:48:23 - Source: DB service updateDealProductQuantities
Error: Error: SQLITE_BUSY: database is locked

27.02.2025, 04:48:24 - Source: DB service updateDealProductQuantities
Error: Error: SQLITE_BUSY: database is locked
--> in Statement#run([ 2, 5, 3831, 5263 ], [Function (anonymous)])
    at Database.<anonymous> (C:\Users\emirh\Desktop\МОНТАЖНИКИ\aquatem_module\node_modules\sqlite3\lib\sqlite3.js:76:19)
    at Database.<anonymous> (C:\Users\emirh\Desktop\МОНТАЖНИКИ\aquatem_module\node_modules\sqlite3\lib\sqlite3.js:20:19)
    at Database.<anonymous> (C:\Users\emirh\Desktop\МОНТАЖНИКИ\aquatem_module\services\db.js:617:12)
    at Db.updateDealProductQuantities (C:\Users\emirh\Desktop\МОНТАЖНИКИ\aquatem_module\services\db.js:616:10)
    at C:\Users\emirh\Desktop\МОНТАЖНИКИ\aquatem_module\index.js:120:39

27.02.2025, 21:46:03 - Source: getDealsWithProducts
Error: Product with ID 5183 not found. Deal - 3507

27.02.2025, 21:46:04 - Source: getDealsWithProducts
Error: Product with ID 5183 not found. Deal - 3841

27.02.2025, 21:46:04 - Source: getDealsWithProducts
Error: Product with ID 5239 not found. Deal - 3691

27.02.2025, 21:46:04 - Source: getDealsWithProducts
Error: Product with ID 5243 not found. Deal - 3841

27.02.2025, 21:46:04 - Source: getDealsWithProducts
Error: Product with ID 5203 not found. Deal - 3507

27.02.2025, 21:58:12 - Source: getDealsWithProducts
Error: Product with ID 5183 not found. Deal - 3507

27.02.2025, 21:58:12 - Source: getDealsWithProducts
Error: Product with ID 5183 not found. Deal - 3841

27.02.2025, 21:58:12 - Source: getDealsWithProducts
Error: Product with ID 5239 not found. Deal - 3691

27.02.2025, 21:58:12 - Source: getDealsWithProducts
Error: Product with ID 5203 not found. Deal - 3507

27.02.2025, 21:58:12 - Source: getDealsWithProducts
Error: Product with ID 5243 not found. Deal - 3841

27.02.2025, 22:29:29 - Source: getDealsWithProducts
Error: Product with ID 5183 not found. Deal - 3507

27.02.2025, 22:29:29 - Source: getDealsWithProducts
Error: Product with ID 5203 not found. Deal - 3507

27.02.2025, 22:29:29 - Source: getDealsWithProducts
Error: Product with ID 5239 not found. Deal - 3691

27.02.2025, 22:29:29 - Source: getDealsWithProducts
Error: Product with ID 5243 not found. Deal - 3841

27.02.2025, 22:29:29 - Source: getDealsWithProducts
Error: Product with ID 5183 not found. Deal - 3841

27.02.2025, 22:29:33 - Source: getDealsWithProducts
Error: Product with ID 5183 not found. Deal - 3507

27.02.2025, 22:29:33 - Source: getDealsWithProducts
Error: Product with ID 5203 not found. Deal - 3507

27.02.2025, 22:29:33 - Source: getDealsWithProducts
Error: Product with ID 5183 not found. Deal - 3841

27.02.2025, 22:29:33 - Source: getDealsWithProducts
Error: Product with ID 5239 not found. Deal - 3691

27.02.2025, 22:29:33 - Source: getDealsWithProducts
Error: Product with ID 5243 not found. Deal - 3841

27.02.2025, 22:43:28 - Source: getDealsWithProducts
Error: Product with ID 5183 not found. Deal - 3507

27.02.2025, 22:43:28 - Source: getDealsWithProducts
Error: Product with ID 5203 not found. Deal - 3507

27.02.2025, 22:43:28 - Source: getDealsWithProducts
Error: Product with ID 5183 not found. Deal - 3841

27.02.2025, 22:43:28 - Source: getDealsWithProducts
Error: Product with ID 5243 not found. Deal - 3841

27.02.2025, 22:43:28 - Source: getDealsWithProducts
Error: Product with ID 5239 not found. Deal - 3691

27.02.2025, 22:43:34 - Source: getDealsWithProducts
Error: Product with ID 5183 not found. Deal - 3507

27.02.2025, 22:43:34 - Source: getDealsWithProducts
Error: Product with ID 5243 not found. Deal - 3841

27.02.2025, 22:43:34 - Source: getDealsWithProducts
Error: Product with ID 5203 not found. Deal - 3507

27.02.2025, 22:43:34 - Source: getDealsWithProducts
Error: Product with ID 5239 not found. Deal - 3691

27.02.2025, 22:43:34 - Source: getDealsWithProducts
Error: Product with ID 5183 not found. Deal - 3841

27.02.2025, 22:55:06 - Source: getDealsWithProducts
Error: Product with ID 5183 not found. Deal - 3507

27.02.2025, 22:55:06 - Source: getDealsWithProducts
Error: Product with ID 5203 not found. Deal - 3507

27.02.2025, 22:55:06 - Source: getDealsWithProducts
Error: Product with ID 5239 not found. Deal - 3691

27.02.2025, 22:55:06 - Source: getDealsWithProducts
Error: Product with ID 5183 not found. Deal - 3841

27.02.2025, 22:55:06 - Source: getDealsWithProducts
Error: Product with ID 5243 not found. Deal - 3841

27.02.2025, 22:55:53 - Source: getDealsWithProducts
Error: Product with ID 5183 not found. Deal - 3507

27.02.2025, 22:55:53 - Source: getDealsWithProducts
Error: Product with ID 5203 not found. Deal - 3507

27.02.2025, 22:55:53 - Source: getDealsWithProducts
Error: Product with ID 5183 not found. Deal - 3841

27.02.2025, 22:55:53 - Source: getDealsWithProducts
Error: Product with ID 5239 not found. Deal - 3691

27.02.2025, 22:55:53 - Source: getDealsWithProducts
Error: Product with ID 5243 not found. Deal - 3841

27.02.2025, 23:21:56 - Source: getDealsWithProducts
Error: Product with ID 5183 not found. Deal - 3507

27.02.2025, 23:21:56 - Source: getDealsWithProducts
Error: Product with ID 5239 not found. Deal - 3691

27.02.2025, 23:21:56 - Source: getDealsWithProducts
Error: Product with ID 5183 not found. Deal - 3841

27.02.2025, 23:21:56 - Source: getDealsWithProducts
Error: Product with ID 5203 not found. Deal - 3507

27.02.2025, 23:21:56 - Source: getDealsWithProducts
Error: Product with ID 5243 not found. Deal - 3841

27.02.2025, 23:22:14 - Source: getDealsWithProducts
Error: Product with ID 5183 not found. Deal - 3507

27.02.2025, 23:22:14 - Source: getDealsWithProducts
Error: Product with ID 5203 not found. Deal - 3507

27.02.2025, 23:22:14 - Source: getDealsWithProducts
Error: Product with ID 5239 not found. Deal - 3691

27.02.2025, 23:22:14 - Source: getDealsWithProducts
Error: Product with ID 5183 not found. Deal - 3841

27.02.2025, 23:22:14 - Source: getDealsWithProducts
Error: Product with ID 5243 not found. Deal - 3841

27.02.2025, 23:23:19 - Source: getDealsWithProducts
Error: Product with ID 5183 not found. Deal - 3507

27.02.2025, 23:23:19 - Source: getDealsWithProducts
Error: Product with ID 5203 not found. Deal - 3507

27.02.2025, 23:23:19 - Source: getDealsWithProducts
Error: Product with ID 5183 not found. Deal - 3841

27.02.2025, 23:23:19 - Source: getDealsWithProducts
Error: Product with ID 5243 not found. Deal - 3841

27.02.2025, 23:23:19 - Source: getDealsWithProducts
Error: Product with ID 5239 not found. Deal - 3691

27.02.2025, 23:23:22 - Source: getDealsWithProducts
Error: Product with ID 5183 not found. Deal - 3507

27.02.2025, 23:23:22 - Source: getDealsWithProducts
Error: Product with ID 5203 not found. Deal - 3507

27.02.2025, 23:23:22 - Source: getDealsWithProducts
Error: Product with ID 5239 not found. Deal - 3691

27.02.2025, 23:23:22 - Source: getDealsWithProducts
Error: Product with ID 5183 not found. Deal - 3841

27.02.2025, 23:23:22 - Source: getDealsWithProducts
Error: Product with ID 5243 not found. Deal - 3841

27.02.2025, 23:24:31 - Source: getDealsWithProducts
Error: Product with ID 5243 not found. Deal - 3841

27.02.2025, 23:24:31 - Source: getDealsWithProducts
Error: Product with ID 5183 not found. Deal - 3507

27.02.2025, 23:24:31 - Source: getDealsWithProducts
Error: Product with ID 5183 not found. Deal - 3841

27.02.2025, 23:24:31 - Source: getDealsWithProducts
Error: Product with ID 5239 not found. Deal - 3691

27.02.2025, 23:24:31 - Source: getDealsWithProducts
Error: Product with ID 5203 not found. Deal - 3507

27.02.2025, 23:25:07 - Source: getDealsWithProducts
Error: Product with ID 5183 not found. Deal - 3507

27.02.2025, 23:25:07 - Source: getDealsWithProducts
Error: Product with ID 5203 not found. Deal - 3507

27.02.2025, 23:25:07 - Source: getDealsWithProducts
Error: Product with ID 5183 not found. Deal - 3841

27.02.2025, 23:25:07 - Source: getDealsWithProducts
Error: Product with ID 5243 not found. Deal - 3841

27.02.2025, 23:25:07 - Source: getDealsWithProducts
Error: Product with ID 5239 not found. Deal - 3691

27.02.2025, 23:25:19 - Source: getDealsWithProducts
Error: Product with ID 5183 not found. Deal - 3507

27.02.2025, 23:25:19 - Source: getDealsWithProducts
Error: Product with ID 5203 not found. Deal - 3507

27.02.2025, 23:25:19 - Source: getDealsWithProducts
Error: Product with ID 5239 not found. Deal - 3691

27.02.2025, 23:25:19 - Source: getDealsWithProducts
Error: Product with ID 5183 not found. Deal - 3841

27.02.2025, 23:25:19 - Source: getDealsWithProducts
Error: Product with ID 5243 not found. Deal - 3841

27.02.2025, 23:25:42 - Source: getDealsWithProducts
Error: Product with ID 5183 not found. Deal - 3507

27.02.2025, 23:25:42 - Source: getDealsWithProducts
Error: Product with ID 5203 not found. Deal - 3507

27.02.2025, 23:25:42 - Source: getDealsWithProducts
Error: Product with ID 5239 not found. Deal - 3691

27.02.2025, 23:25:42 - Source: getDealsWithProducts
Error: Product with ID 5183 not found. Deal - 3841

27.02.2025, 23:25:42 - Source: getDealsWithProducts
Error: Product with ID 5243 not found. Deal - 3841

27.02.2025, 23:30:22 - Source: getDealsWithProducts
Error: Product with ID 5183 not found. Deal - 3507

27.02.2025, 23:30:22 - Source: getDealsWithProducts
Error: Product with ID 5239 not found. Deal - 3691

27.02.2025, 23:30:22 - Source: getDealsWithProducts
Error: Product with ID 5183 not found. Deal - 3841

27.02.2025, 23:30:22 - Source: getDealsWithProducts
Error: Product with ID 5203 not found. Deal - 3507

27.02.2025, 23:30:22 - Source: getDealsWithProducts
Error: Product with ID 5243 not found. Deal - 3841

27.02.2025, 23:31:01 - Source: getDealsWithProducts
Error: Product with ID 5183 not found. Deal - 3507

27.02.2025, 23:31:01 - Source: getDealsWithProducts
Error: Product with ID 5203 not found. Deal - 3507

27.02.2025, 23:31:01 - Source: getDealsWithProducts
Error: Product with ID 5239 not found. Deal - 3691

27.02.2025, 23:31:01 - Source: getDealsWithProducts
Error: Product with ID 5243 not found. Deal - 3841

27.02.2025, 23:31:01 - Source: getDealsWithProducts
Error: Product with ID 5183 not found. Deal - 3841

27.02.2025, 23:34:12 - Source: getDealsWithProducts
Error: Product with ID 5183 not found. Deal - 3507

27.02.2025, 23:34:12 - Source: getDealsWithProducts
Error: Product with ID 5239 not found. Deal - 3691

27.02.2025, 23:34:12 - Source: getDealsWithProducts
Error: Product with ID 5183 not found. Deal - 3841

27.02.2025, 23:34:12 - Source: getDealsWithProducts
Error: Product with ID 5203 not found. Deal - 3507

27.02.2025, 23:34:12 - Source: getDealsWithProducts
Error: Product with ID 5243 not found. Deal - 3841

27.02.2025, 23:35:53 - Source: getDealsWithProducts
Error: Product with ID 5183 not found. Deal - 3507

27.02.2025, 23:35:53 - Source: getDealsWithProducts
Error: Product with ID 5203 not found. Deal - 3507

27.02.2025, 23:35:53 - Source: getDealsWithProducts
Error: Product with ID 5239 not found. Deal - 3691

27.02.2025, 23:35:53 - Source: getDealsWithProducts
Error: Product with ID 5183 not found. Deal - 3841

27.02.2025, 23:35:53 - Source: getDealsWithProducts
Error: Product with ID 5243 not found. Deal - 3841

27.02.2025, 23:36:00 - Source: getDealsWithProducts
Error: Product with ID 5183 not found. Deal - 3507

27.02.2025, 23:36:00 - Source: getDealsWithProducts
Error: Product with ID 5203 not found. Deal - 3507

27.02.2025, 23:36:00 - Source: getDealsWithProducts
Error: Product with ID 5183 not found. Deal - 3841

27.02.2025, 23:36:00 - Source: getDealsWithProducts
Error: Product with ID 5243 not found. Deal - 3841

27.02.2025, 23:36:00 - Source: getDealsWithProducts
Error: Product with ID 5239 not found. Deal - 3691

27.02.2025, 23:36:21 - Source: getDealsWithProducts
Error: Product with ID 5203 not found. Deal - 3507

27.02.2025, 23:36:21 - Source: getDealsWithProducts
Error: Product with ID 5183 not found. Deal - 3507

27.02.2025, 23:36:21 - Source: getDealsWithProducts
Error: Product with ID 5183 not found. Deal - 3841

27.02.2025, 23:36:21 - Source: getDealsWithProducts
Error: Product with ID 5239 not found. Deal - 3691

27.02.2025, 23:36:21 - Source: getDealsWithProducts
Error: Product with ID 5243 not found. Deal - 3841

27.02.2025, 23:37:55 - Source: getDealsWithProducts
Error: Product with ID 5183 not found. Deal - 3507

27.02.2025, 23:37:55 - Source: getDealsWithProducts
Error: Product with ID 5203 not found. Deal - 3507

27.02.2025, 23:37:55 - Source: getDealsWithProducts
Error: Product with ID 5183 not found. Deal - 3841

27.02.2025, 23:37:55 - Source: getDealsWithProducts
Error: Product with ID 5239 not found. Deal - 3691

27.02.2025, 23:37:55 - Source: getDealsWithProducts
Error: Product with ID 5243 not found. Deal - 3841

27.02.2025, 23:38:23 - Source: getDealsWithProducts
Error: Product with ID 5183 not found. Deal - 3507

27.02.2025, 23:38:23 - Source: getDealsWithProducts
Error: Product with ID 5203 not found. Deal - 3507

27.02.2025, 23:38:23 - Source: getDealsWithProducts
Error: Product with ID 5243 not found. Deal - 3841

27.02.2025, 23:38:23 - Source: getDealsWithProducts
Error: Product with ID 5239 not found. Deal - 3691

27.02.2025, 23:38:23 - Source: getDealsWithProducts
Error: Product with ID 5183 not found. Deal - 3841

27.02.2025, 23:38:37 - Source: getDealsWithProducts
Error: Product with ID 5183 not found. Deal - 3507

27.02.2025, 23:38:37 - Source: getDealsWithProducts
Error: Product with ID 5183 not found. Deal - 3841

27.02.2025, 23:38:37 - Source: getDealsWithProducts
Error: Product with ID 5203 not found. Deal - 3507

27.02.2025, 23:38:37 - Source: getDealsWithProducts
Error: Product with ID 5243 not found. Deal - 3841

27.02.2025, 23:38:37 - Source: getDealsWithProducts
Error: Product with ID 5239 not found. Deal - 3691

27.02.2025, 23:43:40 - Source: getDealsWithProducts
Error: Product with ID 5183 not found. Deal - 3507

27.02.2025, 23:43:40 - Source: getDealsWithProducts
Error: Product with ID 5203 not found. Deal - 3507

27.02.2025, 23:43:40 - Source: getDealsWithProducts
Error: Product with ID 5243 not found. Deal - 3841

27.02.2025, 23:43:40 - Source: getDealsWithProducts
Error: Product with ID 5239 not found. Deal - 3691

27.02.2025, 23:43:40 - Source: getDealsWithProducts
Error: Product with ID 5183 not found. Deal - 3841

27.02.2025, 23:45:56 - Source: getDealsWithProducts
Error: Product with ID 5183 not found. Deal - 3507

27.02.2025, 23:45:56 - Source: getDealsWithProducts
Error: Product with ID 5203 not found. Deal - 3507

27.02.2025, 23:45:56 - Source: getDealsWithProducts
Error: Product with ID 5239 not found. Deal - 3691

27.02.2025, 23:45:56 - Source: getDealsWithProducts
Error: Product with ID 5183 not found. Deal - 3841

27.02.2025, 23:45:56 - Source: getDealsWithProducts
Error: Product with ID 5243 not found. Deal - 3841

27.02.2025, 23:46:27 - Source: getDealsWithProducts
Error: Product with ID 5183 not found. Deal - 3507

27.02.2025, 23:46:27 - Source: getDealsWithProducts
Error: Product with ID 5203 not found. Deal - 3507

27.02.2025, 23:46:27 - Source: getDealsWithProducts
Error: Product with ID 5239 not found. Deal - 3691

27.02.2025, 23:46:27 - Source: getDealsWithProducts
Error: Product with ID 5183 not found. Deal - 3841

27.02.2025, 23:46:27 - Source: getDealsWithProducts
Error: Product with ID 5243 not found. Deal - 3841

27.02.2025, 23:46:31 - Source: getDealsWithProducts
Error: Product with ID 5183 not found. Deal - 3507

27.02.2025, 23:46:31 - Source: getDealsWithProducts
Error: Product with ID 5203 not found. Deal - 3507

27.02.2025, 23:46:31 - Source: getDealsWithProducts
Error: Product with ID 5239 not found. Deal - 3691

27.02.2025, 23:46:31 - Source: getDealsWithProducts
Error: Product with ID 5183 not found. Deal - 3841

27.02.2025, 23:46:31 - Source: getDealsWithProducts
Error: Product with ID 5243 not found. Deal - 3841

27.02.2025, 23:46:36 - Source: getDealsWithProducts
Error: Product with ID 5183 not found. Deal - 3507

27.02.2025, 23:46:36 - Source: getDealsWithProducts
Error: Product with ID 5203 not found. Deal - 3507

27.02.2025, 23:46:36 - Source: getDealsWithProducts
Error: Product with ID 5243 not found. Deal - 3841

27.02.2025, 23:46:36 - Source: getDealsWithProducts
Error: Product with ID 5183 not found. Deal - 3841

27.02.2025, 23:46:36 - Source: getDealsWithProducts
Error: Product with ID 5239 not found. Deal - 3691

27.02.2025, 23:48:28 - Source: DealsService updateDeal
Error: HTTPError: Response code 400 (Bad Request)
    at Request.<anonymous> (C:\Users\emirh\Desktop\МОНТАЖНИКИ\aquatem_module\node_modules\got\dist\source\as-promise\index.js:117:42)
    at process.processTicksAndRejections (node:internal/process/task_queues:105:5)

27.02.2025, 23:48:29 - Source: DealsService updateDeal
Error: HTTPError: Response code 400 (Bad Request)
    at Request.<anonymous> (C:\Users\emirh\Desktop\МОНТАЖНИКИ\aquatem_module\node_modules\got\dist\source\as-promise\index.js:117:42)
    at process.processTicksAndRejections (node:internal/process/task_queues:105:5)

27.02.2025, 23:48:29 - Source: /montajniki/set_fact_amount_of_products_in_deal/
Error: Error: Error while updating product rows for deal 3507 in bx
    at C:\Users\emirh\Desktop\МОНТАЖНИКИ\aquatem_module\index.js:165:15
    at process.processTicksAndRejections (node:internal/process/task_queues:105:5)

27.02.2025, 23:48:43 - Source: getDealsWithProducts
Error: Product with ID 5203 not found. Deal - 3507

27.02.2025, 23:48:43 - Source: getDealsWithProducts
Error: Product with ID 5183 not found. Deal - 3507

27.02.2025, 23:48:43 - Source: getDealsWithProducts
Error: Product with ID 5183 not found. Deal - 3841

27.02.2025, 23:48:43 - Source: getDealsWithProducts
Error: Product with ID 5239 not found. Deal - 3691

27.02.2025, 23:48:43 - Source: getDealsWithProducts
Error: Product with ID 5243 not found. Deal - 3841

27.02.2025, 23:51:31 - Source: getDealsWithProducts
Error: Product with ID 5119 not found. Deal - 2773

27.02.2025, 23:51:31 - Source: getDealsWithProducts
Error: Product with ID 5015 not found. Deal - 2043

27.02.2025, 23:51:31 - Source: getDealsWithProducts
Error: Product with ID 4983 not found. Deal - 2975

27.02.2025, 23:51:31 - Source: getDealsWithProducts
Error: Product with ID 4983 not found. Deal - 3061

27.02.2025, 23:51:31 - Source: getDealsWithProducts
Error: Product with ID 4983 not found. Deal - 3051

27.02.2025, 23:51:31 - Source: getDealsWithProducts
Error: Product with ID 5179 not found. Deal - 3403

27.02.2025, 23:51:31 - Source: getDealsWithProducts
Error: Product with ID 5203 not found. Deal - 3507

27.02.2025, 23:51:31 - Source: getDealsWithProducts
Error: Product with ID 5019 not found. Deal - 3639

27.02.2025, 23:51:31 - Source: getDealsWithProducts
Error: Product with ID 5179 not found. Deal - 3661

27.02.2025, 23:51:31 - Source: getDealsWithProducts
Error: Product with ID 5187 not found. Deal - 3391

27.02.2025, 23:51:31 - Source: getDealsWithProducts
Error: Product with ID 5179 not found. Deal - 3335

27.02.2025, 23:51:31 - Source: getDealsWithProducts
Error: Product with ID 5239 not found. Deal - 3691

27.02.2025, 23:52:08 - Source: getDealsWithProducts
Error: Product with ID 5203 not found. Deal - 3507

27.02.2025, 23:52:08 - Source: getDealsWithProducts
Error: Product with ID 5239 not found. Deal - 3691

27.02.2025, 23:53:29 - Source: getDealsWithProducts
Error: Product with ID 5203 not found. Deal - 3507

27.02.2025, 23:53:29 - Source: getDealsWithProducts
Error: Product with ID 5239 not found. Deal - 3691

27.02.2025, 23:56:03 - Source: getDealsWithProducts
Error: Product with ID 5239 not found. Deal - 3691

27.02.2025, 23:56:03 - Source: getDealsWithProducts
Error: Product with ID 5203 not found. Deal - 3507

