26.02.2025, 13:56:52 - Source: getDealsWithProducts
Error: Product with ID 5015 not found. Deal - 2043

26.02.2025, 13:56:52 - Source: getDealsWithProducts
Error: Product with ID 5119 not found. Deal - 2773

26.02.2025, 13:56:52 - Source: getDealsWithProducts
Error: Product with ID 4983 not found. Deal - 3061

26.02.2025, 13:56:52 - Source: getDealsWithProducts
Error: Product with ID 4983 not found. Deal - 2975

26.02.2025, 13:56:52 - Source: getDealsWithProducts
Error: Product with ID 5075 not found. Deal - 3279

26.02.2025, 13:56:52 - Source: getDealsWithProducts
Error: Product with ID 4983 not found. Deal - 3051

26.02.2025, 13:57:01 - Source: DB service updateDealById
Error: Error: SQLITE_BUSY: database is locked

26.02.2025, 13:57:04 - Source: getDealsWithProducts
Error: Product with ID 5015 not found. Deal - 2043

26.02.2025, 13:57:04 - Source: getDealsWithProducts
Error: Product with ID 5119 not found. Deal - 2773

26.02.2025, 13:57:04 - Source: getDealsWithProducts
Error: Product with ID 4983 not found. Deal - 2975

26.02.2025, 13:57:04 - Source: getDealsWithProducts
Error: Product with ID 5075 not found. Deal - 3279

26.02.2025, 13:57:04 - Source: getDealsWithProducts
Error: Product with ID 4983 not found. Deal - 3061

26.02.2025, 13:57:04 - Source: getDealsWithProducts
Error: Product with ID 4983 not found. Deal - 3051

26.02.2025, 13:57:14 - Source: getDealsWithProducts
Error: Product with ID 5015 not found. Deal - 2043

26.02.2025, 13:57:14 - Source: getDealsWithProducts
Error: Product with ID 5119 not found. Deal - 2773

26.02.2025, 13:57:14 - Source: getDealsWithProducts
Error: Product with ID 4983 not found. Deal - 3061

26.02.2025, 13:57:14 - Source: getDealsWithProducts
Error: Product with ID 4983 not found. Deal - 2975

26.02.2025, 13:57:14 - Source: getDealsWithProducts
Error: Product with ID 5075 not found. Deal - 3279

26.02.2025, 13:57:14 - Source: getDealsWithProducts
Error: Product with ID 4983 not found. Deal - 3051

26.02.2025, 14:27:37 - Source: DB service updateDealById
Error: Error: SQLITE_BUSY: database is locked
--> in Statement#run([
  'Работы Тестовый контакт Тестовая компания ТЕСТ. ',
  '2028-02-26T00:00:00+03:00',
  '97',
  '2000|KZT',
  '3741'
], [Function (anonymous)])
    at Database.<anonymous> (C:\Users\emirh\Desktop\МОНТАЖНИКИ\aquatem_module\node_modules\sqlite3\lib\sqlite3.js:76:19)
    at Database.<anonymous> (C:\Users\emirh\Desktop\МОНТАЖНИКИ\aquatem_module\node_modules\sqlite3\lib\sqlite3.js:20:19)
    at Database.<anonymous> (C:\Users\emirh\Desktop\МОНТАЖНИКИ\aquatem_module\services\db.js:428:12)
    at Db.updateDealById (C:\Users\emirh\Desktop\МОНТАЖНИКИ\aquatem_module\services\db.js:427:10)
    at C:\Users\emirh\Desktop\МОНТАЖНИКИ\aquatem_module\index.js:1303:29
    at process.processTicksAndRejections (node:internal/process/task_queues:105:5)

26.02.2025, 14:38:27 - Source: DB service deleteDealById
Error: Error: SQLITE_BUSY: database is locked
--> in Statement#run([ '3741' ], [Function (anonymous)])
    at Database.<anonymous> (C:\Users\emirh\Desktop\МОНТАЖНИКИ\aquatem_module\node_modules\sqlite3\lib\sqlite3.js:76:19)
    at Database.<anonymous> (C:\Users\emirh\Desktop\МОНТАЖНИКИ\aquatem_module\node_modules\sqlite3\lib\sqlite3.js:20:19)
    at Database.<anonymous> (C:\Users\emirh\Desktop\МОНТАЖНИКИ\aquatem_module\services\db.js:314:12)
    at Db.deleteDealById (C:\Users\emirh\Desktop\МОНТАЖНИКИ\aquatem_module\services\db.js:313:10)
    at C:\Users\emirh\Desktop\МОНТАЖНИКИ\aquatem_module\index.js:1249:33
    at Layer.handle [as handle_request] (C:\Users\emirh\Desktop\МОНТАЖНИКИ\aquatem_module\node_modules\express\lib\router\layer.js:95:5)
    at next (C:\Users\emirh\Desktop\МОНТАЖНИКИ\aquatem_module\node_modules\express\lib\router\route.js:149:13)
    at Route.dispatch (C:\Users\emirh\Desktop\МОНТАЖНИКИ\aquatem_module\node_modules\express\lib\router\route.js:119:3)

26.02.2025, 14:42:29 - Source: DB service updateDealById
Error: Error: SQLITE_BUSY: database is locked

26.02.2025, 19:57:42 - Source: DB service updateDealById
Error: Error: SQLITE_BUSY: database is locked

26.02.2025, 20:01:34 - Source: DB service deleteDealsProductsRowByDealId
Error: Error: SQLITE_BUSY: database is locked
--> in Statement#run([ '3763' ], [Function (anonymous)])
    at Database.<anonymous> (C:\Users\emirh\Desktop\МОНТАЖНИКИ\aquatem_module\node_modules\sqlite3\lib\sqlite3.js:76:19)
    at Database.<anonymous> (C:\Users\emirh\Desktop\МОНТАЖНИКИ\aquatem_module\node_modules\sqlite3\lib\sqlite3.js:20:19)
    at Database.<anonymous> (C:\Users\emirh\Desktop\МОНТАЖНИКИ\aquatem_module\services\db.js:741:12)
    at Db.deleteDealsProductsRowByDealId (C:\Users\emirh\Desktop\МОНТАЖНИКИ\aquatem_module\services\db.js:740:10)
    at C:\Users\emirh\Desktop\МОНТАЖНИКИ\aquatem_module\index.js:1251:43
    at Layer.handle [as handle_request] (C:\Users\emirh\Desktop\МОНТАЖНИКИ\aquatem_module\node_modules\express\lib\router\layer.js:95:5)
    at next (C:\Users\emirh\Desktop\МОНТАЖНИКИ\aquatem_module\node_modules\express\lib\router\route.js:149:13)
    at Route.dispatch (C:\Users\emirh\Desktop\МОНТАЖНИКИ\aquatem_module\node_modules\express\lib\router\route.js:119:3)

26.02.2025, 23:22:50 - Source: /montajniki/delete_deal_without_products
Error: No deal id provided

26.02.2025, 23:23:26 - Source: /montajniki/delete_deal_without_products
Error: No deal id provided

26.02.2025, 23:24:50 - Source: /montajniki/delete_deal_without_products
Error: No deal id provided

26.02.2025, 23:28:14 - Source: /montajniki/delete_deal_without_products
Error: No deal id provided

26.02.2025, 23:30:03 - Source: /montajniki/delete_deal_without_products
Error: No deal id provided

