05.03.2025, 19:04:18 - Source: getDealsWithProducts
Error: Product with ID 5015 not found. Deal - 2043

05.03.2025, 19:04:18 - Source: getDealsWithProducts
Error: Product with ID 5119 not found. Deal - 2773

05.03.2025, 19:04:18 - Source: getDealsWithProducts
Error: Product with ID 5187 not found. Deal - 3391

05.03.2025, 19:04:18 - Source: getDealsWithProducts
Error: Product with ID 5203 not found. Deal - 3507

05.03.2025, 19:04:18 - Source: getDealsWithProducts
Error: Product with ID 5019 not found. Deal - 3639

05.03.2025, 19:22:45 - Source: getDealsWithProducts
Error: Product with ID 5015 not found. Deal - 2043

05.03.2025, 19:22:45 - Source: getDealsWithProducts
Error: Product with ID 5203 not found. Deal - 3507

05.03.2025, 19:22:45 - Source: getDealsWithProducts
Error: Product with ID 5187 not found. Deal - 3391

05.03.2025, 19:22:45 - Source: getDealsWithProducts
Error: Product with ID 5119 not found. Deal - 2773

05.03.2025, 19:22:45 - Source: getDealsWithProducts
Error: Product with ID 5019 not found. Deal - 3639

05.03.2025, 19:26:10 - Source: getDealsWithProducts
Error: Product with ID 5015 not found. Deal - 2043

05.03.2025, 19:26:10 - Source: getDealsWithProducts
Error: Product with ID 5119 not found. Deal - 2773

05.03.2025, 19:26:10 - Source: getDealsWithProducts
Error: Product with ID 5019 not found. Deal - 3639

05.03.2025, 19:26:10 - Source: getDealsWithProducts
Error: Product with ID 5187 not found. Deal - 3391

05.03.2025, 19:26:10 - Source: getDealsWithProducts
Error: Product with ID 5203 not found. Deal - 3507

05.03.2025, 19:26:11 - Source: getDealsWithProducts
Error: Product with ID 5015 not found. Deal - 2043

05.03.2025, 19:26:11 - Source: getDealsWithProducts
Error: Product with ID 5119 not found. Deal - 2773

05.03.2025, 19:26:11 - Source: getDealsWithProducts
Error: Product with ID 5019 not found. Deal - 3639

05.03.2025, 19:26:11 - Source: getDealsWithProducts
Error: Product with ID 5187 not found. Deal - 3391

05.03.2025, 19:26:11 - Source: getDealsWithProducts
Error: Product with ID 5203 not found. Deal - 3507

05.03.2025, 19:26:12 - Source: getDealsWithProducts
Error: Product with ID 5015 not found. Deal - 2043

05.03.2025, 19:26:12 - Source: getDealsWithProducts
Error: Product with ID 5119 not found. Deal - 2773

05.03.2025, 19:26:12 - Source: getDealsWithProducts
Error: Product with ID 5187 not found. Deal - 3391

05.03.2025, 19:26:12 - Source: getDealsWithProducts
Error: Product with ID 5203 not found. Deal - 3507

05.03.2025, 19:26:12 - Source: getDealsWithProducts
Error: Product with ID 5019 not found. Deal - 3639

05.03.2025, 19:26:12 - Source: getDealsWithProducts
Error: Product with ID 5015 not found. Deal - 2043

05.03.2025, 19:26:12 - Source: getDealsWithProducts
Error: Product with ID 5119 not found. Deal - 2773

05.03.2025, 19:26:12 - Source: getDealsWithProducts
Error: Product with ID 5187 not found. Deal - 3391

05.03.2025, 19:26:12 - Source: getDealsWithProducts
Error: Product with ID 5019 not found. Deal - 3639

05.03.2025, 19:26:12 - Source: getDealsWithProducts
Error: Product with ID 5203 not found. Deal - 3507

05.03.2025, 19:26:13 - Source: getDealsWithProducts
Error: Product with ID 5015 not found. Deal - 2043

05.03.2025, 19:26:13 - Source: getDealsWithProducts
Error: Product with ID 5187 not found. Deal - 3391

05.03.2025, 19:26:13 - Source: getDealsWithProducts
Error: Product with ID 5019 not found. Deal - 3639

05.03.2025, 19:26:13 - Source: getDealsWithProducts
Error: Product with ID 5119 not found. Deal - 2773

05.03.2025, 19:26:13 - Source: getDealsWithProducts
Error: Product with ID 5203 not found. Deal - 3507

05.03.2025, 19:26:14 - Source: getDealsWithProducts
Error: Product with ID 5015 not found. Deal - 2043

05.03.2025, 19:26:14 - Source: getDealsWithProducts
Error: Product with ID 5119 not found. Deal - 2773

05.03.2025, 19:26:14 - Source: getDealsWithProducts
Error: Product with ID 5019 not found. Deal - 3639

05.03.2025, 19:26:14 - Source: getDealsWithProducts
Error: Product with ID 5187 not found. Deal - 3391

05.03.2025, 19:26:14 - Source: getDealsWithProducts
Error: Product with ID 5203 not found. Deal - 3507

05.03.2025, 19:26:16 - Source: getDealsWithProducts
Error: Product with ID 5015 not found. Deal - 2043

05.03.2025, 19:26:16 - Source: getDealsWithProducts
Error: Product with ID 5119 not found. Deal - 2773

05.03.2025, 19:26:16 - Source: getDealsWithProducts
Error: Product with ID 5187 not found. Deal - 3391

05.03.2025, 19:26:16 - Source: getDealsWithProducts
Error: Product with ID 5019 not found. Deal - 3639

05.03.2025, 19:26:16 - Source: getDealsWithProducts
Error: Product with ID 5203 not found. Deal - 3507

05.03.2025, 19:26:17 - Source: getDealsWithProducts
Error: Product with ID 5015 not found. Deal - 2043

05.03.2025, 19:26:17 - Source: getDealsWithProducts
Error: Product with ID 5119 not found. Deal - 2773

05.03.2025, 19:26:17 - Source: getDealsWithProducts
Error: Product with ID 5019 not found. Deal - 3639

05.03.2025, 19:26:17 - Source: getDealsWithProducts
Error: Product with ID 5203 not found. Deal - 3507

05.03.2025, 19:26:17 - Source: getDealsWithProducts
Error: Product with ID 5187 not found. Deal - 3391

05.03.2025, 19:26:19 - Source: getDealsWithProducts
Error: Product with ID 5015 not found. Deal - 2043

05.03.2025, 19:26:19 - Source: getDealsWithProducts
Error: Product with ID 5119 not found. Deal - 2773

05.03.2025, 19:26:19 - Source: getDealsWithProducts
Error: Product with ID 5019 not found. Deal - 3639

05.03.2025, 19:26:19 - Source: getDealsWithProducts
Error: Product with ID 5187 not found. Deal - 3391

05.03.2025, 19:26:19 - Source: getDealsWithProducts
Error: Product with ID 5203 not found. Deal - 3507

05.03.2025, 19:26:20 - Source: getDealsWithProducts
Error: Product with ID 5015 not found. Deal - 2043

05.03.2025, 19:26:20 - Source: getDealsWithProducts
Error: Product with ID 5119 not found. Deal - 2773

05.03.2025, 19:26:20 - Source: getDealsWithProducts
Error: Product with ID 5203 not found. Deal - 3507

05.03.2025, 19:26:20 - Source: getDealsWithProducts
Error: Product with ID 5187 not found. Deal - 3391

05.03.2025, 19:26:20 - Source: getDealsWithProducts
Error: Product with ID 5019 not found. Deal - 3639

05.03.2025, 19:26:38 - Source: getDealsWithProducts
Error: Product with ID 5015 not found. Deal - 2043

05.03.2025, 19:26:38 - Source: getDealsWithProducts
Error: Product with ID 5119 not found. Deal - 2773

05.03.2025, 19:26:38 - Source: getDealsWithProducts
Error: Product with ID 5019 not found. Deal - 3639

05.03.2025, 19:26:38 - Source: getDealsWithProducts
Error: Product with ID 5187 not found. Deal - 3391

05.03.2025, 19:26:38 - Source: getDealsWithProducts
Error: Product with ID 5203 not found. Deal - 3507

05.03.2025, 19:28:28 - Source: getDealsWithProducts
Error: Product with ID 5015 not found. Deal - 2043

05.03.2025, 19:28:28 - Source: getDealsWithProducts
Error: Product with ID 5119 not found. Deal - 2773

05.03.2025, 19:28:28 - Source: getDealsWithProducts
Error: Product with ID 5187 not found. Deal - 3391

05.03.2025, 19:28:28 - Source: getDealsWithProducts
Error: Product with ID 5203 not found. Deal - 3507

05.03.2025, 19:28:28 - Source: getDealsWithProducts
Error: Product with ID 5019 not found. Deal - 3639

05.03.2025, 19:28:57 - Source: getDealsWithProducts
Error: Product with ID 5015 not found. Deal - 2043

05.03.2025, 19:28:57 - Source: getDealsWithProducts
Error: Product with ID 5203 not found. Deal - 3507

05.03.2025, 19:28:57 - Source: getDealsWithProducts
Error: Product with ID 5119 not found. Deal - 2773

05.03.2025, 19:28:57 - Source: getDealsWithProducts
Error: Product with ID 5019 not found. Deal - 3639

05.03.2025, 19:28:57 - Source: getDealsWithProducts
Error: Product with ID 5187 not found. Deal - 3391

05.03.2025, 19:29:24 - Source: getDealsWithProducts
Error: Product with ID 5203 not found. Deal - 3507

05.03.2025, 19:30:53 - Source: getDealsWithProducts
Error: Product with ID 5203 not found. Deal - 3507

05.03.2025, 19:33:57 - Source: getDealsWithProducts
Error: Product with ID 5203 not found. Deal - 3507

05.03.2025, 19:34:43 - Source: getDealsWithProducts
Error: Product with ID 5203 not found. Deal - 3507

05.03.2025, 19:36:20 - Source: getDealsWithProducts
Error: Product with ID 5203 not found. Deal - 3507

05.03.2025, 19:36:25 - Source: getDealsWithProducts
Error: Product with ID 5203 not found. Deal - 3507

05.03.2025, 19:37:09 - Source: getDealsWithProducts
Error: Product with ID 5203 not found. Deal - 3507

05.03.2025, 19:38:04 - Source: getDealsWithProducts
Error: Product with ID 5203 not found. Deal - 3507

05.03.2025, 19:38:05 - Source: getDealsWithProducts
Error: Product with ID 5203 not found. Deal - 3507

05.03.2025, 19:38:16 - Source: getDealsWithProducts
Error: Product with ID 5203 not found. Deal - 3507

05.03.2025, 19:39:41 - Source: getDealsWithProducts
Error: Product with ID 5203 not found. Deal - 3507

05.03.2025, 19:44:12 - Source: getDealsWithProducts
Error: Product with ID 5203 not found. Deal - 3507

05.03.2025, 19:52:47 - Source: getDealsWithProducts
Error: Product with ID 5203 not found. Deal - 3507

05.03.2025, 19:54:53 - Source: getDealsWithProducts
Error: Product with ID 5203 not found. Deal - 3507

05.03.2025, 19:57:17 - Source: getDealsWithProducts
Error: Product with ID 5203 not found. Deal - 3507

05.03.2025, 19:58:03 - Source: getDealsWithProducts
Error: Product with ID 5015 not found. Deal - 2043

05.03.2025, 19:58:03 - Source: getDealsWithProducts
Error: Product with ID 5119 not found. Deal - 2773

05.03.2025, 19:58:03 - Source: getDealsWithProducts
Error: Product with ID 5019 not found. Deal - 3639

05.03.2025, 19:58:03 - Source: getDealsWithProducts
Error: Product with ID 5187 not found. Deal - 3391

05.03.2025, 19:58:03 - Source: getDealsWithProducts
Error: Product with ID 5203 not found. Deal - 3507

05.03.2025, 20:05:14 - Source: getDealsWithProducts
Error: Product with ID 5187 not found. Deal - 3391

05.03.2025, 20:05:14 - Source: getDealsWithProducts
Error: Product with ID 5015 not found. Deal - 2043

05.03.2025, 20:05:14 - Source: getDealsWithProducts
Error: Product with ID 5019 not found. Deal - 3639

05.03.2025, 20:05:14 - Source: getDealsWithProducts
Error: Product with ID 5119 not found. Deal - 2773

05.03.2025, 20:05:14 - Source: getDealsWithProducts
Error: Product with ID 5203 not found. Deal - 3507

05.03.2025, 20:38:02 - Source: getDealsWithProducts
Error: Product with ID 5015 not found. Deal - 2043

05.03.2025, 20:38:02 - Source: getDealsWithProducts
Error: Product with ID 5119 not found. Deal - 2773

05.03.2025, 20:38:02 - Source: getDealsWithProducts
Error: Product with ID 5019 not found. Deal - 3639

05.03.2025, 20:38:02 - Source: getDealsWithProducts
Error: Product with ID 5203 not found. Deal - 3507

05.03.2025, 20:38:02 - Source: getDealsWithProducts
Error: Product with ID 5187 not found. Deal - 3391

05.03.2025, 20:38:09 - Source: getDealsWithProducts
Error: Product with ID 5015 not found. Deal - 2043

05.03.2025, 20:38:09 - Source: getDealsWithProducts
Error: Product with ID 5119 not found. Deal - 2773

05.03.2025, 20:38:09 - Source: getDealsWithProducts
Error: Product with ID 5019 not found. Deal - 3639

05.03.2025, 20:38:09 - Source: getDealsWithProducts
Error: Product with ID 5187 not found. Deal - 3391

05.03.2025, 20:38:09 - Source: getDealsWithProducts
Error: Product with ID 5203 not found. Deal - 3507

05.03.2025, 20:40:01 - Source: getDealsWithProducts
Error: Product with ID 5015 not found. Deal - 2043

05.03.2025, 20:40:01 - Source: getDealsWithProducts
Error: Product with ID 5119 not found. Deal - 2773

05.03.2025, 20:40:01 - Source: getDealsWithProducts
Error: Product with ID 5187 not found. Deal - 3391

05.03.2025, 20:40:01 - Source: getDealsWithProducts
Error: Product with ID 5203 not found. Deal - 3507

05.03.2025, 20:40:01 - Source: getDealsWithProducts
Error: Product with ID 5019 not found. Deal - 3639

05.03.2025, 20:43:57 - Source: DB service updateDealById
Error: Error: SQLITE_BUSY: database is locked
--> in Statement#run([
  'Работы Тестовый контакт Тестовая компания ТЕСТ. ',
  '2028-02-27T00:00:00+03:00',
  '2945',
  '222|KZT',
  '4195'
], [Function (anonymous)])
    at Database.<anonymous> (C:\Users\emirh\Desktop\МОНТАЖНИКИ\aquatem_module\node_modules\sqlite3\lib\sqlite3.js:76:19)
    at Database.<anonymous> (C:\Users\emirh\Desktop\МОНТАЖНИКИ\aquatem_module\node_modules\sqlite3\lib\sqlite3.js:20:19)
    at Database.<anonymous> (C:\Users\emirh\Desktop\МОНТАЖНИКИ\aquatem_module\services\db.js:432:12)
    at Db.updateDealById (C:\Users\emirh\Desktop\МОНТАЖНИКИ\aquatem_module\services\db.js:431:10)
    at C:\Users\emirh\Desktop\МОНТАЖНИКИ\aquatem_module\index.js:1419:35
    at process.processTicksAndRejections (node:internal/process/task_queues:105:5)

05.03.2025, 20:47:32 - Source: getDealsWithProducts
Error: Product with ID 5015 not found. Deal - 2043

05.03.2025, 20:47:32 - Source: getDealsWithProducts
Error: Product with ID 5119 not found. Deal - 2773

05.03.2025, 20:47:32 - Source: getDealsWithProducts
Error: Product with ID 5203 not found. Deal - 3507

05.03.2025, 20:47:32 - Source: getDealsWithProducts
Error: Product with ID 5187 not found. Deal - 3391

05.03.2025, 20:47:32 - Source: getDealsWithProducts
Error: Product with ID 5019 not found. Deal - 3639

05.03.2025, 20:49:01 - Source: DB service updateDealById
Error: Error: SQLITE_BUSY: database is locked
--> in Statement#run([
  'Работы Тестовый контакт Тестовая компания ТЕСТ. ',
  '2028-02-27T00:00:00+03:00',
  '2945',
  '6565|KZT',
  '4197'
], [Function (anonymous)])
    at Database.<anonymous> (C:\Users\emirh\Desktop\МОНТАЖНИКИ\aquatem_module\node_modules\sqlite3\lib\sqlite3.js:76:19)
    at Database.<anonymous> (C:\Users\emirh\Desktop\МОНТАЖНИКИ\aquatem_module\node_modules\sqlite3\lib\sqlite3.js:20:19)
    at Database.<anonymous> (C:\Users\emirh\Desktop\МОНТАЖНИКИ\aquatem_module\services\db.js:432:12)
    at Db.updateDealById (C:\Users\emirh\Desktop\МОНТАЖНИКИ\aquatem_module\services\db.js:431:10)
    at C:\Users\emirh\Desktop\МОНТАЖНИКИ\aquatem_module\index.js:1419:35
    at process.processTicksAndRejections (node:internal/process/task_queues:105:5)

05.03.2025, 20:49:27 - Source: getDealsWithProducts
Error: Product with ID 5015 not found. Deal - 2043

05.03.2025, 20:49:27 - Source: getDealsWithProducts
Error: Product with ID 5119 not found. Deal - 2773

05.03.2025, 20:49:27 - Source: getDealsWithProducts
Error: Product with ID 5187 not found. Deal - 3391

05.03.2025, 20:49:27 - Source: getDealsWithProducts
Error: Product with ID 5203 not found. Deal - 3507

05.03.2025, 20:49:27 - Source: getDealsWithProducts
Error: Product with ID 5019 not found. Deal - 3639

05.03.2025, 20:49:53 - Source: getDealsWithProducts
Error: Product with ID 5015 not found. Deal - 2043

05.03.2025, 20:49:53 - Source: getDealsWithProducts
Error: Product with ID 5119 not found. Deal - 2773

05.03.2025, 20:49:53 - Source: getDealsWithProducts
Error: Product with ID 5187 not found. Deal - 3391

05.03.2025, 20:49:53 - Source: getDealsWithProducts
Error: Product with ID 5203 not found. Deal - 3507

05.03.2025, 20:49:53 - Source: getDealsWithProducts
Error: Product with ID 5019 not found. Deal - 3639

05.03.2025, 20:50:03 - Source: getDealsWithProducts
Error: Product with ID 5015 not found. Deal - 2043

05.03.2025, 20:50:03 - Source: getDealsWithProducts
Error: Product with ID 5119 not found. Deal - 2773

05.03.2025, 20:50:03 - Source: getDealsWithProducts
Error: Product with ID 5187 not found. Deal - 3391

05.03.2025, 20:50:03 - Source: getDealsWithProducts
Error: Product with ID 5203 not found. Deal - 3507

05.03.2025, 20:50:03 - Source: getDealsWithProducts
Error: Product with ID 5019 not found. Deal - 3639

05.03.2025, 20:50:37 - Source: getDealsWithProducts
Error: Product with ID 5015 not found. Deal - 2043

05.03.2025, 20:50:37 - Source: getDealsWithProducts
Error: Product with ID 5119 not found. Deal - 2773

05.03.2025, 20:50:37 - Source: getDealsWithProducts
Error: Product with ID 5019 not found. Deal - 3639

05.03.2025, 20:50:37 - Source: getDealsWithProducts
Error: Product with ID 5187 not found. Deal - 3391

05.03.2025, 20:50:37 - Source: getDealsWithProducts
Error: Product with ID 5203 not found. Deal - 3507

05.03.2025, 20:50:52 - Source: getDealsWithProducts
Error: Product with ID 5015 not found. Deal - 2043

05.03.2025, 20:50:52 - Source: getDealsWithProducts
Error: Product with ID 5187 not found. Deal - 3391

05.03.2025, 20:50:52 - Source: getDealsWithProducts
Error: Product with ID 5119 not found. Deal - 2773

05.03.2025, 20:50:52 - Source: getDealsWithProducts
Error: Product with ID 5019 not found. Deal - 3639

05.03.2025, 20:50:52 - Source: getDealsWithProducts
Error: Product with ID 5203 not found. Deal - 3507

05.03.2025, 20:52:37 - Source: getDealsWithProducts
Error: Product with ID 5119 not found. Deal - 2773

05.03.2025, 20:52:37 - Source: getDealsWithProducts
Error: Product with ID 5015 not found. Deal - 2043

05.03.2025, 20:52:37 - Source: getDealsWithProducts
Error: Product with ID 5019 not found. Deal - 3639

05.03.2025, 20:52:37 - Source: getDealsWithProducts
Error: Product with ID 5187 not found. Deal - 3391

05.03.2025, 20:52:37 - Source: getDealsWithProducts
Error: Product with ID 5203 not found. Deal - 3507

05.03.2025, 20:54:31 - Source: getDealsWithProducts
Error: Product with ID 5015 not found. Deal - 2043

05.03.2025, 20:54:31 - Source: getDealsWithProducts
Error: Product with ID 5119 not found. Deal - 2773

05.03.2025, 20:54:31 - Source: getDealsWithProducts
Error: Product with ID 5203 not found. Deal - 3507

05.03.2025, 20:54:31 - Source: getDealsWithProducts
Error: Product with ID 5187 not found. Deal - 3391

05.03.2025, 20:54:31 - Source: getDealsWithProducts
Error: Product with ID 5019 not found. Deal - 3639

05.03.2025, 20:54:44 - Source: getDealsWithProducts
Error: Product with ID 5119 not found. Deal - 2773

05.03.2025, 20:54:44 - Source: getDealsWithProducts
Error: Product with ID 5187 not found. Deal - 3391

05.03.2025, 20:54:44 - Source: getDealsWithProducts
Error: Product with ID 5203 not found. Deal - 3507

05.03.2025, 20:54:44 - Source: getDealsWithProducts
Error: Product with ID 5019 not found. Deal - 3639

05.03.2025, 20:54:44 - Source: getDealsWithProducts
Error: Product with ID 5015 not found. Deal - 2043

05.03.2025, 20:56:05 - Source: getDealsWithProducts
Error: Product with ID 5015 not found. Deal - 2043

05.03.2025, 20:56:05 - Source: getDealsWithProducts
Error: Product with ID 5119 not found. Deal - 2773

05.03.2025, 20:56:05 - Source: getDealsWithProducts
Error: Product with ID 5019 not found. Deal - 3639

05.03.2025, 20:56:05 - Source: getDealsWithProducts
Error: Product with ID 5187 not found. Deal - 3391

05.03.2025, 20:56:05 - Source: getDealsWithProducts
Error: Product with ID 5203 not found. Deal - 3507

05.03.2025, 20:56:13 - Source: getDealsWithProducts
Error: Product with ID 5015 not found. Deal - 2043

05.03.2025, 20:56:13 - Source: getDealsWithProducts
Error: Product with ID 5119 not found. Deal - 2773

05.03.2025, 20:56:13 - Source: getDealsWithProducts
Error: Product with ID 5019 not found. Deal - 3639

05.03.2025, 20:56:13 - Source: getDealsWithProducts
Error: Product with ID 5203 not found. Deal - 3507

05.03.2025, 20:56:13 - Source: getDealsWithProducts
Error: Product with ID 5187 not found. Deal - 3391

05.03.2025, 20:57:07 - Source: getDealsWithProducts
Error: Product with ID 5015 not found. Deal - 2043

05.03.2025, 20:57:07 - Source: getDealsWithProducts
Error: Product with ID 5119 not found. Deal - 2773

05.03.2025, 20:57:07 - Source: getDealsWithProducts
Error: Product with ID 5019 not found. Deal - 3639

05.03.2025, 20:57:07 - Source: getDealsWithProducts
Error: Product with ID 5187 not found. Deal - 3391

05.03.2025, 20:57:07 - Source: getDealsWithProducts
Error: Product with ID 5203 not found. Deal - 3507

05.03.2025, 21:58:01 - Source: getDealsWithProducts
Error: Product with ID 5015 not found. Deal - 2043

05.03.2025, 21:58:01 - Source: getDealsWithProducts
Error: Product with ID 5119 not found. Deal - 2773

05.03.2025, 21:58:01 - Source: getDealsWithProducts
Error: Product with ID 5019 not found. Deal - 3639

05.03.2025, 21:58:01 - Source: getDealsWithProducts
Error: Product with ID 5187 not found. Deal - 3391

05.03.2025, 21:58:01 - Source: getDealsWithProducts
Error: Product with ID 5203 not found. Deal - 3507

05.03.2025, 21:58:51 - Source: getDealsWithProducts
Error: Product with ID 5015 not found. Deal - 2043

05.03.2025, 21:58:51 - Source: getDealsWithProducts
Error: Product with ID 5119 not found. Deal - 2773

05.03.2025, 21:58:51 - Source: getDealsWithProducts
Error: Product with ID 5203 not found. Deal - 3507

05.03.2025, 21:58:51 - Source: getDealsWithProducts
Error: Product with ID 5187 not found. Deal - 3391

05.03.2025, 21:58:51 - Source: getDealsWithProducts
Error: Product with ID 5019 not found. Deal - 3639

05.03.2025, 21:59:04 - Source: getDealsWithProducts
Error: Product with ID 5015 not found. Deal - 2043

05.03.2025, 21:59:04 - Source: getDealsWithProducts
Error: Product with ID 5119 not found. Deal - 2773

05.03.2025, 21:59:04 - Source: getDealsWithProducts
Error: Product with ID 5019 not found. Deal - 3639

05.03.2025, 21:59:04 - Source: getDealsWithProducts
Error: Product with ID 5187 not found. Deal - 3391

05.03.2025, 21:59:04 - Source: getDealsWithProducts
Error: Product with ID 5203 not found. Deal - 3507

05.03.2025, 22:01:26 - Source: getDealsWithProducts
Error: Product with ID 5015 not found. Deal - 2043

05.03.2025, 22:01:26 - Source: getDealsWithProducts
Error: Product with ID 5119 not found. Deal - 2773

05.03.2025, 22:01:26 - Source: getDealsWithProducts
Error: Product with ID 5203 not found. Deal - 3507

05.03.2025, 22:01:26 - Source: getDealsWithProducts
Error: Product with ID 5019 not found. Deal - 3639

05.03.2025, 22:01:26 - Source: getDealsWithProducts
Error: Product with ID 5187 not found. Deal - 3391

05.03.2025, 22:02:12 - Source: getDealsWithProducts
Error: Product with ID 5015 not found. Deal - 2043

05.03.2025, 22:02:12 - Source: getDealsWithProducts
Error: Product with ID 5119 not found. Deal - 2773

05.03.2025, 22:02:12 - Source: getDealsWithProducts
Error: Product with ID 5019 not found. Deal - 3639

05.03.2025, 22:02:12 - Source: getDealsWithProducts
Error: Product with ID 5187 not found. Deal - 3391

05.03.2025, 22:02:12 - Source: getDealsWithProducts
Error: Product with ID 5203 not found. Deal - 3507

05.03.2025, 22:11:14 - Source: getDealsWithProducts
Error: Product with ID 5015 not found. Deal - 2043

05.03.2025, 22:11:14 - Source: getDealsWithProducts
Error: Product with ID 5119 not found. Deal - 2773

05.03.2025, 22:11:14 - Source: getDealsWithProducts
Error: Product with ID 5019 not found. Deal - 3639

05.03.2025, 22:11:14 - Source: getDealsWithProducts
Error: Product with ID 5203 not found. Deal - 3507

05.03.2025, 22:11:14 - Source: getDealsWithProducts
Error: Product with ID 5187 not found. Deal - 3391

