11.03.2025, 19:27:06 - Source: /montajniki/check_user_permission/
Error: Error: No user Алишер Сайлауов in db
    at C:\Users\emirh\Desktop\МОНТАЖНИКИ\aquatem_module\index.js:905:13

11.03.2025, 19:27:07 - Source: /montajniki/check_user_permission/
Error: Error: No user Алишер Сайлауов in db
    at C:\Users\emirh\Desktop\МОНТАЖНИКИ\aquatem_module\index.js:905:13

11.03.2025, 19:27:07 - Source: /montajniki/check_user_permission/
Error: Error: No user Алишер Сайлауов in db
    at C:\Users\emirh\Desktop\МОНТАЖНИКИ\aquatem_module\index.js:905:13

11.03.2025, 19:27:40 - Source: /montajniki/check_user_permission/
Error: Error: No user Алишер Сайлауов in db
    at C:\Users\emirh\Desktop\МОНТАЖНИКИ\aquatem_module\index.js:905:13

11.03.2025, 19:27:44 - Source: /montajniki/check_user_permission/
Error: Error: No user Алишер Сайлауов in db
    at C:\Users\emirh\Desktop\МОНТАЖНИКИ\aquatem_module\index.js:905:13

11.03.2025, 19:28:14 - Source: /montajniki/check_user_permission/
Error: Error: No user Алишер Сайлауов in db
    at C:\Users\emirh\Desktop\МОНТАЖНИКИ\aquatem_module\index.js:905:13

11.03.2025, 19:28:17 - Source: /montajniki/check_user_permission/
Error: Error: No user Алишер Сайлауов in db
    at C:\Users\emirh\Desktop\МОНТАЖНИКИ\aquatem_module\index.js:905:13

11.03.2025, 19:28:24 - Source: /montajniki/check_user_permission/
Error: Error: No user Алишер Сайлауов in db
    at C:\Users\emirh\Desktop\МОНТАЖНИКИ\aquatem_module\index.js:905:13

11.03.2025, 19:28:30 - Source: /montajniki/check_user_permission/
Error: Error: No user Алишер Сайлауов in db
    at C:\Users\emirh\Desktop\МОНТАЖНИКИ\aquatem_module\index.js:905:13

11.03.2025, 19:28:55 - Source: getDealsWithProducts
Error: Product with ID 5015 not found. Deal - 2043

11.03.2025, 19:28:55 - Source: getDealsWithProducts
Error: Product with ID 5119 not found. Deal - 2773

11.03.2025, 19:28:56 - Source: getDealsWithProducts
Error: Product with ID 5203 not found. Deal - 3507

11.03.2025, 19:29:07 - Source: getDealsWithProducts
Error: Product with ID 5015 not found. Deal - 2043

11.03.2025, 19:29:07 - Source: getDealsWithProducts
Error: Product with ID 5119 not found. Deal - 2773

11.03.2025, 19:29:07 - Source: getDealsWithProducts
Error: Product with ID 5203 not found. Deal - 3507

11.03.2025, 19:38:08 - Source: /montajniki/update_deal_handler
Error: TypeError: Cannot read properties of undefined (reading 'product_id')
    at C:\Users\emirh\Desktop\МОНТАЖНИКИ\aquatem_module\index.js:1472:13
    at process.processTicksAndRejections (node:internal/process/task_queues:105:5)

11.03.2025, 19:40:50 - Source: /montajniki/update_deal_handler
Error: TypeError: Cannot read properties of undefined (reading 'product_id')
    at C:\Users\emirh\Desktop\МОНТАЖНИКИ\aquatem_module\index.js:1472:13
    at process.processTicksAndRejections (node:internal/process/task_queues:105:5)

11.03.2025, 19:40:50 - Source: /montajniki/update_deal_handler
Error: TypeError: Cannot read properties of undefined (reading 'product_id')
    at C:\Users\emirh\Desktop\МОНТАЖНИКИ\aquatem_module\index.js:1472:13
    at process.processTicksAndRejections (node:internal/process/task_queues:105:5)

11.03.2025, 19:40:56 - Source: /montajniki/update_deal_handler
Error: TypeError: Cannot read properties of undefined (reading 'product_id')
    at C:\Users\emirh\Desktop\МОНТАЖНИКИ\aquatem_module\index.js:1472:13
    at process.processTicksAndRejections (node:internal/process/task_queues:105:5)

11.03.2025, 19:41:11 - Source: /montajniki/update_deal_handler
Error: TypeError: Cannot read properties of undefined (reading 'product_id')
    at C:\Users\emirh\Desktop\МОНТАЖНИКИ\aquatem_module\index.js:1472:13
    at process.processTicksAndRejections (node:internal/process/task_queues:105:5)

11.03.2025, 19:44:59 - Source: getDealsWithProducts
Error: Product with ID 5015 not found. Deal - 2043

11.03.2025, 19:44:59 - Source: getDealsWithProducts
Error: Product with ID 5119 not found. Deal - 2773

11.03.2025, 19:44:59 - Source: getDealsWithProducts
Error: Product with ID 5203 not found. Deal - 3507

11.03.2025, 19:52:10 - Source: /montajniki/update_deal_handler
Error: TypeError: Cannot read properties of undefined (reading 'product_id')
    at C:\Users\emirh\Desktop\МОНТАЖНИКИ\aquatem_module\index.js:1474:13
    at process.processTicksAndRejections (node:internal/process/task_queues:105:5)

11.03.2025, 19:52:28 - Source: getDealsWithProducts
Error: Product with ID 5015 not found. Deal - 2043

11.03.2025, 19:52:28 - Source: getDealsWithProducts
Error: Product with ID 5119 not found. Deal - 2773

11.03.2025, 19:52:28 - Source: getDealsWithProducts
Error: Product with ID 5203 not found. Deal - 3507

11.03.2025, 19:55:12 - Source: /montajniki/update_deal_handler
Error: TypeError: Cannot read properties of undefined (reading 'product_id')
    at C:\Users\emirh\Desktop\МОНТАЖНИКИ\aquatem_module\index.js:1475:13
    at process.processTicksAndRejections (node:internal/process/task_queues:105:5)

11.03.2025, 19:55:35 - Source: getDealsWithProducts
Error: Product with ID 5015 not found. Deal - 2043

11.03.2025, 19:55:35 - Source: getDealsWithProducts
Error: Product with ID 5119 not found. Deal - 2773

11.03.2025, 19:55:35 - Source: getDealsWithProducts
Error: Product with ID 5203 not found. Deal - 3507

11.03.2025, 20:00:51 - Source: getDealsWithProducts
Error: Product with ID 5015 not found. Deal - 2043

11.03.2025, 20:00:51 - Source: getDealsWithProducts
Error: Product with ID 5119 not found. Deal - 2773

11.03.2025, 20:00:51 - Source: getDealsWithProducts
Error: Product with ID 5203 not found. Deal - 3507

11.03.2025, 20:03:22 - Source: getDealsWithProducts
Error: Product with ID 5119 not found. Deal - 2773

11.03.2025, 20:03:22 - Source: getDealsWithProducts
Error: Product with ID 5015 not found. Deal - 2043

11.03.2025, 20:03:22 - Source: getDealsWithProducts
Error: Product with ID 5203 not found. Deal - 3507

11.03.2025, 20:03:38 - Source: getDealsWithProducts
Error: Product with ID 5015 not found. Deal - 2043

11.03.2025, 20:03:38 - Source: getDealsWithProducts
Error: Product with ID 5203 not found. Deal - 3507

11.03.2025, 20:03:38 - Source: getDealsWithProducts
Error: Product with ID 5119 not found. Deal - 2773

11.03.2025, 20:04:06 - Source: getDealsWithProducts
Error: Product with ID 5203 not found. Deal - 3507

11.03.2025, 20:04:38 - Source: getDealsWithProducts
Error: Product with ID 5015 not found. Deal - 2043

11.03.2025, 20:04:38 - Source: getDealsWithProducts
Error: Product with ID 5119 not found. Deal - 2773

11.03.2025, 20:04:38 - Source: getDealsWithProducts
Error: Product with ID 5203 not found. Deal - 3507

11.03.2025, 20:06:18 - Source: getDealsWithProducts
Error: Product with ID 5015 not found. Deal - 2043

11.03.2025, 20:06:18 - Source: getDealsWithProducts
Error: Product with ID 5203 not found. Deal - 3507

11.03.2025, 20:06:18 - Source: getDealsWithProducts
Error: Product with ID 5119 not found. Deal - 2773

11.03.2025, 21:16:54 - Source: getDealsWithProducts
Error: Product with ID 5119 not found. Deal - 2773

11.03.2025, 21:16:54 - Source: getDealsWithProducts
Error: Product with ID 5015 not found. Deal - 2043

11.03.2025, 21:16:54 - Source: getDealsWithProducts
Error: Product with ID 5203 not found. Deal - 3507

11.03.2025, 21:17:18 - Source: getDealsWithProducts
Error: Product with ID 5015 not found. Deal - 2043

11.03.2025, 21:17:18 - Source: getDealsWithProducts
Error: Product with ID 5203 not found. Deal - 3507

11.03.2025, 21:17:18 - Source: getDealsWithProducts
Error: Product with ID 5119 not found. Deal - 2773

11.03.2025, 21:18:32 - Source: getDealsWithProducts
Error: Product with ID 5015 not found. Deal - 2043

11.03.2025, 21:18:32 - Source: getDealsWithProducts
Error: Product with ID 5119 not found. Deal - 2773

11.03.2025, 21:18:32 - Source: getDealsWithProducts
Error: Product with ID 5203 not found. Deal - 3507

11.03.2025, 21:19:00 - Source: getDealsWithProducts
Error: Product with ID 5203 not found. Deal - 3507

11.03.2025, 21:19:23 - Source: getDealsWithProducts
Error: Product with ID 5015 not found. Deal - 2043

11.03.2025, 21:19:23 - Source: getDealsWithProducts
Error: Product with ID 5119 not found. Deal - 2773

11.03.2025, 21:19:23 - Source: getDealsWithProducts
Error: Product with ID 5203 not found. Deal - 3507

11.03.2025, 21:20:18 - Source: getDealsWithProducts
Error: Product with ID 5015 not found. Deal - 2043

11.03.2025, 21:20:18 - Source: getDealsWithProducts
Error: Product with ID 5119 not found. Deal - 2773

11.03.2025, 21:20:18 - Source: getDealsWithProducts
Error: Product with ID 5203 not found. Deal - 3507

11.03.2025, 21:29:41 - Source: /montajniki/update_deal_handler
Error: TypeError: Cannot read properties of undefined (reading 'product_id')
    at C:\Users\emirh\Desktop\МОНТАЖНИКИ\aquatem_module\index.js:1475:13
    at process.processTicksAndRejections (node:internal/process/task_queues:105:5)

11.03.2025, 21:30:30 - Source: getDealsWithProducts
Error: Product with ID 5015 not found. Deal - 2043

11.03.2025, 21:30:30 - Source: getDealsWithProducts
Error: Product with ID 5119 not found. Deal - 2773

11.03.2025, 21:30:30 - Source: getDealsWithProducts
Error: Product with ID 5203 not found. Deal - 3507

11.03.2025, 21:34:52 - Source: getDealsWithProducts
Error: Product with ID 5015 not found. Deal - 2043

11.03.2025, 21:34:52 - Source: getDealsWithProducts
Error: Product with ID 5119 not found. Deal - 2773

11.03.2025, 21:34:52 - Source: getDealsWithProducts
Error: Product with ID 5203 not found. Deal - 3507

11.03.2025, 21:35:35 - Source: getDealsWithProducts
Error: Product with ID 5015 not found. Deal - 2043

11.03.2025, 21:35:35 - Source: getDealsWithProducts
Error: Product with ID 5203 not found. Deal - 3507

11.03.2025, 21:35:35 - Source: getDealsWithProducts
Error: Product with ID 5119 not found. Deal - 2773

11.03.2025, 21:35:47 - Source: getDealsWithProducts
Error: Product with ID 5015 not found. Deal - 2043

11.03.2025, 21:35:47 - Source: getDealsWithProducts
Error: Product with ID 5119 not found. Deal - 2773

11.03.2025, 21:35:47 - Source: getDealsWithProducts
Error: Product with ID 5203 not found. Deal - 3507

11.03.2025, 21:35:59 - Source: /montajniki/update_deal_handler
Error: TypeError: Cannot read properties of undefined (reading 'product_id')
    at C:\Users\emirh\Desktop\МОНТАЖНИКИ\aquatem_module\index.js:1475:13
    at process.processTicksAndRejections (node:internal/process/task_queues:105:5)

11.03.2025, 21:35:59 - Source: /montajniki/update_deal_handler
Error: TypeError: Cannot read properties of undefined (reading 'product_id')
    at C:\Users\emirh\Desktop\МОНТАЖНИКИ\aquatem_module\index.js:1475:13
    at process.processTicksAndRejections (node:internal/process/task_queues:105:5)

11.03.2025, 21:36:09 - Source: getDealsWithProducts
Error: Product with ID 5015 not found. Deal - 2043

11.03.2025, 21:36:09 - Source: getDealsWithProducts
Error: Product with ID 5119 not found. Deal - 2773

11.03.2025, 21:36:09 - Source: getDealsWithProducts
Error: Product with ID 5203 not found. Deal - 3507

11.03.2025, 21:36:42 - Source: getDealsWithProducts
Error: Product with ID 5015 not found. Deal - 2043

11.03.2025, 21:36:42 - Source: getDealsWithProducts
Error: Product with ID 5119 not found. Deal - 2773

11.03.2025, 21:36:42 - Source: getDealsWithProducts
Error: Product with ID 5203 not found. Deal - 3507

11.03.2025, 21:37:18 - Source: getDealsWithProducts
Error: Product with ID 5203 not found. Deal - 3507

11.03.2025, 21:37:59 - Source: getDealsWithProducts
Error: Product with ID 5015 not found. Deal - 2043

11.03.2025, 21:37:59 - Source: getDealsWithProducts
Error: Product with ID 5119 not found. Deal - 2773

11.03.2025, 21:37:59 - Source: getDealsWithProducts
Error: Product with ID 5203 not found. Deal - 3507

11.03.2025, 22:02:23 - Source: /montajniki/update_deal_handler
Error: TypeError: Cannot read properties of undefined (reading 'product_id')
    at C:\Users\emirh\Desktop\МОНТАЖНИКИ\aquatem_module\index.js:1475:13
    at process.processTicksAndRejections (node:internal/process/task_queues:105:5)

11.03.2025, 22:02:44 - Source: getDealsWithProducts
Error: Product with ID 5015 not found. Deal - 2043

11.03.2025, 22:02:44 - Source: getDealsWithProducts
Error: Product with ID 5119 not found. Deal - 2773

11.03.2025, 22:02:44 - Source: getDealsWithProducts
Error: Product with ID 5203 not found. Deal - 3507

11.03.2025, 22:03:01 - Source: /montajniki/update_deal_handler
Error: TypeError: Cannot read properties of undefined (reading 'product_id')
    at C:\Users\emirh\Desktop\МОНТАЖНИКИ\aquatem_module\index.js:1475:13
    at process.processTicksAndRejections (node:internal/process/task_queues:105:5)

11.03.2025, 22:03:01 - Source: /montajniki/update_deal_handler
Error: TypeError: Cannot read properties of undefined (reading 'product_id')
    at C:\Users\emirh\Desktop\МОНТАЖНИКИ\aquatem_module\index.js:1475:13
    at process.processTicksAndRejections (node:internal/process/task_queues:105:5)

11.03.2025, 22:03:20 - Source: getDealsWithProducts
Error: Product with ID 5015 not found. Deal - 2043

11.03.2025, 22:03:20 - Source: getDealsWithProducts
Error: Product with ID 5119 not found. Deal - 2773

11.03.2025, 22:03:20 - Source: getDealsWithProducts
Error: Product with ID 5203 not found. Deal - 3507

11.03.2025, 22:03:27 - Source: getDealsWithProducts
Error: Product with ID 5015 not found. Deal - 2043

11.03.2025, 22:03:27 - Source: getDealsWithProducts
Error: Product with ID 5119 not found. Deal - 2773

11.03.2025, 22:03:27 - Source: getDealsWithProducts
Error: Product with ID 5203 not found. Deal - 3507

11.03.2025, 22:03:53 - Source: getDealsWithProducts
Error: Product with ID 5203 not found. Deal - 3507

11.03.2025, 22:04:03 - Source: /montajniki/update_deal_handler
Error: TypeError: Cannot read properties of undefined (reading 'product_id')
    at C:\Users\emirh\Desktop\МОНТАЖНИКИ\aquatem_module\index.js:1475:13
    at process.processTicksAndRejections (node:internal/process/task_queues:105:5)

11.03.2025, 22:04:03 - Source: /montajniki/update_deal_handler
Error: TypeError: Cannot read properties of undefined (reading 'product_id')
    at C:\Users\emirh\Desktop\МОНТАЖНИКИ\aquatem_module\index.js:1475:13
    at process.processTicksAndRejections (node:internal/process/task_queues:105:5)

11.03.2025, 22:04:09 - Source: getDealsWithProducts
Error: Product with ID 5119 not found. Deal - 2773

11.03.2025, 22:04:09 - Source: getDealsWithProducts
Error: Product with ID 5015 not found. Deal - 2043

11.03.2025, 22:04:09 - Source: getDealsWithProducts
Error: Product with ID 5203 not found. Deal - 3507

11.03.2025, 22:04:09 - Source: /montajniki/update_deal_handler
Error: TypeError: Cannot read properties of undefined (reading 'product_id')
    at C:\Users\emirh\Desktop\МОНТАЖНИКИ\aquatem_module\index.js:1475:13
    at process.processTicksAndRejections (node:internal/process/task_queues:105:5)

11.03.2025, 22:04:21 - Source: /montajniki/update_deal_handler
Error: TypeError: Cannot read properties of undefined (reading 'product_id')
    at C:\Users\emirh\Desktop\МОНТАЖНИКИ\aquatem_module\index.js:1475:13
    at process.processTicksAndRejections (node:internal/process/task_queues:105:5)

11.03.2025, 22:13:35 - Source: /montajniki/update_deal_handler
Error: TypeError: Cannot read properties of undefined (reading 'product_id')
    at C:\Users\emirh\Desktop\МОНТАЖНИКИ\aquatem_module\index.js:1475:13
    at process.processTicksAndRejections (node:internal/process/task_queues:105:5)

11.03.2025, 22:14:07 - Source: getDealsWithProducts
Error: Product with ID 5015 not found. Deal - 2043

11.03.2025, 22:14:07 - Source: getDealsWithProducts
Error: Product with ID 5119 not found. Deal - 2773

11.03.2025, 22:14:07 - Source: getDealsWithProducts
Error: Product with ID 5203 not found. Deal - 3507

11.03.2025, 22:14:52 - Source: getDealsWithProducts
Error: Product with ID 5015 not found. Deal - 2043

11.03.2025, 22:14:52 - Source: getDealsWithProducts
Error: Product with ID 5119 not found. Deal - 2773

11.03.2025, 22:14:52 - Source: getDealsWithProducts
Error: Product with ID 5203 not found. Deal - 3507

11.03.2025, 22:15:22 - Source: /montajniki/update_deal_handler
Error: TypeError: Cannot read properties of undefined (reading 'product_id')
    at C:\Users\emirh\Desktop\МОНТАЖНИКИ\aquatem_module\index.js:1475:13
    at process.processTicksAndRejections (node:internal/process/task_queues:105:5)

11.03.2025, 22:16:10 - Source: getDealsWithProducts
Error: Product with ID 5015 not found. Deal - 2043

11.03.2025, 22:16:10 - Source: getDealsWithProducts
Error: Product with ID 5119 not found. Deal - 2773

11.03.2025, 22:16:10 - Source: getDealsWithProducts
Error: Product with ID 5203 not found. Deal - 3507

11.03.2025, 22:16:12 - Source: getDealsWithProducts
Error: Product with ID 5015 not found. Deal - 2043

11.03.2025, 22:16:12 - Source: getDealsWithProducts
Error: Product with ID 5119 not found. Deal - 2773

11.03.2025, 22:16:12 - Source: getDealsWithProducts
Error: Product with ID 5203 not found. Deal - 3507

11.03.2025, 22:16:29 - Source: /montajniki/update_deal_handler
Error: TypeError: Cannot read properties of undefined (reading 'product_id')
    at C:\Users\emirh\Desktop\МОНТАЖНИКИ\aquatem_module\index.js:1475:13
    at process.processTicksAndRejections (node:internal/process/task_queues:105:5)

11.03.2025, 22:16:30 - Source: /montajniki/update_deal_handler
Error: TypeError: Cannot read properties of undefined (reading 'product_id')
    at C:\Users\emirh\Desktop\МОНТАЖНИКИ\aquatem_module\index.js:1475:13
    at process.processTicksAndRejections (node:internal/process/task_queues:105:5)

11.03.2025, 22:16:43 - Source: getDealsWithProducts
Error: Product with ID 5015 not found. Deal - 2043

11.03.2025, 22:16:43 - Source: getDealsWithProducts
Error: Product with ID 5119 not found. Deal - 2773

11.03.2025, 22:16:43 - Source: getDealsWithProducts
Error: Product with ID 5203 not found. Deal - 3507

11.03.2025, 22:17:25 - Source: getDealsWithProducts
Error: Product with ID 5203 not found. Deal - 3507

11.03.2025, 22:17:50 - Source: /montajniki/update_deal_handler
Error: TypeError: Cannot read properties of undefined (reading 'product_id')
    at C:\Users\emirh\Desktop\МОНТАЖНИКИ\aquatem_module\index.js:1475:13
    at process.processTicksAndRejections (node:internal/process/task_queues:105:5)

11.03.2025, 22:17:51 - Source: /montajniki/update_deal_handler
Error: TypeError: Cannot read properties of undefined (reading 'product_id')
    at C:\Users\emirh\Desktop\МОНТАЖНИКИ\aquatem_module\index.js:1475:13
    at process.processTicksAndRejections (node:internal/process/task_queues:105:5)

11.03.2025, 22:17:57 - Source: /montajniki/update_deal_handler
Error: TypeError: Cannot read properties of undefined (reading 'product_id')
    at C:\Users\emirh\Desktop\МОНТАЖНИКИ\aquatem_module\index.js:1475:13
    at process.processTicksAndRejections (node:internal/process/task_queues:105:5)

11.03.2025, 22:17:58 - Source: getDealsWithProducts
Error: Product with ID 5015 not found. Deal - 2043

11.03.2025, 22:17:58 - Source: getDealsWithProducts
Error: Product with ID 5119 not found. Deal - 2773

11.03.2025, 22:17:58 - Source: getDealsWithProducts
Error: Product with ID 5203 not found. Deal - 3507

11.03.2025, 22:18:09 - Source: /montajniki/update_deal_handler
Error: TypeError: Cannot read properties of undefined (reading 'product_id')
    at C:\Users\emirh\Desktop\МОНТАЖНИКИ\aquatem_module\index.js:1475:13
    at process.processTicksAndRejections (node:internal/process/task_queues:105:5)

11.03.2025, 22:35:30 - Source: getDealsWithProducts
Error: Product with ID 5015 not found. Deal - 2043

11.03.2025, 22:35:30 - Source: getDealsWithProducts
Error: Product with ID 5119 not found. Deal - 2773

11.03.2025, 22:35:30 - Source: getDealsWithProducts
Error: Product with ID 5203 not found. Deal - 3507

11.03.2025, 22:36:05 - Source: getDealsWithProducts
Error: Product with ID 5015 not found. Deal - 2043

11.03.2025, 22:36:05 - Source: getDealsWithProducts
Error: Product with ID 5119 not found. Deal - 2773

11.03.2025, 22:36:05 - Source: getDealsWithProducts
Error: Product with ID 5203 not found. Deal - 3507

11.03.2025, 22:36:35 - Source: getDealsWithProducts
Error: Product with ID 5015 not found. Deal - 2043

11.03.2025, 22:36:35 - Source: getDealsWithProducts
Error: Product with ID 5119 not found. Deal - 2773

11.03.2025, 22:36:35 - Source: getDealsWithProducts
Error: Product with ID 5203 not found. Deal - 3507

11.03.2025, 22:36:59 - Source: getDealsWithProducts
Error: Product with ID 5119 not found. Deal - 2773

11.03.2025, 22:36:59 - Source: getDealsWithProducts
Error: Product with ID 5015 not found. Deal - 2043

11.03.2025, 22:36:59 - Source: getDealsWithProducts
Error: Product with ID 5203 not found. Deal - 3507

11.03.2025, 22:37:41 - Source: getDealsWithProducts
Error: Product with ID 5015 not found. Deal - 2043

11.03.2025, 22:37:41 - Source: getDealsWithProducts
Error: Product with ID 5119 not found. Deal - 2773

11.03.2025, 22:37:41 - Source: getDealsWithProducts
Error: Product with ID 5203 not found. Deal - 3507

11.03.2025, 22:46:33 - Source: getDealsWithProducts
Error: Product with ID 5015 not found. Deal - 2043

11.03.2025, 22:46:33 - Source: getDealsWithProducts
Error: Product with ID 5119 not found. Deal - 2773

11.03.2025, 22:46:33 - Source: getDealsWithProducts
Error: Product with ID 5203 not found. Deal - 3507

11.03.2025, 22:46:48 - Source: getDealsWithProducts
Error: Product with ID 5203 not found. Deal - 3507

11.03.2025, 22:47:15 - Source: getDealsWithProducts
Error: Product with ID 5015 not found. Deal - 2043

11.03.2025, 22:47:15 - Source: getDealsWithProducts
Error: Product with ID 5119 not found. Deal - 2773

11.03.2025, 22:47:15 - Source: getDealsWithProducts
Error: Product with ID 5203 not found. Deal - 3507

11.03.2025, 22:49:12 - Source: getDealsWithProducts
Error: Product with ID 5015 not found. Deal - 2043

11.03.2025, 22:49:12 - Source: getDealsWithProducts
Error: Product with ID 5119 not found. Deal - 2773

11.03.2025, 22:49:12 - Source: getDealsWithProducts
Error: Product with ID 5203 not found. Deal - 3507

11.03.2025, 22:57:08 - Source: getDealsWithProducts
Error: Product with ID 5015 not found. Deal - 2043

11.03.2025, 22:57:08 - Source: getDealsWithProducts
Error: Product with ID 5203 not found. Deal - 3507

11.03.2025, 22:57:08 - Source: getDealsWithProducts
Error: Product with ID 5119 not found. Deal - 2773

11.03.2025, 22:58:01 - Source: getDealsWithProducts
Error: Product with ID 5015 not found. Deal - 2043

11.03.2025, 22:58:01 - Source: getDealsWithProducts
Error: Product with ID 5203 not found. Deal - 3507

11.03.2025, 22:58:01 - Source: getDealsWithProducts
Error: Product with ID 5119 not found. Deal - 2773

11.03.2025, 22:58:13 - Source: getDealsWithProducts
Error: Product with ID 5015 not found. Deal - 2043

11.03.2025, 22:58:13 - Source: getDealsWithProducts
Error: Product with ID 5119 not found. Deal - 2773

11.03.2025, 22:58:13 - Source: getDealsWithProducts
Error: Product with ID 5203 not found. Deal - 3507

11.03.2025, 22:58:15 - Source: getDealsWithProducts
Error: Product with ID 5015 not found. Deal - 2043

11.03.2025, 22:58:15 - Source: getDealsWithProducts
Error: Product with ID 5119 not found. Deal - 2773

11.03.2025, 22:58:15 - Source: getDealsWithProducts
Error: Product with ID 5203 not found. Deal - 3507

11.03.2025, 22:58:35 - Source: getDealsWithProducts
Error: Product with ID 5015 not found. Deal - 2043

11.03.2025, 22:58:35 - Source: getDealsWithProducts
Error: Product with ID 5119 not found. Deal - 2773

11.03.2025, 22:58:35 - Source: getDealsWithProducts
Error: Product with ID 5203 not found. Deal - 3507

11.03.2025, 22:58:50 - Source: getDealsWithProducts
Error: Product with ID 5203 not found. Deal - 3507

11.03.2025, 23:00:36 - Source: getDealsWithProducts
Error: Product with ID 5015 not found. Deal - 2043

11.03.2025, 23:00:36 - Source: getDealsWithProducts
Error: Product with ID 5119 not found. Deal - 2773

11.03.2025, 23:00:36 - Source: getDealsWithProducts
Error: Product with ID 5203 not found. Deal - 3507

11.03.2025, 23:00:56 - Source: getDealsWithProducts
Error: Product with ID 5015 not found. Deal - 2043

11.03.2025, 23:00:56 - Source: getDealsWithProducts
Error: Product with ID 5119 not found. Deal - 2773

11.03.2025, 23:00:56 - Source: getDealsWithProducts
Error: Product with ID 5203 not found. Deal - 3507

